TN:
SF:src\app\global-error.tsx
FN:5,GlobalError
FNF:1
FNH:0
FNDA:0,GlobalError
DA:5,0
LF:1
LH:0
BRF:0
BRH:0
end_of_record
TN:
SF:src\app\layout.tsx
FN:36,RootLayout
FNF:1
FNH:0
FNDA:0,RootLayout
DA:2,0
DA:3,0
DA:4,0
DA:6,0
DA:12,0
DA:19,0
DA:36,0
LF:7
LH:0
BRF:0
BRH:0
end_of_record
TN:
SF:src\app\page.tsx
FN:11,(anonymous_5)
FN:11,(anonymous_6)
FN:13,LandingPage
FNF:3
FNH:0
FNDA:0,(anonymous_5)
FNDA:0,(anonymous_6)
FNDA:0,LandingPage
DA:3,0
DA:4,0
DA:5,0
DA:6,0
DA:7,0
DA:8,0
DA:11,0
DA:13,0
DA:14,0
DA:15,0
DA:20,0
DA:21,0
LF:12
LH:0
BRF:0
BRH:0
end_of_record
TN:
SF:src\app\providers.tsx
FN:10,SettingsInitializer
FN:13,(anonymous_3)
FN:27,GlobalWhisperListener
FN:33,PresenceTracker
FN:38,Providers
FN:40,(anonymous_7)
FNF:6
FNH:0
FNDA:0,SettingsInitializer
FNDA:0,(anonymous_3)
FNDA:0,GlobalWhisperListener
FNDA:0,PresenceTracker
FNDA:0,Providers
FNDA:0,(anonymous_7)
DA:3,0
DA:4,0
DA:5,0
DA:6,0
DA:7,0
DA:8,0
DA:11,0
DA:13,0
DA:15,0
DA:16,0
DA:19,0
DA:20,0
DA:23,0
DA:28,0
DA:34,0
DA:35,0
DA:38,0
DA:39,0
DA:41,0
LF:19
LH:0
BRDA:20,0,0,0
BRDA:20,0,1,0
BRF:2
BRH:0
end_of_record
TN:
SF:src\app\achievements\page.tsx
FN:44,AchievementsPage
FN:57,(anonymous_3)
FN:93,(anonymous_4)
FN:103,(anonymous_5)
FNF:4
FNH:0
FNDA:0,AchievementsPage
FNDA:0,(anonymous_3)
FNDA:0,(anonymous_4)
FNDA:0,(anonymous_5)
DA:3,0
DA:16,0
DA:17,0
DA:18,0
DA:19,0
DA:20,0
DA:22,0
DA:33,0
DA:44,0
DA:45,0
DA:46,0
DA:47,0
DA:49,0
DA:57,0
DA:58,0
DA:94,0
DA:95,0
DA:97,0
DA:103,0
LF:19
LH:0
BRDA:49,0,0,0
BRDA:51,1,0,0
BRDA:51,1,1,0
BRDA:61,2,0,0
BRDA:61,2,1,0
BRDA:64,3,0,0
BRDA:64,3,1,0
BRDA:67,4,0,0
BRDA:67,4,1,0
BRDA:68,5,0,0
BRDA:68,5,1,0
BRDA:74,6,0,0
BRDA:74,6,1,0
BRDA:79,7,0,0
BRDA:79,7,1,0
BRDA:81,8,0,0
BRDA:81,8,1,0
BRDA:94,9,0,0
BRDA:94,9,1,0
BRDA:95,10,0,0
BRDA:95,10,1,0
BRDA:104,11,0,0
BRDA:104,11,1,0
BRDA:105,12,0,0
BRDA:105,12,1,0
BRDA:110,13,0,0
BRDA:110,13,1,0
BRDA:112,14,0,0
BRDA:112,14,1,0
BRDA:115,15,0,0
BRDA:117,16,0,0
BRDA:117,16,1,0
BRDA:121,17,0,0
BRDA:121,17,1,0
BRDA:122,18,0,0
BRDA:122,18,1,0
BRDA:125,19,0,0
BRDA:125,19,1,0
BRDA:125,19,2,0
BRDA:127,20,0,0
BRDA:127,20,1,0
BRDA:133,21,0,0
BRDA:133,21,1,0
BRDA:140,22,0,0
BRF:44
BRH:0
end_of_record
TN:
SF:src\app\admin\(dashboard)\layout.tsx
FN:10,AdminLayout
FNF:1
FNH:0
FNDA:0,AdminLayout
DA:1,0
DA:2,0
DA:3,0
DA:4,0
DA:10,0
DA:11,0
DA:13,0
DA:14,0
LF:8
LH:0
BRDA:13,0,0,0
BRF:1
BRH:0
end_of_record
TN:
SF:src\app\admin\(dashboard)\page.tsx
FN:35,AdminDashboard
FN:41,(anonymous_3)
FN:45,(anonymous_4)
FN:76,(anonymous_5)
FN:87,(anonymous_6)
FN:118,(anonymous_7)
FN:131,(anonymous_8)
FN:236,(anonymous_9)
FN:245,(anonymous_10)
FN:267,(anonymous_11)
FN:298,StatCard
FN:327,ControlCard
FN:360,ActivityIcon
FNF:13
FNH:0
FNDA:0,AdminDashboard
FNDA:0,(anonymous_3)
FNDA:0,(anonymous_4)
FNDA:0,(anonymous_5)
FNDA:0,(anonymous_6)
FNDA:0,(anonymous_7)
FNDA:0,(anonymous_8)
FNDA:0,(anonymous_9)
FNDA:0,(anonymous_10)
FNDA:0,(anonymous_11)
FNDA:0,StatCard
FNDA:0,ControlCard
FNDA:0,ActivityIcon
DA:3,0
DA:4,0
DA:18,0
DA:19,0
DA:20,0
DA:35,0
DA:36,0
DA:37,0
DA:38,0
DA:41,0
DA:42,0
DA:45,0
DA:46,0
DA:47,0
DA:55,0
DA:56,0
DA:57,0
DA:58,0
DA:59,0
DA:61,0
DA:69,0
DA:71,0
DA:76,0
DA:77,0
DA:78,0
DA:79,0
DA:85,0
DA:87,0
DA:93,0
DA:95,0
DA:99,0
DA:112,0
DA:118,0
DA:128,0
DA:131,0
DA:236,0
DA:245,0
DA:268,0
DA:299,0
DA:306,0
LF:40
LH:0
BRDA:64,0,0,0
BRDA:64,0,1,0
BRDA:65,1,0,0
BRDA:65,1,1,0
BRDA:66,2,0,0
BRDA:66,2,1,0
BRDA:85,3,0,0
BRDA:87,4,0,0
BRDA:87,4,1,0
BRDA:99,5,0,0
BRDA:112,6,0,0
BRDA:131,7,0,0
BRDA:131,7,1,0
BRDA:132,8,0,0
BRDA:132,8,1,0
BRDA:133,9,0,0
BRDA:133,9,1,0
BRDA:166,10,0,0
BRDA:166,10,1,0
BRDA:167,11,0,0
BRDA:167,11,1,0
BRDA:174,12,0,0
BRDA:174,12,1,0
BRDA:177,13,0,0
BRDA:177,13,1,0
BRDA:181,14,0,0
BRDA:181,14,1,0
BRDA:184,15,0,0
BRDA:184,15,1,0
BRDA:220,16,0,0
BRDA:235,17,0,0
BRDA:235,17,1,0
BRDA:245,18,0,0
BRDA:245,18,1,0
BRDA:264,19,0,0
BRDA:264,19,1,0
BRDA:275,20,0,0
BRDA:275,20,1,0
BRDA:275,20,2,0
BRDA:306,21,0,0
BRDA:306,21,1,0
BRDA:316,22,0,0
BRDA:316,22,1,0
BRDA:317,23,0,0
BRDA:320,24,0,0
BRDA:329,25,0,0
BRDA:329,25,1,0
BRDA:329,26,0,0
BRDA:329,26,1,0
BRDA:332,27,0,0
BRDA:332,27,1,0
BRDA:332,28,0,0
BRDA:332,28,1,0
BRDA:337,29,0,0
BRDA:337,29,1,0
BRDA:337,30,0,0
BRDA:337,30,1,0
BRDA:342,31,0,0
BRDA:347,32,0,0
BRDA:347,32,1,0
BRDA:348,33,0,0
BRDA:348,33,1,0
BRDA:352,34,0,0
BRDA:352,34,1,0
BRDA:362,35,0,0
BRDA:362,35,1,0
BRDA:363,36,0,0
BRDA:363,36,1,0
BRF:68
BRH:0
end_of_record
TN:
SF:src\app\admin\(dashboard)\analytics\page.tsx
FN:23,AdminAnalyticsPage
FN:27,(anonymous_2)
FN:31,(anonymous_3)
FN:212,(anonymous_4)
FN:213,(anonymous_5)
FNF:5
FNH:0
FNDA:0,AdminAnalyticsPage
FNDA:0,(anonymous_2)
FNDA:0,(anonymous_3)
FNDA:0,(anonymous_4)
FNDA:0,(anonymous_5)
DA:3,0
DA:4,0
DA:5,0
DA:14,0
DA:23,0
DA:24,0
DA:25,0
DA:27,0
DA:28,0
DA:31,0
DA:32,0
DA:33,0
DA:34,0
DA:35,0
DA:36,0
DA:39,0
DA:41,0
DA:45,0
DA:54,0
DA:55,0
DA:56,0
DA:59,0
DA:212,0
DA:214,0
DA:215,0
LF:25
LH:0
BRDA:34,0,0,0
BRDA:45,1,0,0
BRDA:54,2,0,0
BRDA:54,2,1,0
BRDA:55,3,0,0
BRDA:55,3,1,0
BRDA:56,4,0,0
BRDA:56,4,1,0
BRDA:59,5,0,0
BRDA:59,5,1,0
BRDA:151,6,0,0
BRDA:151,6,1,0
BRDA:164,7,0,0
BRDA:164,7,1,0
BRDA:164,8,0,0
BRDA:164,8,1,0
BRDA:185,9,0,0
BRDA:185,9,1,0
BRDA:191,10,0,0
BRDA:191,10,1,0
BRDA:191,11,0,0
BRDA:191,11,1,0
BRDA:192,12,0,0
BRDA:192,12,1,0
BRDA:192,13,0,0
BRDA:192,13,1,0
BRDA:210,14,0,0
BRDA:209,15,0,0
BRDA:209,15,1,0
BRF:29
BRH:0
end_of_record
TN:
SF:src\app\admin\(dashboard)\content\page.tsx
FN:39,AdminContentPage
FN:54,(anonymous_2)
FN:58,(anonymous_3)
FN:73,(anonymous_4)
FN:94,(anonymous_5)
FN:107,(anonymous_6)
FN:120,(anonymous_7)
FN:133,(anonymous_8)
FN:144,(anonymous_9)
FN:154,(anonymous_10)
FN:158,(anonymous_11)
FN:189,(anonymous_12)
FN:198,(anonymous_13)
FN:208,(anonymous_14)
FN:218,(anonymous_15)
FN:228,(anonymous_16)
FN:266,(anonymous_17)
FN:291,(anonymous_18)
FN:299,(anonymous_19)
FNF:19
FNH:0
FNDA:0,AdminContentPage
FNDA:0,(anonymous_2)
FNDA:0,(anonymous_3)
FNDA:0,(anonymous_4)
FNDA:0,(anonymous_5)
FNDA:0,(anonymous_6)
FNDA:0,(anonymous_7)
FNDA:0,(anonymous_8)
FNDA:0,(anonymous_9)
FNDA:0,(anonymous_10)
FNDA:0,(anonymous_11)
FNDA:0,(anonymous_12)
FNDA:0,(anonymous_13)
FNDA:0,(anonymous_14)
FNDA:0,(anonymous_15)
FNDA:0,(anonymous_16)
FNDA:0,(anonymous_17)
FNDA:0,(anonymous_18)
FNDA:0,(anonymous_19)
DA:3,0
DA:4,0
DA:5,0
DA:6,0
DA:7,0
DA:18,0
DA:32,0
DA:39,0
DA:40,0
DA:41,0
DA:42,0
DA:43,0
DA:44,0
DA:45,0
DA:54,0
DA:55,0
DA:58,0
DA:59,0
DA:60,0
DA:61,0
DA:62,0
DA:63,0
DA:64,0
DA:67,0
DA:69,0
DA:73,0
DA:74,0
DA:75,0
DA:76,0
DA:77,0
DA:79,0
DA:85,0
DA:86,0
DA:87,0
DA:90,0
DA:94,0
DA:95,0
DA:97,0
DA:98,0
DA:99,0
DA:100,0
DA:103,0
DA:107,0
DA:108,0
DA:109,0
DA:110,0
DA:120,0
DA:121,0
DA:122,0
DA:130,0
DA:133,0
DA:144,0
DA:155,0
DA:158,0
DA:189,0
DA:198,0
DA:208,0
DA:218,0
DA:228,0
DA:267,0
DA:291,0
DA:299,0
LF:62
LH:0
BRDA:62,0,0,0
BRDA:76,1,0,0
BRDA:76,1,1,0
BRDA:77,2,0,0
BRDA:77,2,1,0
BRDA:85,3,0,0
BRDA:95,4,0,0
BRDA:99,5,0,0
BRDA:124,6,0,0
BRDA:124,6,1,0
BRDA:125,7,0,0
BRDA:125,7,1,0
BRDA:127,8,0,0
BRDA:127,8,1,0
BRDA:157,9,0,0
BRDA:157,9,1,0
BRDA:159,10,0,0
BRDA:159,10,1,0
BRDA:172,11,0,0
BRDA:176,12,0,0
BRDA:176,12,1,0
BRDA:237,13,0,0
BRDA:237,13,1,0
BRDA:252,14,0,0
BRDA:253,15,0,0
BRDA:253,15,1,0
BRDA:259,16,0,0
BRDA:263,17,0,0
BRDA:269,18,0,0
BRDA:269,18,1,0
BRDA:276,19,0,0
BRDA:280,20,0,0
BRDA:285,21,0,0
BRDA:285,21,1,0
BRDA:286,22,0,0
BRDA:286,22,1,0
BRF:36
BRH:0
end_of_record
TN:
SF:src\app\admin\(dashboard)\couples\page.tsx
FN:39,AdminCouplesPage
FN:47,(anonymous_2)
FN:52,(anonymous_3)
FN:53,(anonymous_4)
FN:56,(anonymous_5)
FN:61,(anonymous_6)
FN:71,(anonymous_7)
FN:71,(anonymous_8)
FN:81,(anonymous_9)
FN:91,(anonymous_10)
FN:91,(anonymous_11)
FN:101,(anonymous_12)
FN:120,(anonymous_13)
FN:132,(anonymous_14)
FN:145,(anonymous_15)
FN:172,(anonymous_16)
FN:182,(anonymous_17)
FN:185,(anonymous_18)
FN:199,(anonymous_19)
FN:212,(anonymous_20)
FN:287,(anonymous_21)
FN:303,(anonymous_22)
FN:307,(anonymous_23)
FN:314,(anonymous_24)
FN:322,(anonymous_25)
FN:345,(anonymous_26)
FN:345,(anonymous_27)
FN:356,(anonymous_28)
FN:356,(anonymous_29)
FNF:29
FNH:0
FNDA:0,AdminCouplesPage
FNDA:0,(anonymous_2)
FNDA:0,(anonymous_3)
FNDA:0,(anonymous_4)
FNDA:0,(anonymous_5)
FNDA:0,(anonymous_6)
FNDA:0,(anonymous_7)
FNDA:0,(anonymous_8)
FNDA:0,(anonymous_9)
FNDA:0,(anonymous_10)
FNDA:0,(anonymous_11)
FNDA:0,(anonymous_12)
FNDA:0,(anonymous_13)
FNDA:0,(anonymous_14)
FNDA:0,(anonymous_15)
FNDA:0,(anonymous_16)
FNDA:0,(anonymous_17)
FNDA:0,(anonymous_18)
FNDA:0,(anonymous_19)
FNDA:0,(anonymous_20)
FNDA:0,(anonymous_21)
FNDA:0,(anonymous_22)
FNDA:0,(anonymous_23)
FNDA:0,(anonymous_24)
FNDA:0,(anonymous_25)
FNDA:0,(anonymous_26)
FNDA:0,(anonymous_27)
FNDA:0,(anonymous_28)
FNDA:0,(anonymous_29)
DA:3,0
DA:4,0
DA:20,0
DA:39,0
DA:40,0
DA:41,0
DA:42,0
DA:43,0
DA:44,0
DA:45,0
DA:47,0
DA:48,0
DA:52,0
DA:53,0
DA:54,0
DA:55,0
DA:56,0
DA:61,0
DA:62,0
DA:63,0
DA:64,0
DA:65,0
DA:70,0
DA:71,0
DA:74,0
DA:76,0
DA:77,0
DA:81,0
DA:82,0
DA:83,0
DA:84,0
DA:85,0
DA:90,0
DA:91,0
DA:94,0
DA:96,0
DA:97,0
DA:101,0
DA:102,0
DA:103,0
DA:104,0
DA:109,0
DA:110,0
DA:113,0
DA:115,0
DA:116,0
DA:120,0
DA:121,0
DA:122,0
DA:123,0
DA:128,0
DA:130,0
DA:131,0
DA:132,0
DA:133,0
DA:135,0
DA:136,0
DA:137,0
DA:139,0
DA:141,0
DA:145,0
DA:146,0
DA:148,0
DA:150,0
DA:152,0
DA:154,0
DA:172,0
DA:183,0
DA:185,0
DA:200,0
DA:213,0
DA:288,0
DA:289,0
DA:303,0
DA:307,0
DA:314,0
DA:322,0
DA:345,0
DA:356,0
LF:79
LH:0
BRDA:54,0,0,0
BRDA:62,1,0,0
BRDA:70,2,0,0
BRDA:71,3,0,0
BRDA:71,3,1,0
BRDA:82,4,0,0
BRDA:90,5,0,0
BRDA:91,6,0,0
BRDA:91,6,1,0
BRDA:109,7,0,0
BRDA:128,8,0,0
BRDA:131,9,0,0
BRDA:133,10,0,0
BRDA:133,10,1,0
BRDA:146,11,0,0
BRDA:146,11,1,0
BRDA:146,11,2,0
BRDA:146,11,3,0
BRDA:186,12,0,0
BRDA:186,12,1,0
BRDA:191,13,0,0
BRDA:191,13,1,0
BRDA:198,14,0,0
BRDA:204,15,0,0
BRDA:232,16,0,0
BRDA:234,17,0,0
BRDA:234,17,1,0
BRDA:237,18,0,0
BRDA:237,18,1,0
BRDA:244,19,0,0
BRDA:246,20,0,0
BRDA:246,20,1,0
BRDA:249,21,0,0
BRDA:249,21,1,0
BRDA:289,22,0,0
BRDA:289,22,1,0
BRDA:294,23,0,0
BRDA:300,24,0,0
BRDA:341,25,0,0
BRF:39
BRH:0
end_of_record
TN:
SF:src\app\admin\(dashboard)\games\page.tsx
FN:49,AdminGamesPage
FN:64,(anonymous_2)
FN:68,(anonymous_3)
FN:84,(anonymous_4)
FN:85,(anonymous_5)
FN:85,(anonymous_6)
FN:89,(anonymous_7)
FN:90,(anonymous_8)
FN:90,(anonymous_9)
FN:94,(anonymous_10)
FN:153,(anonymous_11)
FN:159,(anonymous_12)
FN:167,(anonymous_13)
FN:215,(anonymous_14)
FN:225,(anonymous_15)
FNF:15
FNH:0
FNDA:0,AdminGamesPage
FNDA:0,(anonymous_2)
FNDA:0,(anonymous_3)
FNDA:0,(anonymous_4)
FNDA:0,(anonymous_5)
FNDA:0,(anonymous_6)
FNDA:0,(anonymous_7)
FNDA:0,(anonymous_8)
FNDA:0,(anonymous_9)
FNDA:0,(anonymous_10)
FNDA:0,(anonymous_11)
FNDA:0,(anonymous_12)
FNDA:0,(anonymous_13)
FNDA:0,(anonymous_14)
FNDA:0,(anonymous_15)
DA:3,0
DA:4,0
DA:5,0
DA:6,0
DA:22,0
DA:23,0
DA:37,0
DA:49,0
DA:50,0
DA:60,0
DA:61,0
DA:62,0
DA:64,0
DA:65,0
DA:68,0
DA:69,0
DA:70,0
DA:71,0
DA:72,0
DA:73,0
DA:74,0
DA:78,0
DA:80,0
DA:84,0
DA:85,0
DA:86,0
DA:89,0
DA:90,0
DA:91,0
DA:94,0
DA:95,0
DA:96,0
DA:97,0
DA:102,0
DA:103,0
DA:104,0
DA:107,0
DA:108,0
DA:110,0
DA:114,0
DA:153,0
DA:159,0
DA:168,0
DA:169,0
DA:215,0
DA:225,0
LF:46
LH:0
BRDA:71,0,0,0
BRDA:73,1,0,0
BRDA:85,2,0,0
BRDA:85,2,1,0
BRDA:90,3,0,0
BRDA:90,3,1,0
BRDA:102,4,0,0
BRDA:114,5,0,0
BRDA:135,6,0,0
BRDA:135,6,1,0
BRDA:136,7,0,0
BRDA:136,7,1,0
BRDA:138,8,0,0
BRDA:168,9,0,0
BRDA:168,9,1,0
BRDA:176,10,0,0
BRDA:176,10,1,0
BRDA:181,11,0,0
BRDA:192,12,0,0
BRDA:192,12,1,0
BRDA:196,13,0,0
BRDA:196,13,1,0
BRDA:199,14,0,0
BRDA:199,14,1,0
BRDA:216,15,0,0
BRDA:216,15,1,0
BRDA:221,16,0,0
BRDA:222,17,0,0
BRDA:222,17,1,0
BRDA:226,18,0,0
BRDA:226,18,1,0
BRDA:232,19,0,0
BRDA:232,19,1,0
BRF:33
BRH:0
end_of_record
TN:
SF:src\app\admin\(dashboard)\journeys\page.tsx
FN:40,AdminJourneysPage
FN:51,(anonymous_2)
FN:55,(anonymous_3)
FN:71,(anonymous_4)
FN:72,(anonymous_5)
FN:72,(anonymous_6)
FN:76,(anonymous_7)
FN:77,(anonymous_8)
FN:77,(anonymous_9)
FN:81,(anonymous_10)
FN:140,(anonymous_11)
FN:146,(anonymous_12)
FN:154,(anonymous_13)
FN:208,(anonymous_14)
FN:218,(anonymous_15)
FN:228,(anonymous_16)
FNF:16
FNH:0
FNDA:0,AdminJourneysPage
FNDA:0,(anonymous_2)
FNDA:0,(anonymous_3)
FNDA:0,(anonymous_4)
FNDA:0,(anonymous_5)
FNDA:0,(anonymous_6)
FNDA:0,(anonymous_7)
FNDA:0,(anonymous_8)
FNDA:0,(anonymous_9)
FNDA:0,(anonymous_10)
FNDA:0,(anonymous_11)
FNDA:0,(anonymous_12)
FNDA:0,(anonymous_13)
FNDA:0,(anonymous_14)
FNDA:0,(anonymous_15)
FNDA:0,(anonymous_16)
DA:3,0
DA:4,0
DA:5,0
DA:6,0
DA:19,0
DA:20,0
DA:34,0
DA:40,0
DA:41,0
DA:46,0
DA:47,0
DA:48,0
DA:49,0
DA:51,0
DA:52,0
DA:55,0
DA:56,0
DA:57,0
DA:58,0
DA:59,0
DA:60,0
DA:61,0
DA:65,0
DA:67,0
DA:71,0
DA:72,0
DA:73,0
DA:76,0
DA:77,0
DA:78,0
DA:81,0
DA:82,0
DA:83,0
DA:84,0
DA:89,0
DA:90,0
DA:91,0
DA:94,0
DA:95,0
DA:97,0
DA:101,0
DA:140,0
DA:146,0
DA:155,0
DA:156,0
DA:158,0
DA:208,0
DA:218,0
DA:228,0
LF:49
LH:0
BRDA:58,0,0,0
BRDA:60,1,0,0
BRDA:72,2,0,0
BRDA:72,2,1,0
BRDA:77,3,0,0
BRDA:77,3,1,0
BRDA:89,4,0,0
BRDA:101,5,0,0
BRDA:122,6,0,0
BRDA:122,6,1,0
BRDA:123,7,0,0
BRDA:123,7,1,0
BRDA:125,8,0,0
BRDA:155,9,0,0
BRDA:155,9,1,0
BRDA:165,10,0,0
BRDA:165,10,1,0
BRDA:173,11,0,0
BRDA:173,11,1,0
BRDA:177,12,0,0
BRDA:177,12,1,0
BRDA:183,13,0,0
BRDA:183,13,1,0
BRDA:186,14,0,0
BRDA:209,15,0,0
BRDA:209,15,1,0
BRDA:214,16,0,0
BRDA:215,17,0,0
BRDA:215,17,1,0
BRDA:219,18,0,0
BRDA:219,18,1,0
BRDA:225,19,0,0
BRDA:225,19,1,0
BRDA:228,20,0,0
BRDA:228,20,1,0
BRDA:231,21,0,0
BRDA:237,22,0,0
BRF:37
BRH:0
end_of_record
TN:
SF:src\app\admin\(dashboard)\logs\page.tsx
FN:113,StatCard
FN:143,LogRow
FN:160,(anonymous_3)
FN:222,(anonymous_4)
FN:244,LogDetailsModal
FN:258,(anonymous_6)
FN:386,SessionFlowView
FN:391,(anonymous_8)
FN:401,(anonymous_9)
FN:402,(anonymous_10)
FN:417,(anonymous_11)
FN:463,(anonymous_12)
FN:485,(anonymous_13)
FN:583,AdminLogsPage
FN:604,(anonymous_15)
FN:610,(anonymous_16)
FN:622,(anonymous_17)
FN:646,(anonymous_18)
FN:662,(anonymous_19)
FN:668,(anonymous_20)
FN:670,(anonymous_21)
FN:674,(anonymous_22)
FN:677,(anonymous_23)
FN:679,(anonymous_24)
FN:699,(anonymous_25)
FN:705,(anonymous_26)
FN:753,(anonymous_27)
FN:753,(anonymous_28)
FN:761,(anonymous_29)
FN:761,(anonymous_30)
FN:765,(anonymous_31)
FN:772,(anonymous_32)
FN:772,(anonymous_33)
FN:815,(anonymous_34)
FN:832,(anonymous_35)
FN:832,(anonymous_36)
FN:843,(anonymous_37)
FN:843,(anonymous_38)
FN:855,(anonymous_39)
FN:865,(anonymous_40)
FNF:40
FNH:0
FNDA:0,StatCard
FNDA:0,LogRow
FNDA:0,(anonymous_3)
FNDA:0,(anonymous_4)
FNDA:0,LogDetailsModal
FNDA:0,(anonymous_6)
FNDA:0,SessionFlowView
FNDA:0,(anonymous_8)
FNDA:0,(anonymous_9)
FNDA:0,(anonymous_10)
FNDA:0,(anonymous_11)
FNDA:0,(anonymous_12)
FNDA:0,(anonymous_13)
FNDA:0,AdminLogsPage
FNDA:0,(anonymous_15)
FNDA:0,(anonymous_16)
FNDA:0,(anonymous_17)
FNDA:0,(anonymous_18)
FNDA:0,(anonymous_19)
FNDA:0,(anonymous_20)
FNDA:0,(anonymous_21)
FNDA:0,(anonymous_22)
FNDA:0,(anonymous_23)
FNDA:0,(anonymous_24)
FNDA:0,(anonymous_25)
FNDA:0,(anonymous_26)
FNDA:0,(anonymous_27)
FNDA:0,(anonymous_28)
FNDA:0,(anonymous_29)
FNDA:0,(anonymous_30)
FNDA:0,(anonymous_31)
FNDA:0,(anonymous_32)
FNDA:0,(anonymous_33)
FNDA:0,(anonymous_34)
FNDA:0,(anonymous_35)
FNDA:0,(anonymous_36)
FNDA:0,(anonymous_37)
FNDA:0,(anonymous_38)
FNDA:0,(anonymous_39)
FNDA:0,(anonymous_40)
DA:3,0
DA:4,0
DA:5,0
DA:6,0
DA:7,0
DA:8,0
DA:35,0
DA:96,0
DA:148,0
DA:149,0
DA:150,0
DA:160,0
DA:223,0
DA:224,0
DA:258,0
DA:388,0
DA:389,0
DA:391,0
DA:392,0
DA:393,0
DA:394,0
DA:395,0
DA:397,0
DA:401,0
DA:402,0
DA:417,0
DA:464,0
DA:486,0
DA:487,0
DA:489,0
DA:583,0
DA:584,0
DA:585,0
DA:586,0
DA:587,0
DA:588,0
DA:589,0
DA:590,0
DA:591,0
DA:592,0
DA:593,0
DA:595,0
DA:604,0
DA:605,0
DA:606,0
DA:607,0
DA:608,0
DA:609,0
DA:610,0
DA:611,0
DA:613,0
DA:616,0
DA:618,0
DA:622,0
DA:623,0
DA:624,0
DA:625,0
DA:626,0
DA:627,0
DA:628,0
DA:629,0
DA:630,0
DA:631,0
DA:633,0
DA:634,0
DA:635,0
DA:636,0
DA:637,0
DA:640,0
DA:642,0
DA:646,0
DA:647,0
DA:648,0
DA:653,0
DA:654,0
DA:655,0
DA:658,0
DA:662,0
DA:663,0
DA:664,0
DA:668,0
DA:669,0
DA:670,0
DA:671,0
DA:672,0
DA:674,0
DA:677,0
DA:678,0
DA:679,0
DA:680,0
DA:683,0
DA:699,0
DA:705,0
DA:753,0
DA:761,0
DA:766,0
DA:772,0
DA:816,0
DA:832,0
DA:843,0
DA:855,0
DA:866,0
DA:867,0
LF:103
LH:0
BRDA:131,0,0,0
BRDA:148,1,0,0
BRDA:148,1,1,0
BRDA:156,2,0,0
BRDA:156,2,1,0
BRDA:175,3,0,0
BRDA:183,4,0,0
BRDA:189,5,0,0
BRDA:195,6,0,0
BRDA:203,7,0,0
BRDA:220,8,0,0
BRDA:220,8,1,0
BRDA:232,9,0,0
BRDA:271,10,0,0
BRDA:283,11,0,0
BRDA:283,11,1,0
BRDA:287,12,0,0
BRDA:287,12,1,0
BRDA:291,13,0,0
BRDA:291,13,1,0
BRDA:295,14,0,0
BRDA:295,14,1,0
BRDA:299,15,0,0
BRDA:299,15,1,0
BRDA:303,16,0,0
BRDA:303,16,1,0
BRDA:308,17,0,0
BRDA:308,17,1,0
BRDA:320,18,0,0
BRDA:320,18,1,0
BRDA:330,19,0,0
BRDA:330,19,1,0
BRDA:340,20,0,0
BRDA:345,21,0,0
BRDA:350,22,0,0
BRDA:353,23,0,0
BRDA:362,24,0,0
BRDA:362,24,1,0
BRDA:392,25,0,0
BRDA:392,25,1,0
BRDA:393,26,0,0
BRDA:393,26,1,0
BRDA:402,27,0,0
BRDA:402,27,1,0
BRDA:442,28,0,0
BRDA:479,29,0,0
BRDA:479,29,1,0
BRDA:486,30,0,0
BRDA:486,30,1,0
BRDA:495,31,0,0
BRDA:495,31,1,0
BRDA:514,32,0,0
BRDA:518,33,0,0
BRDA:523,34,0,0
BRDA:535,35,0,0
BRDA:549,36,0,0
BRDA:568,37,0,0
BRDA:568,37,1,0
BRDA:608,38,0,0
BRDA:627,39,0,0
BRDA:628,40,0,0
BRDA:629,41,0,0
BRDA:630,42,0,0
BRDA:631,43,0,0
BRDA:634,44,0,0
BRDA:653,45,0,0
BRDA:669,46,0,0
BRDA:700,47,0,0
BRDA:700,47,1,0
BRDA:702,48,0,0
BRDA:702,48,1,0
BRDA:703,49,0,0
BRDA:703,49,1,0
BRDA:716,50,0,0
BRDA:716,50,1,0
BRDA:722,51,0,0
BRDA:722,51,1,0
BRDA:725,52,0,0
BRDA:725,52,1,0
BRDA:729,53,0,0
BRDA:729,53,1,0
BRDA:736,54,0,0
BRDA:736,54,1,0
BRDA:771,55,0,0
BRDA:771,55,1,0
BRDA:774,56,0,0
BRDA:774,56,1,0
BRDA:805,57,0,0
BRDA:805,57,1,0
BRDA:809,58,0,0
BRDA:809,58,1,0
BRDA:828,59,0,0
BRDA:854,60,0,0
BRDA:861,61,0,0
BRDA:861,61,1,0
BRDA:874,62,0,0
BRF:96
BRH:0
end_of_record
TN:
SF:src\app\admin\(dashboard)\settings\page.tsx
FN:32,AdminSettingsPage
FN:84,(anonymous_2)
FN:88,(anonymous_3)
FN:94,(anonymous_4)
FN:97,(anonymous_5)
FN:98,(anonymous_6)
FN:115,(anonymous_7)
FN:116,(anonymous_8)
FN:132,(anonymous_9)
FN:133,(anonymous_10)
FN:147,(anonymous_11)
FN:152,(anonymous_12)
FN:153,(anonymous_13)
FN:209,(anonymous_14)
FN:221,(anonymous_15)
FN:232,(anonymous_16)
FN:245,(anonymous_17)
FNF:17
FNH:0
FNDA:0,AdminSettingsPage
FNDA:0,(anonymous_2)
FNDA:0,(anonymous_3)
FNDA:0,(anonymous_4)
FNDA:0,(anonymous_5)
FNDA:0,(anonymous_6)
FNDA:0,(anonymous_7)
FNDA:0,(anonymous_8)
FNDA:0,(anonymous_9)
FNDA:0,(anonymous_10)
FNDA:0,(anonymous_11)
FNDA:0,(anonymous_12)
FNDA:0,(anonymous_13)
FNDA:0,(anonymous_14)
FNDA:0,(anonymous_15)
FNDA:0,(anonymous_16)
FNDA:0,(anonymous_17)
DA:3,0
DA:4,0
DA:5,0
DA:6,0
DA:16,0
DA:32,0
DA:33,0
DA:34,0
DA:35,0
DA:84,0
DA:85,0
DA:88,0
DA:89,0
DA:90,0
DA:91,0
DA:92,0
DA:93,0
DA:94,0
DA:95,0
DA:97,0
DA:98,0
DA:99,0
DA:100,0
DA:104,0
DA:109,0
DA:111,0
DA:115,0
DA:116,0
DA:117,0
DA:118,0
DA:119,0
DA:121,0
DA:122,0
DA:125,0
DA:126,0
DA:127,0
DA:128,0
DA:132,0
DA:133,0
DA:134,0
DA:135,0
DA:136,0
DA:138,0
DA:140,0
DA:141,0
DA:142,0
DA:143,0
DA:147,0
DA:148,0
DA:149,0
DA:151,0
DA:152,0
DA:153,0
DA:154,0
DA:158,0
DA:164,0
DA:165,0
DA:170,0
DA:171,0
DA:173,0
DA:177,0
DA:210,0
DA:222,0
DA:232,0
DA:245,0
LF:65
LH:0
BRDA:91,0,0,0
BRDA:93,1,0,0
BRDA:99,2,0,0
BRDA:121,3,0,0
BRDA:138,4,0,0
BRDA:138,4,1,0
BRDA:164,5,0,0
BRDA:177,6,0,0
BRDA:199,7,0,0
BRDA:230,8,0,0
BRDA:230,8,1,0
BRDA:233,9,0,0
BRDA:233,9,1,0
BRDA:237,10,0,0
BRDA:237,10,1,0
BRDA:241,11,0,0
BRDA:241,11,1,0
BRF:17
BRH:0
end_of_record
TN:
SF:src\app\admin\(dashboard)\subscriptions\page.tsx
FN:99,StatCard
FN:125,AdminSubscriptionsPage
FN:156,(anonymous_3)
FN:160,(anonymous_4)
FN:173,(anonymous_5)
FN:208,(anonymous_6)
FN:216,(anonymous_7)
FN:216,(anonymous_8)
FN:225,(anonymous_9)
FN:249,(anonymous_10)
FN:273,(anonymous_11)
FN:296,(anonymous_12)
FN:306,(anonymous_13)
FN:312,(anonymous_14)
FN:312,(anonymous_15)
FN:405,(anonymous_16)
FN:419,(anonymous_17)
FN:476,(anonymous_18)
FN:496,(anonymous_19)
FN:516,(anonymous_20)
FN:554,(anonymous_21)
FN:573,(anonymous_22)
FN:617,(anonymous_23)
FN:626,(anonymous_24)
FN:635,(anonymous_25)
FN:644,(anonymous_26)
FN:668,(anonymous_27)
FN:695,(anonymous_28)
FN:741,(anonymous_29)
FNF:29
FNH:0
FNDA:0,StatCard
FNDA:0,AdminSubscriptionsPage
FNDA:0,(anonymous_3)
FNDA:0,(anonymous_4)
FNDA:0,(anonymous_5)
FNDA:0,(anonymous_6)
FNDA:0,(anonymous_7)
FNDA:0,(anonymous_8)
FNDA:0,(anonymous_9)
FNDA:0,(anonymous_10)
FNDA:0,(anonymous_11)
FNDA:0,(anonymous_12)
FNDA:0,(anonymous_13)
FNDA:0,(anonymous_14)
FNDA:0,(anonymous_15)
FNDA:0,(anonymous_16)
FNDA:0,(anonymous_17)
FNDA:0,(anonymous_18)
FNDA:0,(anonymous_19)
FNDA:0,(anonymous_20)
FNDA:0,(anonymous_21)
FNDA:0,(anonymous_22)
FNDA:0,(anonymous_23)
FNDA:0,(anonymous_24)
FNDA:0,(anonymous_25)
FNDA:0,(anonymous_26)
FNDA:0,(anonymous_27)
FNDA:0,(anonymous_28)
FNDA:0,(anonymous_29)
DA:3,0
DA:4,0
DA:5,0
DA:6,0
DA:7,0
DA:32,0
DA:33,0
DA:87,0
DA:125,0
DA:126,0
DA:127,0
DA:130,0
DA:133,0
DA:134,0
DA:135,0
DA:142,0
DA:150,0
DA:156,0
DA:157,0
DA:160,0
DA:161,0
DA:163,0
DA:164,0
DA:165,0
DA:166,0
DA:170,0
DA:171,0
DA:172,0
DA:173,0
DA:177,0
DA:178,0
DA:179,0
DA:180,0
DA:184,0
DA:185,0
DA:186,0
DA:187,0
DA:188,0
DA:194,0
DA:202,0
DA:204,0
DA:208,0
DA:209,0
DA:210,0
DA:215,0
DA:216,0
DA:217,0
DA:221,0
DA:225,0
DA:226,0
DA:227,0
DA:228,0
DA:239,0
DA:240,0
DA:242,0
DA:243,0
DA:245,0
DA:249,0
DA:250,0
DA:251,0
DA:252,0
DA:263,0
DA:264,0
DA:266,0
DA:267,0
DA:269,0
DA:273,0
DA:274,0
DA:276,0
DA:277,0
DA:278,0
DA:279,0
DA:280,0
DA:282,0
DA:294,0
DA:295,0
DA:296,0
DA:297,0
DA:300,0
DA:302,0
DA:306,0
DA:307,0
DA:308,0
DA:311,0
DA:312,0
DA:315,0
DA:319,0
DA:405,0
DA:419,0
DA:476,0
DA:496,0
DA:516,0
DA:555,0
DA:556,0
DA:573,0
DA:617,0
DA:626,0
DA:635,0
DA:644,0
DA:669,0
DA:695,0
DA:742,0
LF:102
LH:0
BRDA:112,0,0,0
BRDA:112,0,1,0
BRDA:164,1,0,0
BRDA:171,2,0,0
BRDA:173,3,0,0
BRDA:173,3,1,0
BRDA:178,4,0,0
BRDA:180,5,0,0
BRDA:180,5,1,0
BRDA:185,6,0,0
BRDA:187,7,0,0
BRDA:189,8,0,0
BRDA:189,8,1,0
BRDA:190,9,0,0
BRDA:190,9,1,0
BRDA:191,10,0,0
BRDA:191,10,1,0
BRDA:195,11,0,0
BRDA:195,11,1,0
BRDA:196,12,0,0
BRDA:196,12,1,0
BRDA:197,13,0,0
BRDA:197,13,1,0
BRDA:215,14,0,0
BRDA:217,15,0,0
BRDA:217,15,1,0
BRDA:239,16,0,0
BRDA:263,17,0,0
BRDA:274,18,0,0
BRDA:274,19,0,0
BRDA:274,19,1,0
BRDA:290,20,0,0
BRDA:290,20,1,0
BRDA:294,21,0,0
BRDA:311,22,0,0
BRDA:319,23,0,0
BRDA:348,24,0,0
BRDA:348,24,1,0
BRDA:356,25,0,0
BRDA:356,25,1,0
BRDA:364,26,0,0
BRDA:364,26,1,0
BRDA:372,27,0,0
BRDA:372,27,1,0
BRDA:435,28,0,0
BRDA:528,29,0,0
BRDA:536,30,0,0
BRDA:555,31,0,0
BRDA:555,31,1,0
BRDA:566,32,0,0
BRDA:566,32,1,0
BRDA:572,33,0,0
BRDA:572,33,1,0
BRDA:577,34,0,0
BRDA:577,34,1,0
BRDA:651,35,0,0
BRDA:651,35,1,0
BRDA:662,36,0,0
BRDA:662,36,1,0
BRDA:680,37,0,0
BRDA:734,38,0,0
BRDA:734,38,1,0
BRDA:734,39,0,0
BRDA:734,39,1,0
BRDA:752,40,0,0
BRDA:752,40,1,0
BRDA:752,40,2,0
BRDA:755,41,0,0
BRDA:755,41,1,0
BRDA:765,42,0,0
BRDA:765,42,1,0
BRDA:766,43,0,0
BRDA:766,43,1,0
BRF:73
BRH:0
end_of_record
TN:
SF:src\app\admin\(dashboard)\users\page.tsx
FN:46,AdminUsersPage
FN:54,(anonymous_2)
FN:59,(anonymous_3)
FN:60,(anonymous_4)
FN:63,(anonymous_5)
FN:67,(anonymous_6)
FN:77,(anonymous_7)
FN:91,(anonymous_8)
FN:100,(anonymous_9)
FN:100,(anonymous_10)
FN:110,(anonymous_11)
FN:119,(anonymous_12)
FN:119,(anonymous_13)
FN:129,(anonymous_14)
FN:148,(anonymous_15)
FN:167,(anonymous_16)
FN:169,(anonymous_17)
FN:188,(anonymous_18)
FN:207,(anonymous_19)
FN:255,(anonymous_20)
FN:307,(anonymous_21)
FN:323,(anonymous_22)
FN:331,(anonymous_23)
FN:343,(anonymous_24)
FN:357,(anonymous_25)
FN:366,(anonymous_26)
FN:394,(anonymous_27)
FN:394,(anonymous_28)
FN:404,(anonymous_29)
FN:404,(anonymous_30)
FNF:30
FNH:0
FNDA:0,AdminUsersPage
FNDA:0,(anonymous_2)
FNDA:0,(anonymous_3)
FNDA:0,(anonymous_4)
FNDA:0,(anonymous_5)
FNDA:0,(anonymous_6)
FNDA:0,(anonymous_7)
FNDA:0,(anonymous_8)
FNDA:0,(anonymous_9)
FNDA:0,(anonymous_10)
FNDA:0,(anonymous_11)
FNDA:0,(anonymous_12)
FNDA:0,(anonymous_13)
FNDA:0,(anonymous_14)
FNDA:0,(anonymous_15)
FNDA:0,(anonymous_16)
FNDA:0,(anonymous_17)
FNDA:0,(anonymous_18)
FNDA:0,(anonymous_19)
FNDA:0,(anonymous_20)
FNDA:0,(anonymous_21)
FNDA:0,(anonymous_22)
FNDA:0,(anonymous_23)
FNDA:0,(anonymous_24)
FNDA:0,(anonymous_25)
FNDA:0,(anonymous_26)
FNDA:0,(anonymous_27)
FNDA:0,(anonymous_28)
FNDA:0,(anonymous_29)
FNDA:0,(anonymous_30)
DA:3,0
DA:5,0
DA:23,0
DA:46,0
DA:47,0
DA:48,0
DA:49,0
DA:50,0
DA:51,0
DA:52,0
DA:54,0
DA:55,0
DA:59,0
DA:60,0
DA:61,0
DA:62,0
DA:63,0
DA:67,0
DA:68,0
DA:69,0
DA:70,0
DA:75,0
DA:76,0
DA:77,0
DA:78,0
DA:80,0
DA:81,0
DA:82,0
DA:84,0
DA:86,0
DA:91,0
DA:92,0
DA:93,0
DA:94,0
DA:99,0
DA:100,0
DA:103,0
DA:105,0
DA:106,0
DA:110,0
DA:111,0
DA:112,0
DA:113,0
DA:118,0
DA:119,0
DA:122,0
DA:124,0
DA:125,0
DA:129,0
DA:130,0
DA:131,0
DA:132,0
DA:137,0
DA:138,0
DA:141,0
DA:143,0
DA:144,0
DA:148,0
DA:149,0
DA:150,0
DA:151,0
DA:156,0
DA:157,0
DA:160,0
DA:162,0
DA:163,0
DA:167,0
DA:168,0
DA:169,0
DA:170,0
DA:188,0
DA:207,0
DA:256,0
DA:308,0
DA:309,0
DA:323,0
DA:331,0
DA:343,0
DA:357,0
DA:366,0
DA:394,0
DA:404,0
LF:82
LH:0
BRDA:61,0,0,0
BRDA:76,1,0,0
BRDA:78,2,0,0
BRDA:78,2,1,0
BRDA:99,3,0,0
BRDA:100,4,0,0
BRDA:100,4,1,0
BRDA:118,5,0,0
BRDA:119,6,0,0
BRDA:119,6,1,0
BRDA:137,7,0,0
BRDA:156,8,0,0
BRDA:234,9,0,0
BRDA:234,9,1,0
BRDA:243,10,0,0
BRDA:243,10,1,0
BRDA:260,11,0,0
BRDA:263,12,0,0
BRDA:263,12,1,0
BRDA:272,13,0,0
BRDA:309,14,0,0
BRDA:309,14,1,0
BRDA:313,15,0,0
BRDA:320,16,0,0
BRDA:331,17,0,0
BRDA:331,17,1,0
BRDA:332,18,0,0
BRDA:332,18,1,0
BRDA:337,19,0,0
BRDA:338,20,0,0
BRDA:338,20,1,0
BRDA:343,21,0,0
BRDA:343,21,1,0
BRDA:344,22,0,0
BRDA:344,22,1,0
BRDA:350,23,0,0
BRDA:350,23,1,0
BRDA:385,24,0,0
BRF:38
BRH:0
end_of_record
TN:
SF:src\app\admin\auth-callback\route.ts
FN:5,GET
FNF:1
FNH:0
FNDA:0,GET
DA:1,0
DA:2,0
DA:3,0
DA:5,0
DA:6,0
DA:7,0
DA:9,0
DA:10,0
DA:13,0
DA:14,0
DA:15,0
DA:17,0
DA:18,0
DA:19,0
DA:22,0
DA:25,0
DA:26,0
DA:27,0
DA:31,0
DA:34,0
DA:36,0
DA:37,0
LF:22
LH:0
BRDA:9,0,0,0
BRDA:17,1,0,0
BRDA:17,2,0,0
BRDA:17,2,1,0
BRDA:25,3,0,0
BRF:5
BRH:0
end_of_record
TN:
SF:src\app\admin\login\page.tsx
FN:13,AdminLogin
FN:23,(anonymous_2)
FN:25,(anonymous_3)
FN:26,(anonymous_4)
FN:28,(anonymous_5)
FN:33,(anonymous_6)
FN:41,(anonymous_7)
FN:46,(anonymous_8)
FN:67,(anonymous_9)
FN:75,(anonymous_10)
FN:83,(anonymous_11)
FN:117,(anonymous_12)
FN:150,(anonymous_13)
FN:202,(anonymous_14)
FN:210,(anonymous_15)
FN:211,(anonymous_16)
FN:245,(anonymous_17)
FN:285,(anonymous_18)
FNF:18
FNH:0
FNDA:0,AdminLogin
FNDA:0,(anonymous_2)
FNDA:0,(anonymous_3)
FNDA:0,(anonymous_4)
FNDA:0,(anonymous_5)
FNDA:0,(anonymous_6)
FNDA:0,(anonymous_7)
FNDA:0,(anonymous_8)
FNDA:0,(anonymous_9)
FNDA:0,(anonymous_10)
FNDA:0,(anonymous_11)
FNDA:0,(anonymous_12)
FNDA:0,(anonymous_13)
FNDA:0,(anonymous_14)
FNDA:0,(anonymous_15)
FNDA:0,(anonymous_16)
FNDA:0,(anonymous_17)
FNDA:0,(anonymous_18)
DA:3,0
DA:4,0
DA:5,0
DA:8,0
DA:13,0
DA:14,0
DA:15,0
DA:16,0
DA:17,0
DA:18,0
DA:19,0
DA:20,0
DA:23,0
DA:24,0
DA:25,0
DA:26,0
DA:28,0
DA:33,0
DA:34,0
DA:35,0
DA:36,0
DA:41,0
DA:42,0
DA:44,0
DA:45,0
DA:46,0
DA:47,0
DA:48,0
DA:51,0
DA:52,0
DA:53,0
DA:54,0
DA:56,0
DA:57,0
DA:58,0
DA:59,0
DA:60,0
DA:61,0
DA:64,0
DA:67,0
DA:68,0
DA:69,0
DA:70,0
DA:75,0
DA:76,0
DA:77,0
DA:78,0
DA:83,0
DA:84,0
DA:85,0
DA:86,0
DA:88,0
DA:90,0
DA:91,0
DA:95,0
DA:101,0
DA:103,0
DA:104,0
DA:107,0
DA:108,0
DA:110,0
DA:111,0
DA:113,0
DA:117,0
DA:118,0
DA:119,0
DA:121,0
DA:122,0
DA:124,0
DA:130,0
DA:132,0
DA:133,0
DA:137,0
DA:139,0
DA:140,0
DA:142,0
DA:143,0
DA:144,0
DA:146,0
DA:150,0
DA:151,0
DA:152,0
DA:153,0
DA:155,0
DA:156,0
DA:162,0
DA:164,0
DA:165,0
DA:168,0
DA:169,0
DA:171,0
DA:172,0
DA:174,0
DA:179,0
DA:203,0
DA:210,0
DA:211,0
DA:246,0
DA:247,0
DA:248,0
DA:285,0
LF:101
LH:0
BRDA:24,0,0,0
BRDA:34,1,0,0
BRDA:42,2,0,0
BRDA:42,2,1,0
BRDA:47,3,0,0
BRDA:59,4,0,0
BRDA:59,5,0,0
BRDA:59,5,1,0
BRDA:68,6,0,0
BRDA:68,7,0,0
BRDA:68,7,1,0
BRDA:68,7,2,0
BRDA:77,8,0,0
BRDA:77,9,0,0
BRDA:77,9,1,0
BRDA:77,9,2,0
BRDA:90,10,0,0
BRDA:103,11,0,0
BRDA:104,12,0,0
BRDA:104,12,1,0
BRDA:110,13,0,0
BRDA:110,13,1,0
BRDA:132,14,0,0
BRDA:133,15,0,0
BRDA:133,15,1,0
BRDA:139,16,0,0
BRDA:139,16,1,0
BRDA:151,17,0,0
BRDA:164,18,0,0
BRDA:165,19,0,0
BRDA:165,19,1,0
BRDA:171,20,0,0
BRDA:171,20,1,0
BRDA:179,21,0,0
BRDA:194,22,0,0
BRDA:220,23,0,0
BRDA:220,23,1,0
BRDA:224,24,0,0
BRDA:237,25,0,0
BRDA:237,25,1,0
BRDA:240,26,0,0
BRDA:240,26,1,0
BRDA:294,27,0,0
BRDA:306,28,0,0
BRF:44
BRH:0
end_of_record
TN:
SF:src\app\ai-coach\page.tsx
FN:80,AICoachPage
FN:127,(anonymous_3)
FN:135,(anonymous_4)
FN:136,(anonymous_5)
FN:147,(anonymous_6)
FN:160,(anonymous_7)
FN:161,(anonymous_8)
FN:176,(anonymous_9)
FN:177,(anonymous_10)
FN:193,(anonymous_11)
FN:194,(anonymous_12)
FN:216,(anonymous_13)
FN:231,(anonymous_14)
FN:232,(anonymous_15)
FN:248,(anonymous_16)
FN:249,(anonymous_17)
FN:250,(anonymous_18)
FN:255,(anonymous_19)
FN:256,(anonymous_20)
FN:279,(anonymous_21)
FN:298,(anonymous_22)
FN:308,(anonymous_23)
FN:309,(anonymous_24)
FN:311,(anonymous_25)
FN:321,(anonymous_26)
FN:355,(anonymous_27)
FN:366,(anonymous_28)
FN:373,(anonymous_29)
FN:379,(anonymous_30)
FN:381,(anonymous_31)
FN:397,(anonymous_32)
FN:413,(anonymous_33)
FN:414,(anonymous_34)
FN:420,(anonymous_35)
FN:427,(anonymous_36)
FN:442,(anonymous_37)
FN:496,(anonymous_38)
FN:506,(anonymous_39)
FN:519,(anonymous_40)
FN:532,(anonymous_41)
FN:613,(anonymous_42)
FN:618,(anonymous_43)
FN:619,(anonymous_44)
FN:629,(anonymous_45)
FN:652,(anonymous_46)
FN:659,(anonymous_47)
FN:785,(anonymous_48)
FN:812,(anonymous_49)
FN:832,(anonymous_50)
FN:839,(anonymous_51)
FN:850,(anonymous_52)
FN:872,(anonymous_53)
FN:881,(anonymous_54)
FN:888,(anonymous_55)
FN:894,(anonymous_56)
FN:902,(anonymous_57)
FN:927,(anonymous_58)
FN:1030,(anonymous_59)
FN:1036,(anonymous_60)
FN:1057,(anonymous_61)
FN:1097,(anonymous_62)
FN:1103,(anonymous_63)
FN:1123,(anonymous_64)
FN:1167,(anonymous_65)
FN:1184,(anonymous_66)
FN:1185,(anonymous_67)
FN:1194,(anonymous_68)
FN:1240,(anonymous_69)
FN:1246,(anonymous_70)
FN:1255,(anonymous_71)
FN:1279,(anonymous_72)
FN:1285,(anonymous_73)
FN:1320,(anonymous_74)
FNF:73
FNH:0
FNDA:0,AICoachPage
FNDA:0,(anonymous_3)
FNDA:0,(anonymous_4)
FNDA:0,(anonymous_5)
FNDA:0,(anonymous_6)
FNDA:0,(anonymous_7)
FNDA:0,(anonymous_8)
FNDA:0,(anonymous_9)
FNDA:0,(anonymous_10)
FNDA:0,(anonymous_11)
FNDA:0,(anonymous_12)
FNDA:0,(anonymous_13)
FNDA:0,(anonymous_14)
FNDA:0,(anonymous_15)
FNDA:0,(anonymous_16)
FNDA:0,(anonymous_17)
FNDA:0,(anonymous_18)
FNDA:0,(anonymous_19)
FNDA:0,(anonymous_20)
FNDA:0,(anonymous_21)
FNDA:0,(anonymous_22)
FNDA:0,(anonymous_23)
FNDA:0,(anonymous_24)
FNDA:0,(anonymous_25)
FNDA:0,(anonymous_26)
FNDA:0,(anonymous_27)
FNDA:0,(anonymous_28)
FNDA:0,(anonymous_29)
FNDA:0,(anonymous_30)
FNDA:0,(anonymous_31)
FNDA:0,(anonymous_32)
FNDA:0,(anonymous_33)
FNDA:0,(anonymous_34)
FNDA:0,(anonymous_35)
FNDA:0,(anonymous_36)
FNDA:0,(anonymous_37)
FNDA:0,(anonymous_38)
FNDA:0,(anonymous_39)
FNDA:0,(anonymous_40)
FNDA:0,(anonymous_41)
FNDA:0,(anonymous_42)
FNDA:0,(anonymous_43)
FNDA:0,(anonymous_44)
FNDA:0,(anonymous_45)
FNDA:0,(anonymous_46)
FNDA:0,(anonymous_47)
FNDA:0,(anonymous_48)
FNDA:0,(anonymous_49)
FNDA:0,(anonymous_50)
FNDA:0,(anonymous_51)
FNDA:0,(anonymous_52)
FNDA:0,(anonymous_53)
FNDA:0,(anonymous_54)
FNDA:0,(anonymous_55)
FNDA:0,(anonymous_56)
FNDA:0,(anonymous_57)
FNDA:0,(anonymous_58)
FNDA:0,(anonymous_59)
FNDA:0,(anonymous_60)
FNDA:0,(anonymous_61)
FNDA:0,(anonymous_62)
FNDA:0,(anonymous_63)
FNDA:0,(anonymous_64)
FNDA:0,(anonymous_65)
FNDA:0,(anonymous_66)
FNDA:0,(anonymous_67)
FNDA:0,(anonymous_68)
FNDA:0,(anonymous_69)
FNDA:0,(anonymous_70)
FNDA:0,(anonymous_71)
FNDA:0,(anonymous_72)
FNDA:0,(anonymous_73)
FNDA:0,(anonymous_74)
DA:3,0
DA:4,0
DA:5,0
DA:10,0
DA:11,0
DA:12,0
DA:13,0
DA:14,0
DA:15,0
DA:16,0
DA:17,0
DA:18,0
DA:19,0
DA:20,0
DA:21,0
DA:22,0
DA:23,0
DA:24,0
DA:25,0
DA:41,0
DA:80,0
DA:81,0
DA:82,0
DA:83,0
DA:84,0
DA:85,0
DA:86,0
DA:87,0
DA:88,0
DA:89,0
DA:90,0
DA:91,0
DA:92,0
DA:93,0
DA:94,0
DA:95,0
DA:96,0
DA:99,0
DA:100,0
DA:102,0
DA:103,0
DA:104,0
DA:105,0
DA:106,0
DA:107,0
DA:108,0
DA:109,0
DA:110,0
DA:111,0
DA:112,0
DA:113,0
DA:120,0
DA:121,0
DA:123,0
DA:124,0
DA:127,0
DA:128,0
DA:132,0
DA:135,0
DA:136,0
DA:137,0
DA:138,0
DA:139,0
DA:140,0
DA:141,0
DA:144,0
DA:145,0
DA:146,0
DA:147,0
DA:152,0
DA:155,0
DA:160,0
DA:161,0
DA:162,0
DA:163,0
DA:164,0
DA:165,0
DA:168,0
DA:171,0
DA:176,0
DA:177,0
DA:178,0
DA:179,0
DA:180,0
DA:181,0
DA:182,0
DA:185,0
DA:188,0
DA:193,0
DA:194,0
DA:195,0
DA:196,0
DA:198,0
DA:205,0
DA:207,0
DA:214,0
DA:216,0
DA:220,0
DA:223,0
DA:226,0
DA:231,0
DA:232,0
DA:233,0
DA:234,0
DA:235,0
DA:236,0
DA:238,0
DA:245,0
DA:247,0
DA:248,0
DA:249,0
DA:250,0
DA:253,0
DA:254,0
DA:255,0
DA:256,0
DA:258,0
DA:259,0
DA:260,0
DA:262,0
DA:271,0
DA:274,0
DA:279,0
DA:280,0
DA:281,0
DA:284,0
DA:285,0
DA:286,0
DA:287,0
DA:288,0
DA:289,0
DA:290,0
DA:295,0
DA:296,0
DA:297,0
DA:298,0
DA:299,0
DA:304,0
DA:305,0
DA:306,0
DA:307,0
DA:308,0
DA:309,0
DA:311,0
DA:312,0
DA:313,0
DA:318,0
DA:319,0
DA:320,0
DA:321,0
DA:322,0
DA:323,0
DA:324,0
DA:325,0
DA:331,0
DA:332,0
DA:333,0
DA:334,0
DA:335,0
DA:336,0
DA:337,0
DA:338,0
DA:340,0
DA:341,0
DA:343,0
DA:344,0
DA:346,0
DA:347,0
DA:352,0
DA:353,0
DA:354,0
DA:355,0
DA:356,0
DA:357,0
DA:358,0
DA:363,0
DA:364,0
DA:365,0
DA:366,0
DA:367,0
DA:369,0
DA:370,0
DA:373,0
DA:374,0
DA:375,0
DA:378,0
DA:379,0
DA:381,0
DA:384,0
DA:385,0
DA:388,0
DA:389,0
DA:394,0
DA:395,0
DA:396,0
DA:397,0
DA:398,0
DA:399,0
DA:401,0
DA:402,0
DA:403,0
DA:404,0
DA:410,0
DA:411,0
DA:412,0
DA:413,0
DA:414,0
DA:416,0
DA:418,0
DA:419,0
DA:420,0
DA:421,0
DA:425,0
DA:426,0
DA:427,0
DA:428,0
DA:429,0
DA:435,0
DA:436,0
DA:437,0
DA:439,0
DA:440,0
DA:441,0
DA:442,0
DA:443,0
DA:444,0
DA:447,0
DA:448,0
DA:453,0
DA:454,0
DA:455,0
DA:456,0
DA:457,0
DA:458,0
DA:459,0
DA:462,0
DA:463,0
DA:464,0
DA:465,0
DA:470,0
DA:471,0
DA:472,0
DA:473,0
DA:474,0
DA:475,0
DA:476,0
DA:477,0
DA:478,0
DA:480,0
DA:481,0
DA:482,0
DA:483,0
DA:488,0
DA:489,0
DA:490,0
DA:491,0
DA:492,0
DA:494,0
DA:495,0
DA:496,0
DA:497,0
DA:502,0
DA:506,0
DA:507,0
DA:510,0
DA:513,0
DA:514,0
DA:515,0
DA:516,0
DA:518,0
DA:519,0
DA:520,0
DA:521,0
DA:525,0
DA:528,0
DA:532,0
DA:533,0
DA:535,0
DA:536,0
DA:537,0
DA:539,0
DA:541,0
DA:542,0
DA:544,0
DA:545,0
DA:550,0
DA:553,0
DA:555,0
DA:556,0
DA:558,0
DA:559,0
DA:564,0
DA:567,0
DA:569,0
DA:570,0
DA:571,0
DA:573,0
DA:574,0
DA:579,0
DA:582,0
DA:584,0
DA:585,0
DA:592,0
DA:593,0
DA:598,0
DA:601,0
DA:604,0
DA:605,0
DA:609,0
DA:613,0
DA:614,0
DA:618,0
DA:619,0
DA:620,0
DA:621,0
DA:622,0
DA:625,0
DA:629,0
DA:630,0
DA:633,0
DA:634,0
DA:635,0
DA:636,0
DA:640,0
DA:641,0
DA:642,0
DA:645,0
DA:652,0
DA:653,0
DA:654,0
DA:655,0
DA:658,0
DA:659,0
DA:660,0
DA:663,0
DA:664,0
DA:667,0
DA:668,0
DA:669,0
DA:703,0
DA:779,0
DA:785,0
DA:791,0
DA:793,0
DA:796,0
DA:802,0
DA:803,0
DA:805,0
DA:812,0
DA:815,0
DA:816,0
DA:823,0
DA:824,0
DA:832,0
DA:834,0
DA:839,0
DA:840,0
DA:842,0
DA:844,0
DA:850,0
DA:851,0
DA:852,0
DA:856,0
DA:857,0
DA:858,0
DA:864,0
DA:872,0
DA:874,0
DA:875,0
DA:881,0
DA:883,0
DA:884,0
DA:888,0
DA:889,0
DA:890,0
DA:891,0
DA:894,0
DA:895,0
DA:896,0
DA:898,0
DA:902,0
DA:903,0
DA:906,0
DA:909,0
DA:910,0
DA:913,0
DA:923,0
DA:924,0
DA:927,0
DA:929,0
DA:932,0
DA:934,0
DA:935,0
DA:1030,0
DA:1036,0
DA:1057,0
DA:1098,0
DA:1103,0
DA:1124,0
DA:1167,0
DA:1184,0
DA:1185,0
DA:1194,0
DA:1240,0
DA:1246,0
DA:1256,0
DA:1257,0
DA:1258,0
DA:1279,0
DA:1285,0
DA:1320,0
LF:411
LH:0
BRDA:139,0,0,0
BRDA:140,1,0,0
BRDA:140,1,1,0
BRDA:141,2,0,0
BRDA:141,2,1,0
BRDA:144,3,0,0
BRDA:146,4,0,0
BRDA:146,5,0,0
BRDA:146,5,1,0
BRDA:147,6,0,0
BRDA:147,6,1,0
BRDA:164,7,0,0
BRDA:180,8,0,0
BRDA:195,9,0,0
BRDA:205,10,0,0
BRDA:214,11,0,0
BRDA:214,12,0,0
BRDA:214,12,1,0
BRDA:218,13,0,0
BRDA:218,13,1,0
BRDA:233,14,0,0
BRDA:245,15,0,0
BRDA:245,16,0,0
BRDA:245,16,1,0
BRDA:245,16,2,0
BRDA:259,17,0,0
BRDA:259,17,1,0
BRDA:260,18,0,0
BRDA:284,19,0,0
BRDA:287,20,0,0
BRDA:287,20,1,0
BRDA:288,21,0,0
BRDA:295,22,0,0
BRDA:299,23,0,0
BRDA:299,23,1,0
BRDA:304,24,0,0
BRDA:313,25,0,0
BRDA:313,25,1,0
BRDA:313,26,0,0
BRDA:313,26,1,0
BRDA:318,27,0,0
BRDA:324,28,0,0
BRDA:324,28,1,0
BRDA:324,29,0,0
BRDA:324,29,1,0
BRDA:331,30,0,0
BRDA:337,31,0,0
BRDA:340,32,0,0
BRDA:343,33,0,0
BRDA:343,34,0,0
BRDA:343,34,1,0
BRDA:346,35,0,0
BRDA:352,36,0,0
BRDA:363,37,0,0
BRDA:374,38,0,0
BRDA:374,38,1,0
BRDA:384,39,0,0
BRDA:388,40,0,0
BRDA:394,41,0,0
BRDA:394,42,0,0
BRDA:394,42,1,0
BRDA:401,43,0,0
BRDA:401,43,1,0
BRDA:401,44,0,0
BRDA:401,44,1,0
BRDA:403,45,0,0
BRDA:403,46,0,0
BRDA:403,46,1,0
BRDA:410,47,0,0
BRDA:410,48,0,0
BRDA:410,48,1,0
BRDA:414,49,0,0
BRDA:414,49,1,0
BRDA:418,50,0,0
BRDA:425,51,0,0
BRDA:436,52,0,0
BRDA:437,53,0,0
BRDA:439,54,0,0
BRDA:443,55,0,0
BRDA:443,55,1,0
BRDA:447,56,0,0
BRDA:447,57,0,0
BRDA:447,57,1,0
BRDA:453,58,0,0
BRDA:462,59,0,0
BRDA:462,59,1,0
BRDA:464,60,0,0
BRDA:470,61,0,0
BRDA:480,62,0,0
BRDA:480,62,1,0
BRDA:482,63,0,0
BRDA:488,64,0,0
BRDA:491,65,0,0
BRDA:494,66,0,0
BRDA:494,67,0,0
BRDA:494,67,1,0
BRDA:515,68,0,0
BRDA:515,68,1,0
BRDA:518,69,0,0
BRDA:521,70,0,0
BRDA:521,71,0,0
BRDA:521,71,1,0
BRDA:539,72,0,0
BRDA:539,72,1,0
BRDA:539,72,2,0
BRDA:539,72,3,0
BRDA:541,73,0,0
BRDA:542,74,0,0
BRDA:542,74,1,0
BRDA:542,75,0,0
BRDA:542,75,1,0
BRDA:544,76,0,0
BRDA:544,76,1,0
BRDA:545,77,0,0
BRDA:545,77,1,0
BRDA:546,78,0,0
BRDA:546,78,1,0
BRDA:547,79,0,0
BRDA:547,79,1,0
BRDA:550,80,0,0
BRDA:550,80,1,0
BRDA:555,81,0,0
BRDA:555,82,0,0
BRDA:555,82,1,0
BRDA:556,83,0,0
BRDA:556,83,1,0
BRDA:558,84,0,0
BRDA:558,84,1,0
BRDA:559,85,0,0
BRDA:559,85,1,0
BRDA:560,86,0,0
BRDA:560,86,1,0
BRDA:561,87,0,0
BRDA:561,87,1,0
BRDA:564,88,0,0
BRDA:564,88,1,0
BRDA:569,89,0,0
BRDA:569,90,0,0
BRDA:569,90,1,0
BRDA:569,90,2,0
BRDA:570,91,0,0
BRDA:570,91,1,0
BRDA:573,92,0,0
BRDA:573,92,1,0
BRDA:574,93,0,0
BRDA:574,93,1,0
BRDA:575,94,0,0
BRDA:575,94,1,0
BRDA:576,95,0,0
BRDA:576,95,1,0
BRDA:579,96,0,0
BRDA:579,96,1,0
BRDA:584,97,0,0
BRDA:584,98,0,0
BRDA:584,98,1,0
BRDA:588,99,0,0
BRDA:588,99,1,0
BRDA:592,100,0,0
BRDA:592,100,1,0
BRDA:593,101,0,0
BRDA:593,101,1,0
BRDA:594,102,0,0
BRDA:594,102,1,0
BRDA:595,103,0,0
BRDA:595,103,1,0
BRDA:598,104,0,0
BRDA:598,104,1,0
BRDA:605,105,0,0
BRDA:605,105,1,0
BRDA:621,106,0,0
BRDA:630,107,0,0
BRDA:630,108,0,0
BRDA:630,108,1,0
BRDA:634,109,0,0
BRDA:634,110,0,0
BRDA:634,110,1,0
BRDA:641,111,0,0
BRDA:663,112,0,0
BRDA:663,113,0,0
BRDA:663,113,1,0
BRDA:703,114,0,0
BRDA:703,114,1,0
BRDA:729,115,0,0
BRDA:729,115,1,0
BRDA:730,116,0,0
BRDA:730,116,1,0
BRDA:742,117,0,0
BRDA:742,117,1,0
BRDA:777,118,0,0
BRDA:777,118,1,0
BRDA:791,119,0,0
BRDA:796,120,0,0
BRDA:796,120,1,0
BRDA:796,120,2,0
BRDA:796,120,3,0
BRDA:815,121,0,0
BRDA:827,122,0,0
BRDA:827,122,1,0
BRDA:840,123,0,0
BRDA:842,124,0,0
BRDA:847,125,0,0
BRDA:847,125,1,0
BRDA:867,126,0,0
BRDA:867,126,1,0
BRDA:869,127,0,0
BRDA:869,127,1,0
BRDA:878,128,0,0
BRDA:878,128,1,0
BRDA:895,129,0,0
BRDA:895,129,1,0
BRDA:909,130,0,0
BRDA:909,130,1,0
BRDA:916,131,0,0
BRDA:916,131,1,0
BRDA:932,132,0,0
BRDA:932,132,1,0
BRDA:939,133,0,0
BRDA:939,133,1,0
BRDA:941,134,0,0
BRDA:941,134,1,0
BRDA:947,135,0,0
BRDA:947,135,1,0
BRDA:947,136,0,0
BRDA:947,136,1,0
BRDA:949,137,0,0
BRDA:949,137,1,0
BRDA:949,138,0,0
BRDA:949,138,1,0
BRDA:954,139,0,0
BRDA:954,139,1,0
BRDA:955,140,0,0
BRDA:955,140,1,0
BRDA:956,141,0,0
BRDA:956,141,1,0
BRDA:958,142,0,0
BRDA:958,142,1,0
BRDA:963,143,0,0
BRDA:963,143,1,0
BRDA:964,144,0,0
BRDA:967,145,0,0
BRDA:967,145,1,0
BRDA:969,146,0,0
BRDA:970,147,0,0
BRDA:970,147,1,0
BRDA:971,148,0,0
BRDA:971,148,1,0
BRDA:972,149,0,0
BRDA:972,149,1,0
BRDA:976,150,0,0
BRDA:978,151,0,0
BRDA:978,151,1,0
BRDA:983,152,0,0
BRDA:983,152,1,0
BRDA:987,153,0,0
BRDA:987,153,1,0
BRDA:988,154,0,0
BRDA:988,154,1,0
BRDA:989,155,0,0
BRDA:989,155,1,0
BRDA:990,156,0,0
BRDA:990,156,1,0
BRDA:991,157,0,0
BRDA:991,157,1,0
BRDA:992,158,0,0
BRDA:992,158,1,0
BRDA:996,159,0,0
BRDA:996,159,1,0
BRDA:999,160,0,0
BRDA:999,160,1,0
BRDA:1001,161,0,0
BRDA:1001,161,1,0
BRDA:1007,162,0,0
BRDA:1007,162,1,0
BRDA:1011,163,0,0
BRDA:1011,163,1,0
BRDA:1011,163,2,0
BRDA:1012,164,0,0
BRDA:1012,164,1,0
BRDA:1024,165,0,0
BRDA:1037,166,0,0
BRDA:1037,166,1,0
BRDA:1042,167,0,0
BRDA:1042,167,1,0
BRDA:1043,168,0,0
BRDA:1043,168,1,0
BRDA:1045,169,0,0
BRDA:1045,169,1,0
BRDA:1046,170,0,0
BRDA:1046,170,1,0
BRDA:1054,171,0,0
BRDA:1054,171,1,0
BRDA:1060,172,0,0
BRDA:1060,172,1,0
BRDA:1071,173,0,0
BRDA:1082,174,0,0
BRDA:1082,174,1,0
BRDA:1083,175,0,0
BRDA:1083,175,1,0
BRDA:1085,176,0,0
BRDA:1085,176,1,0
BRDA:1086,177,0,0
BRDA:1086,177,1,0
BRDA:1093,178,0,0
BRDA:1093,178,1,0
BRDA:1094,179,0,0
BRDA:1094,179,1,0
BRDA:1104,180,0,0
BRDA:1104,180,1,0
BRDA:1106,181,0,0
BRDA:1106,181,1,0
BRDA:1111,182,0,0
BRDA:1111,182,1,0
BRDA:1111,183,0,0
BRDA:1111,183,1,0
BRDA:1113,184,0,0
BRDA:1113,184,1,0
BRDA:1129,185,0,0
BRDA:1129,185,1,0
BRDA:1131,186,0,0
BRDA:1131,186,1,0
BRDA:1132,187,0,0
BRDA:1132,187,1,0
BRDA:1135,188,0,0
BRDA:1135,188,1,0
BRDA:1143,189,0,0
BRDA:1145,190,0,0
BRDA:1145,190,1,0
BRDA:1161,191,0,0
BRDA:1161,191,1,0
BRDA:1168,192,0,0
BRDA:1168,192,1,0
BRDA:1173,193,0,0
BRDA:1176,194,0,0
BRDA:1176,194,1,0
BRDA:1185,195,0,0
BRDA:1185,195,1,0
BRDA:1186,196,0,0
BRDA:1186,196,1,0
BRDA:1187,197,0,0
BRDA:1187,197,1,0
BRDA:1195,198,0,0
BRDA:1195,198,1,0
BRDA:1196,199,0,0
BRDA:1196,199,1,0
BRDA:1196,200,0,0
BRDA:1196,200,1,0
BRDA:1198,201,0,0
BRDA:1198,201,1,0
BRDA:1203,202,0,0
BRDA:1203,203,0,0
BRDA:1210,204,0,0
BRDA:1215,205,0,0
BRDA:1215,205,1,0
BRDA:1221,206,0,0
BRDA:1221,206,1,0
BRDA:1225,207,0,0
BRDA:1225,207,1,0
BRDA:1226,208,0,0
BRDA:1226,208,1,0
BRDA:1228,209,0,0
BRDA:1228,209,1,0
BRDA:1229,210,0,0
BRDA:1229,210,1,0
BRDA:1233,211,0,0
BRDA:1233,211,1,0
BRDA:1237,212,0,0
BRDA:1237,212,1,0
BRDA:1239,213,0,0
BRDA:1239,213,1,0
BRDA:1247,214,0,0
BRDA:1247,214,1,0
BRDA:1252,215,0,0
BRDA:1252,215,1,0
BRDA:1256,216,0,0
BRDA:1263,217,0,0
BRDA:1263,217,1,0
BRDA:1273,218,0,0
BRDA:1293,219,0,0
BRDA:1293,219,1,0
BRDA:1296,220,0,0
BRDA:1296,220,1,0
BRDA:1302,221,0,0
BRDA:1302,221,1,0
BRDA:1307,222,0,0
BRDA:1307,222,1,0
BRDA:1310,223,0,0
BRDA:1310,223,1,0
BRDA:1323,224,0,0
BRDA:1323,224,1,0
BRDA:1330,225,0,0
BRDA:1330,225,1,0
BRF:391
BRH:0
end_of_record
TN:
SF:src\app\api\admin\activity\route.ts
FN:8,GET
FN:45,(anonymous_4)
FN:59,(anonymous_5)
FN:74,(anonymous_6)
FN:88,(anonymous_7)
FNF:5
FNH:0
FNDA:0,GET
FNDA:0,(anonymous_4)
FNDA:0,(anonymous_5)
FNDA:0,(anonymous_6)
FNDA:0,(anonymous_7)
DA:1,0
DA:2,0
DA:3,0
DA:5,0
DA:8,0
DA:9,0
DA:11,0
DA:12,0
DA:15,0
DA:16,0
DA:17,0
DA:18,0
DA:20,0
DA:27,0
DA:34,0
DA:41,0
DA:44,0
DA:45,0
DA:46,0
DA:58,0
DA:59,0
DA:60,0
DA:73,0
DA:74,0
DA:75,0
DA:88,0
DA:90,0
DA:95,0
DA:96,0
LF:29
LH:0
BRDA:11,0,0,0
BRDA:12,1,0,0
BRDA:12,1,1,0
BRDA:18,2,0,0
BRDA:18,2,1,0
BRDA:44,3,0,0
BRDA:49,4,0,0
BRDA:49,4,1,0
BRDA:58,5,0,0
BRDA:67,6,0,0
BRDA:67,6,1,0
BRDA:73,7,0,0
BRF:12
BRH:0
end_of_record
TN:
SF:src\app\api\admin\auth\logout\route.ts
FN:3,POST
FNF:1
FNH:0
FNDA:0,POST
DA:1,0
DA:3,0
DA:4,0
DA:7,0
DA:9,0
LF:5
LH:0
BRF:0
BRH:0
end_of_record
TN:
SF:src\app\api\admin\auth\send-otp\route.ts
FN:13,generateOTP
FN:18,POST
FNF:2
FNH:0
FNDA:0,generateOTP
FNDA:0,POST
DA:1,0
DA:2,0
DA:3,0
DA:4,0
DA:7,0
DA:15,0
DA:18,0
DA:19,0
DA:20,0
DA:22,0
DA:23,0
DA:27,0
DA:28,0
DA:32,0
DA:33,0
DA:36,0
DA:39,0
DA:45,0
DA:53,0
DA:54,0
DA:55,0
DA:59,0
DA:62,0
DA:63,0
DA:64,0
DA:65,0
DA:66,0
DA:89,0
DA:91,0
DA:95,0
DA:98,0
DA:105,0
DA:106,0
LF:33
LH:0
BRDA:22,0,0,0
BRDA:27,1,0,0
BRDA:53,2,0,0
BRDA:63,3,0,0
BRDA:63,3,1,0
BRDA:102,4,0,0
BRDA:102,4,1,0
BRF:7
BRH:0
end_of_record
TN:
SF:src\app\api\admin\auth\verify-otp\route.ts
FN:7,POST
FN:57,(anonymous_2)
FNF:2
FNH:0
FNDA:0,POST
FNDA:0,(anonymous_2)
DA:1,0
DA:2,0
DA:3,0
DA:5,0
DA:7,0
DA:8,0
DA:9,0
DA:11,0
DA:12,0
DA:15,0
DA:18,0
DA:24,0
DA:25,0
DA:29,0
DA:31,0
DA:35,0
DA:39,0
DA:40,0
DA:44,0
DA:50,0
DA:52,0
DA:53,0
DA:54,0
DA:57,0
DA:59,0
DA:60,0
DA:64,0
DA:75,0
DA:81,0
DA:89,0
DA:91,0
DA:92,0
LF:32
LH:0
BRDA:5,0,0,0
BRDA:5,0,1,0
BRDA:11,1,0,0
BRDA:11,2,0,0
BRDA:11,2,1,0
BRDA:24,3,0,0
BRDA:24,4,0,0
BRDA:24,4,1,0
BRDA:29,5,0,0
BRDA:39,6,0,0
BRDA:52,7,0,0
BRDA:59,8,0,0
BRF:12
BRH:0
end_of_record
TN:
SF:src\app\api\admin\content\route.ts
FN:5,GET
FN:56,POST
FN:98,PATCH
FN:146,DELETE
FNF:4
FNH:0
FNDA:0,GET
FNDA:0,POST
FNDA:0,PATCH
FNDA:0,DELETE
DA:1,0
DA:2,0
DA:3,0
DA:5,0
DA:6,0
DA:8,0
DA:9,0
DA:12,0
DA:13,0
DA:16,0
DA:17,0
DA:18,0
DA:20,0
DA:21,0
DA:22,0
DA:24,0
DA:28,0
DA:29,0
DA:32,0
DA:37,0
DA:39,0
DA:41,0
DA:51,0
DA:52,0
DA:56,0
DA:57,0
DA:59,0
DA:60,0
DA:63,0
DA:64,0
DA:67,0
DA:68,0
DA:69,0
DA:71,0
DA:80,0
DA:83,0
DA:91,0
DA:93,0
DA:94,0
DA:98,0
DA:99,0
DA:101,0
DA:102,0
DA:105,0
DA:106,0
DA:109,0
DA:110,0
DA:111,0
DA:112,0
DA:114,0
DA:115,0
DA:118,0
DA:128,0
DA:131,0
DA:139,0
DA:141,0
DA:142,0
DA:146,0
DA:147,0
DA:149,0
DA:150,0
DA:153,0
DA:154,0
DA:157,0
DA:158,0
DA:159,0
DA:160,0
DA:162,0
DA:163,0
DA:166,0
DA:171,0
DA:174,0
DA:181,0
DA:183,0
DA:184,0
LF:75
LH:0
BRDA:8,0,0,0
BRDA:8,1,0,0
BRDA:8,1,1,0
BRDA:9,2,0,0
BRDA:9,2,1,0
BRDA:12,3,0,0
BRDA:20,4,0,0
BRDA:20,4,1,0
BRDA:21,5,0,0
BRDA:21,5,1,0
BRDA:22,6,0,0
BRDA:22,6,1,0
BRDA:28,7,0,0
BRDA:39,8,0,0
BRDA:46,9,0,0
BRDA:46,9,1,0
BRDA:47,10,0,0
BRDA:47,10,1,0
BRDA:59,11,0,0
BRDA:59,12,0,0
BRDA:59,12,1,0
BRDA:60,13,0,0
BRDA:60,13,1,0
BRDA:63,14,0,0
BRDA:80,15,0,0
BRDA:101,16,0,0
BRDA:101,17,0,0
BRDA:101,17,1,0
BRDA:102,18,0,0
BRDA:102,18,1,0
BRDA:105,19,0,0
BRDA:114,20,0,0
BRDA:128,21,0,0
BRDA:149,22,0,0
BRDA:149,23,0,0
BRDA:149,23,1,0
BRDA:150,24,0,0
BRDA:150,24,1,0
BRDA:153,25,0,0
BRDA:162,26,0,0
BRDA:171,27,0,0
BRF:41
BRH:0
end_of_record
TN:
SF:src\app\api\admin\couples\route.ts
FN:5,GET
FN:45,(anonymous_2)
FN:52,(anonymous_3)
FN:53,(anonymous_4)
FNF:4
FNH:0
FNDA:0,GET
FNDA:0,(anonymous_2)
FNDA:0,(anonymous_3)
FNDA:0,(anonymous_4)
DA:1,0
DA:2,0
DA:3,0
DA:5,0
DA:6,0
DA:8,0
DA:9,0
DA:12,0
DA:13,0
DA:16,0
DA:17,0
DA:18,0
DA:20,0
DA:21,0
DA:22,0
DA:24,0
DA:32,0
DA:33,0
DA:36,0
DA:40,0
DA:42,0
DA:45,0
DA:46,0
DA:52,0
DA:53,0
DA:54,0
DA:61,0
DA:71,0
DA:72,0
LF:29
LH:0
BRDA:8,0,0,0
BRDA:8,1,0,0
BRDA:8,1,1,0
BRDA:9,2,0,0
BRDA:9,2,1,0
BRDA:12,3,0,0
BRDA:20,4,0,0
BRDA:20,4,1,0
BRDA:21,5,0,0
BRDA:21,5,1,0
BRDA:22,6,0,0
BRDA:22,6,1,0
BRDA:32,7,0,0
BRDA:42,8,0,0
BRDA:45,9,0,0
BRDA:45,9,1,0
BRDA:56,10,0,0
BRDA:56,10,1,0
BRDA:57,11,0,0
BRDA:57,11,1,0
BRDA:66,12,0,0
BRDA:66,12,1,0
BRDA:67,13,0,0
BRDA:67,13,1,0
BRF:24
BRH:0
end_of_record
TN:
SF:src\app\api\admin\couples\grant-premium\route.ts
FN:6,POST
FNF:1
FNH:0
FNDA:0,POST
DA:1,0
DA:2,0
DA:3,0
DA:6,0
DA:7,0
DA:8,0
DA:9,0
DA:10,0
DA:11,0
DA:14,0
DA:19,0
DA:21,0
DA:22,0
DA:26,0
DA:27,0
DA:29,0
DA:39,0
DA:40,0
DA:41,0
DA:45,0
DA:53,0
DA:56,0
DA:57,0
LF:23
LH:0
BRDA:10,0,0,0
BRDA:21,1,0,0
BRDA:39,2,0,0
BRF:3
BRH:0
end_of_record
TN:
SF:src\app\api\admin\couples\reset-streak\route.ts
FN:6,POST
FNF:1
FNH:0
FNDA:0,POST
DA:1,0
DA:2,0
DA:3,0
DA:6,0
DA:7,0
DA:8,0
DA:9,0
DA:10,0
DA:11,0
DA:14,0
DA:19,0
DA:21,0
DA:22,0
DA:26,0
DA:31,0
DA:32,0
DA:33,0
DA:37,0
DA:45,0
DA:48,0
DA:49,0
LF:21
LH:0
BRDA:10,0,0,0
BRDA:21,1,0,0
BRDA:31,2,0,0
BRF:3
BRH:0
end_of_record
TN:
SF:src\app\api\admin\couples\unpair\route.ts
FN:6,POST
FNF:1
FNH:0
FNDA:0,POST
DA:1,0
DA:2,0
DA:3,0
DA:6,0
DA:7,0
DA:8,0
DA:9,0
DA:10,0
DA:11,0
DA:14,0
DA:19,0
DA:21,0
DA:22,0
DA:26,0
DA:31,0
DA:32,0
DA:33,0
DA:37,0
DA:45,0
DA:48,0
DA:49,0
LF:21
LH:0
BRDA:10,0,0,0
BRDA:21,1,0,0
BRDA:31,2,0,0
BRF:3
BRH:0
end_of_record
TN:
SF:src\app\api\admin\finance\route.ts
FN:7,GET
FN:35,(anonymous_4)
FN:37,(anonymous_5)
FN:79,(anonymous_6)
FN:88,(anonymous_7)
FN:93,(anonymous_8)
FNF:6
FNH:0
FNDA:0,GET
FNDA:0,(anonymous_4)
FNDA:0,(anonymous_5)
FNDA:0,(anonymous_6)
FNDA:0,(anonymous_7)
FNDA:0,(anonymous_8)
DA:1,0
DA:2,0
DA:3,0
DA:5,0
DA:7,0
DA:8,0
DA:10,0
DA:11,0
DA:14,0
DA:15,0
DA:18,0
DA:26,0
DA:27,0
DA:29,0
DA:34,0
DA:35,0
DA:36,0
DA:37,0
DA:42,0
DA:47,0
DA:50,0
DA:55,0
DA:58,0
DA:68,0
DA:69,0
DA:71,0
DA:78,0
DA:79,0
DA:80,0
DA:81,0
DA:82,0
DA:83,0
DA:87,0
DA:88,0
DA:91,0
DA:92,0
DA:93,0
DA:96,0
DA:103,0
DA:105,0
LF:40
LH:0
BRDA:10,0,0,0
BRDA:11,1,0,0
BRDA:11,1,1,0
BRDA:34,2,0,0
BRDA:35,3,0,0
BRDA:35,3,1,0
BRDA:47,4,0,0
BRDA:47,4,1,0
BRDA:55,5,0,0
BRDA:55,5,1,0
BRDA:83,6,0,0
BRDA:83,6,1,0
BRDA:91,7,0,0
BRDA:98,8,0,0
BRDA:98,8,1,0
BRF:15
BRH:0
end_of_record
TN:
SF:src\app\api\admin\games\route.ts
FN:6,GET
FN:39,POST
FNF:2
FNH:0
FNDA:0,GET
FNDA:0,POST
DA:1,0
DA:2,0
DA:3,0
DA:6,0
DA:7,0
DA:8,0
DA:9,0
DA:10,0
DA:11,0
DA:14,0
DA:20,0
DA:26,0
DA:27,0
DA:30,0
DA:33,0
DA:34,0
DA:39,0
DA:40,0
DA:41,0
DA:42,0
DA:43,0
DA:44,0
DA:47,0
DA:52,0
DA:55,0
DA:63,0
DA:64,0
DA:65,0
DA:69,0
DA:77,0
DA:80,0
DA:81,0
LF:32
LH:0
BRDA:10,0,0,0
BRDA:26,1,0,0
BRDA:26,2,0,0
BRDA:26,2,1,0
BRDA:30,3,0,0
BRDA:30,3,1,0
BRDA:43,4,0,0
BRDA:63,5,0,0
BRF:8
BRH:0
end_of_record
TN:
SF:src\app\api\admin\health\route.ts
FN:8,GET
FN:26,(anonymous_4)
FN:28,(anonymous_5)
FN:29,(anonymous_6)
FN:30,(anonymous_7)
FN:45,(anonymous_8)
FN:59,(anonymous_9)
FNF:7
FNH:0
FNDA:0,GET
FNDA:0,(anonymous_4)
FNDA:0,(anonymous_5)
FNDA:0,(anonymous_6)
FNDA:0,(anonymous_7)
FNDA:0,(anonymous_8)
FNDA:0,(anonymous_9)
DA:1,0
DA:2,0
DA:3,0
DA:5,0
DA:8,0
DA:9,0
DA:11,0
DA:12,0
DA:15,0
DA:16,0
DA:19,0
DA:21,0
DA:25,0
DA:26,0
DA:27,0
DA:28,0
DA:29,0
DA:30,0
DA:34,0
DA:35,0
DA:37,0
DA:38,0
DA:44,0
DA:45,0
DA:49,0
DA:50,0
DA:52,0
DA:53,0
DA:58,0
DA:59,0
DA:63,0
DA:64,0
DA:66,0
DA:71,0
DA:76,0
DA:101,0
DA:103,0
LF:37
LH:0
BRDA:11,0,0,0
BRDA:12,1,0,0
BRDA:12,1,1,0
BRDA:25,2,0,0
BRDA:26,3,0,0
BRDA:26,3,1,0
BRDA:29,4,0,0
BRDA:29,4,1,0
BRDA:44,5,0,0
BRDA:45,6,0,0
BRDA:45,6,1,0
BRDA:58,7,0,0
BRDA:89,8,0,0
BRDA:89,8,1,0
BRDA:90,9,0,0
BRDA:90,9,1,0
BRF:16
BRH:0
end_of_record
TN:
SF:src\app\api\admin\journeys\route.ts
FN:6,GET
FN:39,POST
FNF:2
FNH:0
FNDA:0,GET
FNDA:0,POST
DA:1,0
DA:2,0
DA:3,0
DA:6,0
DA:7,0
DA:8,0
DA:9,0
DA:10,0
DA:11,0
DA:14,0
DA:20,0
DA:26,0
DA:27,0
DA:30,0
DA:33,0
DA:34,0
DA:39,0
DA:40,0
DA:41,0
DA:42,0
DA:43,0
DA:44,0
DA:47,0
DA:52,0
DA:55,0
DA:63,0
DA:64,0
DA:65,0
DA:69,0
DA:77,0
DA:80,0
DA:81,0
LF:32
LH:0
BRDA:10,0,0,0
BRDA:26,1,0,0
BRDA:26,2,0,0
BRDA:26,2,1,0
BRDA:30,3,0,0
BRDA:30,3,1,0
BRDA:43,4,0,0
BRDA:63,5,0,0
BRF:8
BRH:0
end_of_record
TN:
SF:src\app\api\admin\logs\route.ts
FN:25,GET
FN:119,POST
FN:144,(anonymous_6)
FN:162,(anonymous_7)
FN:175,(anonymous_8)
FN:183,(anonymous_9)
FNF:6
FNH:0
FNDA:0,GET
FNDA:0,POST
FNDA:0,(anonymous_6)
FNDA:0,(anonymous_7)
FNDA:0,(anonymous_8)
FNDA:0,(anonymous_9)
DA:1,0
DA:2,0
DA:3,0
DA:10,0
DA:25,0
DA:26,0
DA:28,0
DA:29,0
DA:31,0
DA:32,0
DA:36,0
DA:37,0
DA:50,0
DA:56,0
DA:62,0
DA:63,0
DA:65,0
DA:66,0
DA:68,0
DA:69,0
DA:71,0
DA:72,0
DA:74,0
DA:75,0
DA:77,0
DA:78,0
DA:80,0
DA:81,0
DA:83,0
DA:84,0
DA:88,0
DA:89,0
DA:91,0
DA:93,0
DA:94,0
DA:95,0
DA:99,0
DA:101,0
DA:113,0
DA:114,0
DA:119,0
DA:120,0
DA:121,0
DA:122,0
DA:124,0
DA:125,0
DA:128,0
DA:130,0
DA:135,0
DA:137,0
DA:143,0
DA:144,0
DA:145,0
DA:149,0
DA:156,0
DA:162,0
DA:165,0
DA:172,0
DA:173,0
DA:175,0
DA:176,0
DA:177,0
DA:178,0
DA:179,0
DA:180,0
DA:183,0
DA:184,0
DA:187,0
DA:196,0
DA:197,0
DA:198,0
DA:200,0
DA:201,0
DA:204,0
DA:207,0
DA:210,0
DA:211,0
LF:77
LH:0
BRDA:31,0,0,0
BRDA:38,1,0,0
BRDA:38,1,1,0
BRDA:39,2,0,0
BRDA:39,2,1,0
BRDA:40,3,0,0
BRDA:40,3,1,0
BRDA:41,4,0,0
BRDA:41,4,1,0
BRDA:42,5,0,0
BRDA:42,5,1,0
BRDA:43,6,0,0
BRDA:43,6,1,0
BRDA:44,7,0,0
BRDA:44,7,1,0
BRDA:45,8,0,0
BRDA:45,8,1,0
BRDA:46,9,0,0
BRDA:46,9,1,0
BRDA:47,10,0,0
BRDA:47,10,1,0
BRDA:62,11,0,0
BRDA:65,12,0,0
BRDA:68,13,0,0
BRDA:71,14,0,0
BRDA:74,15,0,0
BRDA:77,16,0,0
BRDA:80,17,0,0
BRDA:83,18,0,0
BRDA:88,19,0,0
BRDA:88,19,1,0
BRDA:88,20,0,0
BRDA:88,20,1,0
BRDA:89,21,0,0
BRDA:89,21,1,0
BRDA:93,22,0,0
BRDA:102,23,0,0
BRDA:102,23,1,0
BRDA:104,24,0,0
BRDA:104,24,1,0
BRDA:105,25,0,0
BRDA:105,25,1,0
BRDA:106,26,0,0
BRDA:106,26,1,0
BRDA:107,27,0,0
BRDA:107,27,1,0
BRDA:107,28,0,0
BRDA:107,28,1,0
BRDA:109,29,0,0
BRDA:109,29,1,0
BRDA:124,30,0,0
BRDA:135,31,0,0
BRDA:144,32,0,0
BRDA:144,32,1,0
BRDA:145,33,0,0
BRDA:145,33,1,0
BRDA:162,34,0,0
BRDA:162,34,1,0
BRDA:175,35,0,0
BRDA:175,35,1,0
BRDA:177,36,0,0
BRDA:177,36,1,0
BRDA:179,37,0,0
BRDA:189,38,0,0
BRDA:189,38,1,0
BRDA:192,39,0,0
BRDA:192,39,1,0
BRDA:196,40,0,0
BRDA:197,41,0,0
BRDA:200,42,0,0
BRF:70
BRH:0
end_of_record
TN:
SF:src\app\api\admin\settings\route.ts
FN:5,GET
FN:27,(anonymous_4)
FN:38,POST
FNF:3
FNH:0
FNDA:0,GET
FNDA:0,(anonymous_4)
FNDA:0,POST
DA:1,0
DA:2,0
DA:3,0
DA:5,0
DA:6,0
DA:8,0
DA:9,0
DA:12,0
DA:13,0
DA:16,0
DA:17,0
DA:19,0
DA:23,0
DA:26,0
DA:27,0
DA:28,0
DA:31,0
DA:33,0
DA:34,0
DA:38,0
DA:39,0
DA:41,0
DA:42,0
DA:45,0
DA:46,0
DA:49,0
DA:50,0
DA:51,0
DA:52,0
DA:54,0
DA:55,0
DA:58,0
DA:59,0
DA:61,0
DA:62,0
DA:64,0
DA:67,0
DA:77,0
DA:79,0
DA:80,0
DA:90,0
DA:91,0
DA:92,0
DA:94,0
DA:95,0
DA:97,0
DA:98,0
DA:99,0
DA:101,0
DA:102,0
DA:106,0
DA:107,0
DA:114,0
DA:121,0
DA:122,0
LF:55
LH:0
BRDA:8,0,0,0
BRDA:8,1,0,0
BRDA:8,1,1,0
BRDA:9,2,0,0
BRDA:9,2,1,0
BRDA:12,3,0,0
BRDA:23,4,0,0
BRDA:41,5,0,0
BRDA:41,6,0,0
BRDA:41,6,1,0
BRDA:42,7,0,0
BRDA:42,7,1,0
BRDA:45,8,0,0
BRDA:54,9,0,0
BRDA:54,10,0,0
BRDA:54,10,1,0
BRDA:77,11,0,0
BRDA:77,11,1,0
BRDA:77,12,0,0
BRDA:77,12,1,0
BRDA:90,13,0,0
BRDA:90,13,1,0
BRDA:97,14,0,0
BRDA:97,14,1,0
BRDA:106,15,0,0
BRDA:106,16,0,0
BRDA:106,16,1,0
BRDA:118,17,0,0
BRDA:118,17,1,0
BRF:29
BRH:0
end_of_record
TN:
SF:src\app\api\admin\stats\route.ts
FN:7,GET
FN:65,(anonymous_4)
FNF:2
FNH:0
FNDA:0,GET
FNDA:0,(anonymous_4)
DA:1,0
DA:2,0
DA:3,0
DA:5,0
DA:7,0
DA:8,0
DA:10,0
DA:11,0
DA:14,0
DA:15,0
DA:16,0
DA:17,0
DA:18,0
DA:19,0
DA:22,0
DA:29,0
DA:37,0
DA:44,0
DA:52,0
DA:58,0
DA:64,0
DA:65,0
DA:68,0
DA:75,0
DA:82,0
DA:84,0
DA:90,0
DA:101,0
DA:102,0
LF:29
LH:0
BRDA:10,0,0,0
BRDA:11,1,0,0
BRDA:11,1,1,0
BRDA:30,2,0,0
BRDA:30,2,1,0
BRDA:31,3,0,0
BRDA:31,3,1,0
BRDA:32,4,0,0
BRDA:32,4,1,0
BRDA:33,5,0,0
BRDA:33,5,1,0
BRDA:45,6,0,0
BRDA:45,6,1,0
BRDA:46,7,0,0
BRDA:46,7,1,0
BRDA:47,8,0,0
BRDA:47,8,1,0
BRDA:48,9,0,0
BRDA:48,9,1,0
BRDA:64,10,0,0
BRDA:64,10,1,0
BRDA:64,11,0,0
BRDA:64,11,1,0
BRDA:65,12,0,0
BRDA:65,12,1,0
BRDA:69,13,0,0
BRDA:69,13,1,0
BRDA:70,14,0,0
BRDA:70,14,1,0
BRDA:85,15,0,0
BRDA:85,15,1,0
BRDA:86,16,0,0
BRDA:86,16,1,0
BRF:33
BRH:0
end_of_record
TN:
SF:src\app\api\admin\subscriptions\limits\route.ts
FN:6,GET
FN:35,PUT
FNF:2
FNH:0
FNDA:0,GET
FNDA:0,PUT
DA:1,0
DA:2,0
DA:3,0
DA:6,0
DA:7,0
DA:9,0
DA:10,0
DA:13,0
DA:14,0
DA:16,0
DA:22,0
DA:23,0
DA:24,0
DA:27,0
DA:29,0
DA:30,0
DA:35,0
DA:36,0
DA:38,0
DA:39,0
DA:42,0
DA:43,0
DA:44,0
DA:45,0
DA:47,0
DA:48,0
DA:51,0
DA:57,0
DA:58,0
DA:59,0
DA:62,0
DA:64,0
DA:65,0
LF:33
LH:0
BRDA:9,0,0,0
BRDA:9,1,0,0
BRDA:9,1,1,0
BRDA:10,2,0,0
BRDA:10,2,1,0
BRDA:22,3,0,0
BRDA:38,4,0,0
BRDA:38,5,0,0
BRDA:38,5,1,0
BRDA:39,6,0,0
BRDA:39,6,1,0
BRDA:47,7,0,0
BRDA:47,8,0,0
BRDA:47,8,1,0
BRDA:57,9,0,0
BRF:15
BRH:0
end_of_record
TN:
SF:src\app\api\admin\subscriptions\offers\route.ts
FN:6,GET
FN:34,POST
FN:76,DELETE
FNF:3
FNH:0
FNDA:0,GET
FNDA:0,POST
FNDA:0,DELETE
DA:1,0
DA:2,0
DA:3,0
DA:6,0
DA:7,0
DA:9,0
DA:10,0
DA:13,0
DA:14,0
DA:16,0
DA:21,0
DA:22,0
DA:23,0
DA:26,0
DA:28,0
DA:29,0
DA:34,0
DA:35,0
DA:37,0
DA:38,0
DA:41,0
DA:42,0
DA:43,0
DA:44,0
DA:46,0
DA:47,0
DA:50,0
DA:63,0
DA:64,0
DA:65,0
DA:68,0
DA:70,0
DA:71,0
DA:76,0
DA:77,0
DA:79,0
DA:80,0
DA:83,0
DA:84,0
DA:85,0
DA:86,0
DA:88,0
DA:89,0
DA:92,0
DA:97,0
DA:98,0
DA:99,0
DA:102,0
DA:104,0
DA:105,0
LF:50
LH:0
BRDA:9,0,0,0
BRDA:9,1,0,0
BRDA:9,1,1,0
BRDA:10,2,0,0
BRDA:10,2,1,0
BRDA:21,3,0,0
BRDA:37,4,0,0
BRDA:37,5,0,0
BRDA:37,5,1,0
BRDA:38,6,0,0
BRDA:38,6,1,0
BRDA:46,7,0,0
BRDA:46,8,0,0
BRDA:46,8,1,0
BRDA:46,8,2,0
BRDA:55,9,0,0
BRDA:55,9,1,0
BRDA:57,10,0,0
BRDA:57,10,1,0
BRDA:63,11,0,0
BRDA:79,12,0,0
BRDA:79,13,0,0
BRDA:79,13,1,0
BRDA:80,14,0,0
BRDA:80,14,1,0
BRDA:88,15,0,0
BRDA:97,16,0,0
BRF:27
BRH:0
end_of_record
TN:
SF:src\app\api\admin\users\route.ts
FN:5,GET
FN:43,(anonymous_4)
FN:57,(anonymous_5)
FN:59,(anonymous_6)
FN:61,(anonymous_7)
FN:86,PATCH
FNF:6
FNH:0
FNDA:0,GET
FNDA:0,(anonymous_4)
FNDA:0,(anonymous_5)
FNDA:0,(anonymous_6)
FNDA:0,(anonymous_7)
FNDA:0,PATCH
DA:1,0
DA:2,0
DA:3,0
DA:5,0
DA:6,0
DA:8,0
DA:9,0
DA:12,0
DA:13,0
DA:16,0
DA:17,0
DA:18,0
DA:20,0
DA:21,0
DA:22,0
DA:23,0
DA:24,0
DA:26,0
DA:30,0
DA:31,0
DA:34,0
DA:38,0
DA:40,0
DA:43,0
DA:45,0
DA:57,0
DA:58,0
DA:59,0
DA:61,0
DA:63,0
DA:71,0
DA:81,0
DA:82,0
DA:86,0
DA:87,0
DA:89,0
DA:90,0
DA:93,0
DA:94,0
DA:97,0
DA:98,0
DA:99,0
DA:100,0
DA:102,0
DA:103,0
DA:106,0
DA:113,0
DA:116,0
DA:124,0
DA:126,0
DA:127,0
LF:51
LH:0
BRDA:8,0,0,0
BRDA:8,1,0,0
BRDA:8,1,1,0
BRDA:9,2,0,0
BRDA:9,2,1,0
BRDA:12,3,0,0
BRDA:20,4,0,0
BRDA:20,4,1,0
BRDA:21,5,0,0
BRDA:21,5,1,0
BRDA:22,6,0,0
BRDA:22,6,1,0
BRDA:23,7,0,0
BRDA:23,7,1,0
BRDA:24,8,0,0
BRDA:24,8,1,0
BRDA:30,9,0,0
BRDA:40,10,0,0
BRDA:43,11,0,0
BRDA:43,11,1,0
BRDA:59,12,0,0
BRDA:59,12,1,0
BRDA:61,13,0,0
BRDA:61,13,1,0
BRDA:66,14,0,0
BRDA:66,14,1,0
BRDA:76,15,0,0
BRDA:76,15,1,0
BRDA:77,16,0,0
BRDA:77,16,1,0
BRDA:89,17,0,0
BRDA:89,18,0,0
BRDA:89,18,1,0
BRDA:90,19,0,0
BRDA:90,19,1,0
BRDA:93,20,0,0
BRDA:102,21,0,0
BRDA:102,22,0,0
BRDA:102,22,1,0
BRDA:113,23,0,0
BRF:40
BRH:0
end_of_record
TN:
SF:src\app\api\admin\users\ban\route.ts
FN:6,POST
FNF:1
FNH:0
FNDA:0,POST
DA:1,0
DA:2,0
DA:3,0
DA:6,0
DA:7,0
DA:9,0
DA:10,0
DA:11,0
DA:12,0
DA:15,0
DA:20,0
DA:22,0
DA:23,0
DA:27,0
DA:32,0
DA:33,0
DA:34,0
DA:38,0
DA:46,0
DA:49,0
DA:50,0
LF:21
LH:0
BRDA:11,0,0,0
BRDA:22,1,0,0
BRDA:29,2,0,0
BRDA:29,2,1,0
BRDA:32,3,0,0
BRDA:40,4,0,0
BRDA:40,4,1,0
BRF:7
BRH:0
end_of_record
TN:
SF:src\app\api\admin\users\force-logout\route.ts
FN:6,POST
FNF:1
FNH:0
FNDA:0,POST
DA:1,0
DA:2,0
DA:3,0
DA:6,0
DA:7,0
DA:9,0
DA:10,0
DA:11,0
DA:12,0
DA:15,0
DA:20,0
DA:22,0
DA:23,0
DA:27,0
DA:29,0
DA:30,0
DA:31,0
DA:35,0
DA:43,0
DA:46,0
DA:47,0
LF:21
LH:0
BRDA:11,0,0,0
BRDA:22,1,0,0
BRDA:29,2,0,0
BRF:3
BRH:0
end_of_record
TN:
SF:src\app\api\admin\users\premium\route.ts
FN:6,POST
FNF:1
FNH:0
FNDA:0,POST
DA:1,0
DA:2,0
DA:3,0
DA:6,0
DA:7,0
DA:9,0
DA:10,0
DA:11,0
DA:12,0
DA:15,0
DA:20,0
DA:22,0
DA:23,0
DA:27,0
DA:34,0
DA:35,0
DA:38,0
DA:40,0
DA:41,0
DA:43,0
DA:54,0
DA:55,0
DA:56,0
DA:60,0
DA:65,0
DA:66,0
DA:71,0
DA:79,0
DA:82,0
DA:83,0
LF:30
LH:0
BRDA:11,0,0,0
BRDA:22,1,0,0
BRDA:34,2,0,0
BRDA:34,3,0,0
BRDA:34,3,1,0
BRDA:38,4,0,0
BRDA:38,4,1,0
BRDA:54,5,0,0
BRDA:65,6,0,0
BRDA:73,7,0,0
BRDA:73,7,1,0
BRF:11
BRH:0
end_of_record
TN:
SF:src\app\api\admin\users\reset-password\route.ts
FN:6,POST
FNF:1
FNH:0
FNDA:0,POST
DA:1,0
DA:2,0
DA:3,0
DA:6,0
DA:7,0
DA:9,0
DA:10,0
DA:11,0
DA:12,0
DA:15,0
DA:20,0
DA:22,0
DA:23,0
DA:27,0
DA:29,0
DA:30,0
DA:34,0
DA:38,0
DA:39,0
DA:40,0
DA:44,0
DA:52,0
DA:55,0
DA:56,0
LF:24
LH:0
BRDA:11,0,0,0
BRDA:22,1,0,0
BRDA:29,2,0,0
BRDA:29,3,0,0
BRDA:29,3,1,0
BRDA:38,4,0,0
BRF:6
BRH:0
end_of_record
TN:
SF:src\app\api\ai\route.ts
FN:6,POST
FN:25,(anonymous_2)
FN:26,(anonymous_3)
FN:30,(anonymous_4)
FN:52,(anonymous_5)
FN:61,(anonymous_6)
FN:64,(anonymous_7)
FNF:7
FNH:0
FNDA:0,POST
FNDA:0,(anonymous_2)
FNDA:0,(anonymous_3)
FNDA:0,(anonymous_4)
FNDA:0,(anonymous_5)
FNDA:0,(anonymous_6)
FNDA:0,(anonymous_7)
DA:1,0
DA:4,0
DA:6,0
DA:7,0
DA:8,0
DA:9,0
DA:12,0
DA:13,0
DA:14,0
DA:24,0
DA:25,0
DA:26,0
DA:29,0
DA:30,0
DA:51,0
DA:52,0
DA:54,0
DA:61,0
DA:63,0
DA:64,0
DA:65,0
DA:68,0
DA:70,0
DA:71,0
DA:72,0
DA:73,0
DA:74,0
DA:75,0
DA:76,0
DA:77,0
DA:78,0
DA:81,0
DA:91,0
DA:94,0
DA:95,0
DA:98,0
DA:99,0
DA:108,0
DA:118,0
DA:119,0
DA:137,0
DA:140,0
DA:143,0
DA:144,0
DA:153,0
LF:45
LH:0
BRDA:12,0,0,0
BRDA:24,1,0,0
BRDA:24,1,1,0
BRDA:31,2,0,0
BRDA:31,2,1,0
BRDA:34,3,0,0
BRDA:34,3,1,0
BRDA:38,4,0,0
BRDA:38,4,1,0
BRDA:39,5,0,0
BRDA:39,5,1,0
BRDA:63,6,0,0
BRDA:70,7,0,0
BRDA:70,7,1,0
BRDA:72,8,0,0
BRDA:72,8,1,0
BRDA:72,9,0,0
BRDA:72,9,1,0
BRDA:75,10,0,0
BRDA:75,10,1,0
BRDA:77,11,0,0
BRDA:94,12,0,0
BRDA:94,13,0,0
BRDA:94,13,1,0
BRDA:94,13,2,0
BRDA:98,14,0,0
BRDA:126,15,0,0
BRDA:126,15,1,0
BRDA:130,16,0,0
BRDA:130,16,1,0
BRDA:131,17,0,0
BRDA:131,17,1,0
BRDA:132,18,0,0
BRDA:132,18,1,0
BRDA:143,19,0,0
BRF:35
BRH:0
end_of_record
TN:
SF:src\app\api\ai\chat\route.ts
FN:6,POST
FN:16,(anonymous_2)
FN:17,(anonymous_3)
FN:21,(anonymous_4)
FN:42,(anonymous_5)
FN:49,(anonymous_6)
FN:52,(anonymous_7)
FNF:7
FNH:0
FNDA:0,POST
FNDA:0,(anonymous_2)
FNDA:0,(anonymous_3)
FNDA:0,(anonymous_4)
FNDA:0,(anonymous_5)
FNDA:0,(anonymous_6)
FNDA:0,(anonymous_7)
DA:1,0
DA:4,0
DA:6,0
DA:7,0
DA:8,0
DA:9,0
DA:11,0
DA:12,0
DA:15,0
DA:16,0
DA:17,0
DA:20,0
DA:21,0
DA:41,0
DA:42,0
DA:44,0
DA:49,0
DA:51,0
DA:52,0
DA:53,0
DA:54,0
DA:57,0
DA:59,0
DA:60,0
DA:64,0
DA:69,0
DA:70,0
LF:27
LH:0
BRDA:11,0,0,0
BRDA:15,1,0,0
BRDA:15,1,1,0
BRDA:22,2,0,0
BRDA:22,2,1,0
BRDA:25,3,0,0
BRDA:25,3,1,0
BRDA:51,4,0,0
BRDA:59,5,0,0
BRF:9
BRH:0
end_of_record
TN:
SF:src\app\api\auth\signup-otp\route.ts
FN:6,generateOTP
FN:11,POST
FNF:2
FNH:0
FNDA:0,generateOTP
FNDA:0,POST
DA:1,0
DA:2,0
DA:3,0
DA:4,0
DA:8,0
DA:11,0
DA:12,0
DA:13,0
DA:15,0
DA:16,0
DA:19,0
DA:22,0
DA:23,0
DA:26,0
DA:32,0
DA:40,0
DA:41,0
DA:42,0
DA:46,0
DA:47,0
DA:48,0
DA:49,0
DA:50,0
DA:73,0
DA:75,0
DA:79,0
DA:82,0
DA:87,0
DA:88,0
LF:29
LH:0
BRDA:15,0,0,0
BRDA:40,1,0,0
BRDA:47,2,0,0
BRDA:47,2,1,0
BRDA:58,3,0,0
BRDA:58,3,1,0
BRF:6
BRH:0
end_of_record
TN:
SF:src\app\api\auth\verify-signup\route.ts
FN:4,POST
FN:49,(anonymous_2)
FNF:2
FNH:0
FNDA:0,POST
FNDA:0,(anonymous_2)
DA:1,0
DA:2,0
DA:4,0
DA:5,0
DA:6,0
DA:8,0
DA:9,0
DA:12,0
DA:15,0
DA:21,0
DA:22,0
DA:26,0
DA:27,0
DA:31,0
DA:35,0
DA:36,0
DA:40,0
DA:46,0
DA:48,0
DA:49,0
DA:50,0
DA:51,0
DA:57,0
DA:63,0
DA:64,0
LF:25
LH:0
BRDA:8,0,0,0
BRDA:8,1,0,0
BRDA:8,1,1,0
BRDA:21,2,0,0
BRDA:21,3,0,0
BRDA:21,3,1,0
BRDA:26,4,0,0
BRDA:35,5,0,0
BRDA:48,6,0,0
BRDA:50,7,0,0
BRDA:50,8,0,0
BRDA:50,8,1,0
BRF:12
BRH:0
end_of_record
TN:
SF:src\app\api\errors\log\route.ts
FN:8,POST
FNF:1
FNH:0
FNDA:0,POST
DA:1,0
DA:6,0
DA:8,0
DA:9,0
DA:10,0
DA:13,0
DA:26,0
DA:28,0
DA:29,0
LF:9
LH:0
BRF:0
BRH:0
end_of_record
TN:
SF:src\app\api\games-config\route.ts
FN:6,GET
FNF:1
FNH:0
FNDA:0,GET
DA:1,0
DA:2,0
DA:6,0
DA:7,0
DA:8,0
DA:14,0
DA:20,0
DA:21,0
DA:26,0
DA:27,0
DA:28,0
DA:31,0
DA:41,0
DA:45,0
DA:53,0
DA:54,0
LF:16
LH:0
BRDA:10,0,0,0
BRDA:10,0,1,0
BRDA:20,1,0,0
BRDA:20,2,0,0
BRDA:20,2,1,0
BRDA:26,3,0,0
BRDA:26,3,1,0
BRDA:26,4,0,0
BRDA:26,4,1,0
BRDA:26,4,2,0
BRF:10
BRH:0
end_of_record
TN:
SF:src\app\api\journeys-config\route.ts
FN:6,GET
FNF:1
FNH:0
FNDA:0,GET
DA:1,0
DA:2,0
DA:6,0
DA:7,0
DA:8,0
DA:14,0
DA:20,0
DA:21,0
DA:25,0
DA:32,0
DA:35,0
DA:36,0
LF:12
LH:0
BRDA:10,0,0,0
BRDA:10,0,1,0
BRDA:20,1,0,0
BRDA:20,2,0,0
BRDA:20,2,1,0
BRDA:25,3,0,0
BRDA:25,3,1,0
BRF:7
BRH:0
end_of_record
TN:
SF:src\app\api\limits\route.ts
FN:7,GET
FN:33,(anonymous_4)
FNF:2
FNH:0
FNDA:0,GET
FNDA:0,(anonymous_4)
DA:1,0
DA:2,0
DA:4,0
DA:7,0
DA:8,0
DA:9,0
DA:12,0
DA:17,0
DA:18,0
DA:20,0
DA:27,0
DA:33,0
DA:34,0
DA:35,0
DA:37,0
DA:38,0
DA:40,0
DA:41,0
DA:45,0
DA:47,0
DA:48,0
LF:21
LH:0
BRDA:17,0,0,0
BRDA:34,1,0,0
BRDA:35,2,0,0
BRDA:35,2,1,0
BRDA:35,3,0,0
BRDA:35,3,1,0
BRDA:37,4,0,0
BRDA:38,5,0,0
BRDA:38,5,1,0
BRDA:38,6,0,0
BRDA:38,6,1,0
BRDA:40,7,0,0
BRDA:41,8,0,0
BRDA:41,8,1,0
BRDA:41,9,0,0
BRDA:41,9,1,0
BRF:16
BRH:0
end_of_record
TN:
SF:src\app\api\logs\track\route.ts
FN:46,getClientIp
FN:58,checkRateLimit
FN:75,POST
FN:108,(anonymous_6)
FNF:4
FNH:0
FNDA:0,getClientIp
FNDA:0,checkRateLimit
FNDA:0,POST
FNDA:0,(anonymous_6)
DA:1,0
DA:2,0
DA:9,0
DA:12,0
DA:13,0
DA:14,0
DA:47,0
DA:48,0
DA:49,0
DA:51,0
DA:52,0
DA:53,0
DA:55,0
DA:59,0
DA:60,0
DA:62,0
DA:63,0
DA:64,0
DA:67,0
DA:68,0
DA:71,0
DA:72,0
DA:75,0
DA:76,0
DA:77,0
DA:78,0
DA:81,0
DA:82,0
DA:88,0
DA:91,0
DA:92,0
DA:99,0
DA:102,0
DA:108,0
DA:130,0
DA:134,0
DA:135,0
DA:137,0
DA:140,0
DA:146,0
DA:147,0
LF:41
LH:0
BRDA:48,0,0,0
BRDA:52,1,0,0
BRDA:62,2,0,0
BRDA:62,3,0,0
BRDA:62,3,1,0
BRDA:67,4,0,0
BRDA:78,5,0,0
BRDA:78,5,1,0
BRDA:81,6,0,0
BRDA:91,7,0,0
BRDA:91,8,0,0
BRDA:91,8,1,0
BRDA:91,8,2,0
BRDA:109,9,0,0
BRDA:109,9,1,0
BRDA:110,10,0,0
BRDA:110,10,1,0
BRDA:111,11,0,0
BRDA:111,11,1,0
BRDA:114,12,0,0
BRDA:114,12,1,0
BRDA:115,13,0,0
BRDA:115,13,1,0
BRDA:116,14,0,0
BRDA:116,14,1,0
BRDA:117,15,0,0
BRDA:117,15,1,0
BRDA:118,16,0,0
BRDA:118,16,1,0
BRDA:119,17,0,0
BRDA:119,17,1,0
BRDA:120,18,0,0
BRDA:120,18,1,0
BRDA:121,19,0,0
BRDA:121,19,1,0
BRDA:122,20,0,0
BRDA:122,20,1,0
BRDA:123,21,0,0
BRDA:123,21,1,0
BRDA:126,22,0,0
BRDA:126,22,1,0
BRDA:134,23,0,0
BRF:42
BRH:0
end_of_record
TN:
SF:src\app\api\offers\route.ts
FN:7,GET
FNF:1
FNH:0
FNDA:0,GET
DA:1,0
DA:2,0
DA:4,0
DA:7,0
DA:8,0
DA:9,0
DA:12,0
DA:19,0
DA:20,0
DA:21,0
DA:24,0
DA:30,0
DA:31,0
LF:13
LH:0
BRDA:19,0,0,0
BRDA:25,1,0,0
BRDA:25,1,1,0
BRDA:26,2,0,0
BRDA:26,2,1,0
BRDA:27,3,0,0
BRDA:27,3,1,0
BRF:7
BRH:0
end_of_record
TN:
SF:src\app\api\payments\activate-free\route.ts
FN:11,POST
FN:21,(anonymous_2)
FN:24,(anonymous_3)
FN:25,(anonymous_4)
FNF:4
FNH:0
FNDA:0,POST
FNDA:0,(anonymous_2)
FNDA:0,(anonymous_3)
FNDA:0,(anonymous_4)
DA:1,0
DA:2,0
DA:3,0
DA:4,0
DA:11,0
DA:12,0
DA:13,0
DA:16,0
DA:22,0
DA:25,0
DA:26,0
DA:34,0
DA:35,0
DA:36,0
DA:40,0
DA:46,0
DA:53,0
DA:54,0
DA:55,0
DA:58,0
DA:59,0
DA:62,0
DA:63,0
DA:64,0
DA:65,0
DA:71,0
DA:78,0
DA:79,0
DA:83,0
DA:84,0
DA:85,0
DA:89,0
DA:99,0
DA:100,0
DA:103,0
DA:105,0
DA:108,0
DA:114,0
DA:120,0
DA:121,0
LF:40
LH:0
BRDA:35,0,0,0
BRDA:35,1,0,0
BRDA:35,1,1,0
BRDA:53,2,0,0
BRDA:58,3,0,0
BRDA:65,4,0,0
BRDA:65,4,1,0
BRDA:78,5,0,0
BRDA:99,6,0,0
BRDA:103,7,0,0
BRDA:121,8,0,0
BRDA:121,8,1,0
BRF:12
BRH:0
end_of_record
TN:
SF:src\app\api\payments\callback\route.ts
FN:7,POST
FN:66,GET
FNF:2
FNH:0
FNDA:0,POST
FNDA:0,GET
DA:1,0
DA:2,0
DA:7,0
DA:8,0
DA:9,0
DA:10,0
DA:12,0
DA:15,0
DA:16,0
DA:17,0
DA:20,0
DA:22,0
DA:23,0
DA:24,0
DA:28,0
DA:31,0
DA:36,0
DA:50,0
DA:51,0
DA:52,0
DA:55,0
DA:57,0
DA:60,0
DA:61,0
DA:66,0
DA:67,0
DA:68,0
DA:69,0
DA:72,0
DA:73,0
DA:75,0
LF:31
LH:0
BRDA:15,0,0,0
BRDA:20,1,0,0
BRDA:20,1,1,0
BRDA:22,2,0,0
BRDA:22,3,0,0
BRDA:22,3,1,0
BRDA:31,4,0,0
BRDA:31,4,1,0
BRDA:50,5,0,0
BRDA:72,6,0,0
BRDA:72,6,1,0
BRF:11
BRH:0
end_of_record
TN:
SF:src\app\api\payments\checkout\route.ts
FN:5,POST
FNF:1
FNH:0
FNDA:0,POST
DA:1,0
DA:2,0
DA:3,0
DA:5,0
DA:6,0
DA:7,0
DA:8,0
DA:10,0
DA:11,0
DA:18,0
DA:19,0
DA:20,0
DA:22,0
DA:23,0
DA:24,0
DA:31,0
DA:45,0
DA:46,0
DA:53,0
DA:54,0
DA:55,0
DA:64,0
DA:70,0
DA:71,0
LF:24
LH:0
BRDA:10,0,0,0
BRDA:10,1,0,0
BRDA:10,1,1,0
BRDA:10,1,2,0
BRDA:18,2,0,0
BRDA:18,2,1,0
BRDA:22,3,0,0
BRDA:22,4,0,0
BRDA:22,4,1,0
BRDA:36,5,0,0
BRDA:36,5,1,0
BRDA:45,6,0,0
BRF:12
BRH:0
end_of_record
TN:
SF:src\app\api\payments\create\route.ts
FN:11,POST
FN:63,(anonymous_2)
FNF:2
FNH:0
FNDA:0,POST
FNDA:0,(anonymous_2)
DA:1,0
DA:9,0
DA:11,0
DA:12,0
DA:13,0
DA:14,0
DA:17,0
DA:18,0
DA:19,0
DA:27,0
DA:33,0
DA:34,0
DA:35,0
DA:43,0
DA:62,0
DA:63,0
DA:64,0
DA:65,0
DA:72,0
DA:74,0
DA:82,0
DA:83,0
LF:22
LH:0
BRDA:18,0,0,0
BRDA:34,1,0,0
BRDA:62,2,0,0
BRF:3
BRH:0
end_of_record
TN:
SF:src\app\api\payments\webhook\route.ts
FN:43,POST
FNF:1
FNH:0
FNDA:0,POST
DA:1,0
DA:2,0
DA:3,0
DA:43,0
DA:44,0
DA:45,0
DA:46,0
DA:49,0
DA:50,0
DA:51,0
DA:52,0
DA:56,0
DA:57,0
DA:58,0
DA:60,0
DA:62,0
DA:64,0
DA:70,0
DA:71,0
DA:73,0
DA:74,0
DA:75,0
DA:79,0
DA:94,0
DA:95,0
DA:96,0
DA:99,0
DA:100,0
DA:105,0
DA:107,0
DA:108,0
DA:116,0
DA:118,0
DA:122,0
DA:124,0
DA:125,0
DA:133,0
DA:135,0
DA:140,0
DA:141,0
DA:145,0
DA:148,0
DA:150,0
DA:151,0
LF:44
LH:0
BRDA:46,0,0,0
BRDA:46,0,1,0
BRDA:49,1,0,0
BRDA:49,2,0,0
BRDA:49,2,1,0
BRDA:50,3,0,0
BRDA:64,4,0,0
BRDA:64,4,1,0
BRDA:64,4,2,0
BRDA:64,4,3,0
BRDA:64,4,4,0
BRDA:64,4,5,0
BRDA:64,4,6,0
BRDA:64,4,7,0
BRDA:64,4,8,0
BRDA:71,5,0,0
BRDA:71,5,1,0
BRDA:73,6,0,0
BRDA:94,7,0,0
BRDA:107,8,0,0
BRDA:124,9,0,0
BRF:21
BRH:0
end_of_record
TN:
SF:src\app\api\pricing\route.ts
FN:6,GET
FN:31,(anonymous_4)
FNF:2
FNH:0
FNDA:0,GET
FNDA:0,(anonymous_4)
DA:1,0
DA:2,0
DA:4,0
DA:6,0
DA:7,0
DA:8,0
DA:11,0
DA:16,0
DA:17,0
DA:19,0
DA:26,0
DA:31,0
DA:32,0
DA:33,0
DA:35,0
DA:36,0
DA:40,0
DA:47,0
DA:48,0
LF:19
LH:0
BRDA:16,0,0,0
BRDA:32,1,0,0
BRDA:33,2,0,0
BRDA:33,2,1,0
BRDA:35,3,0,0
BRDA:36,4,0,0
BRDA:36,4,1,0
BRF:7
BRH:0
end_of_record
TN:
SF:src\app\api\sparks\create\route.ts
FN:4,POST
FNF:1
FNH:0
FNDA:0,POST
DA:1,0
DA:2,0
DA:4,0
DA:5,0
DA:6,0
DA:7,0
DA:9,0
DA:10,0
DA:13,0
DA:14,0
DA:17,0
DA:23,0
DA:24,0
DA:27,0
DA:30,0
DA:42,0
DA:47,0
DA:50,0
DA:51,0
LF:19
LH:0
BRDA:9,0,0,0
BRDA:23,1,0,0
BRDA:27,2,0,0
BRDA:27,2,1,0
BRDA:36,3,0,0
BRDA:36,3,1,0
BRDA:42,4,0,0
BRF:7
BRH:0
end_of_record
TN:
SF:src\app\api\sparks\process\route.ts
FN:7,callGemini
FN:28,POST
FN:72,processSpark
FN:118,analyzeResponse
FNF:4
FNH:0
FNDA:0,callGemini
FNDA:0,POST
FNDA:0,processSpark
FNDA:0,analyzeResponse
DA:1,0
DA:2,0
DA:4,0
DA:5,0
DA:8,0
DA:17,0
DA:18,0
DA:21,0
DA:22,0
DA:23,0
DA:25,0
DA:28,0
DA:29,0
DA:30,0
DA:33,0
DA:39,0
DA:41,0
DA:42,0
DA:43,0
DA:45,0
DA:49,0
DA:55,0
DA:57,0
DA:58,0
DA:59,0
DA:61,0
DA:64,0
DA:67,0
DA:68,0
DA:73,0
DA:74,0
DA:90,0
DA:92,0
DA:93,0
DA:102,0
DA:114,0
DA:119,0
DA:120,0
DA:137,0
DA:139,0
DA:140,0
DA:149,0
DA:160,0
LF:43
LH:0
BRDA:17,0,0,0
BRDA:23,1,0,0
BRDA:39,2,0,0
BRDA:41,3,0,0
BRDA:41,4,0,0
BRDA:41,4,1,0
BRDA:55,5,0,0
BRDA:57,6,0,0
BRDA:57,7,0,0
BRDA:57,7,1,0
BRDA:92,8,0,0
BRDA:92,8,1,0
BRDA:139,9,0,0
BRDA:139,9,1,0
BRF:14
BRH:0
end_of_record
TN:
SF:src\app\api\sparks\respond\route.ts
FN:4,POST
FNF:1
FNH:0
FNDA:0,POST
DA:1,0
DA:2,0
DA:4,0
DA:5,0
DA:6,0
DA:7,0
DA:9,0
DA:10,0
DA:13,0
DA:15,0
DA:16,0
DA:20,0
DA:30,0
DA:31,0
DA:32,0
DA:36,0
DA:37,0
DA:38,0
DA:44,0
DA:47,0
DA:50,0
DA:51,0
LF:22
LH:0
BRDA:9,0,0,0
BRDA:15,1,0,0
BRDA:15,2,0,0
BRDA:15,2,1,0
BRDA:30,3,0,0
BRDA:37,4,0,0
BRDA:37,4,1,0
BRF:7
BRH:0
end_of_record
TN:
SF:src\app\auth\auth-error\page.tsx
FN:6,AuthErrorPage
FNF:1
FNH:0
FNDA:0,AuthErrorPage
DA:3,0
DA:4,0
DA:6,0
LF:3
LH:0
BRF:0
BRH:0
end_of_record
TN:
SF:src\app\auth\callback\route.ts
FN:4,GET
FNF:1
FNH:0
FNDA:0,GET
DA:1,0
DA:2,0
DA:4,0
DA:5,0
DA:6,0
DA:7,0
DA:9,0
DA:10,0
DA:11,0
DA:13,0
DA:14,0
DA:19,0
LF:12
LH:0
BRDA:7,0,0,0
BRDA:7,0,1,0
BRDA:9,1,0,0
BRDA:13,2,0,0
BRF:4
BRH:0
end_of_record
TN:
SF:src\app\auth\forgot-password\page.tsx
FN:8,ForgotPasswordPage
FN:16,(anonymous_3)
FN:112,(anonymous_4)
FNF:3
FNH:0
FNDA:0,ForgotPasswordPage
FNDA:0,(anonymous_3)
FNDA:0,(anonymous_4)
DA:3,0
DA:4,0
DA:5,0
DA:6,0
DA:8,0
DA:9,0
DA:11,0
DA:12,0
DA:13,0
DA:14,0
DA:16,0
DA:17,0
DA:18,0
DA:19,0
DA:21,0
DA:23,0
DA:24,0
DA:26,0
DA:29,0
DA:32,0
DA:40,0
DA:112,0
LF:22
LH:0
BRDA:23,0,0,0
BRDA:23,0,1,0
BRDA:32,1,0,0
BRDA:40,2,0,0
BRDA:95,3,0,0
BRDA:125,4,0,0
BRDA:125,4,1,0
BRF:7
BRH:0
end_of_record
TN:
SF:src\app\auth\login\page.tsx
FN:12,LoginPage
FN:29,(anonymous_3)
FN:36,(anonymous_4)
FN:38,(anonymous_5)
FN:39,(anonymous_6)
FN:47,(anonymous_7)
FN:52,(anonymous_8)
FN:73,(anonymous_9)
FN:112,(anonymous_10)
FN:129,(anonymous_11)
FN:190,(anonymous_12)
FN:218,(anonymous_13)
FN:224,(anonymous_14)
FNF:13
FNH:0
FNDA:0,LoginPage
FNDA:0,(anonymous_3)
FNDA:0,(anonymous_4)
FNDA:0,(anonymous_5)
FNDA:0,(anonymous_6)
FNDA:0,(anonymous_7)
FNDA:0,(anonymous_8)
FNDA:0,(anonymous_9)
FNDA:0,(anonymous_10)
FNDA:0,(anonymous_11)
FNDA:0,(anonymous_12)
FNDA:0,(anonymous_13)
FNDA:0,(anonymous_14)
DA:3,0
DA:4,0
DA:5,0
DA:6,0
DA:7,0
DA:10,0
DA:12,0
DA:13,0
DA:14,0
DA:16,0
DA:20,0
DA:21,0
DA:22,0
DA:23,0
DA:24,0
DA:25,0
DA:26,0
DA:29,0
DA:30,0
DA:31,0
DA:36,0
DA:37,0
DA:38,0
DA:39,0
DA:40,0
DA:41,0
DA:42,0
DA:44,0
DA:47,0
DA:52,0
DA:53,0
DA:56,0
DA:57,0
DA:58,0
DA:59,0
DA:63,0
DA:64,0
DA:65,0
DA:66,0
DA:69,0
DA:70,0
DA:73,0
DA:74,0
DA:75,0
DA:78,0
DA:79,0
DA:80,0
DA:84,0
DA:85,0
DA:88,0
DA:90,0
DA:92,0
DA:93,0
DA:94,0
DA:97,0
DA:98,0
DA:99,0
DA:100,0
DA:102,0
DA:106,0
DA:109,0
DA:112,0
DA:113,0
DA:114,0
DA:115,0
DA:116,0
DA:117,0
DA:119,0
DA:122,0
DA:123,0
DA:125,0
DA:129,0
DA:130,0
DA:131,0
DA:132,0
DA:134,0
DA:137,0
DA:190,0
DA:218,0
DA:224,0
LF:80
LH:0
BRDA:30,0,0,0
BRDA:30,1,0,0
BRDA:30,1,1,0
BRDA:30,1,2,0
BRDA:37,2,0,0
BRDA:40,3,0,0
BRDA:56,4,0,0
BRDA:56,4,1,0
BRDA:58,5,0,0
BRDA:63,6,0,0
BRDA:63,6,1,0
BRDA:65,7,0,0
BRDA:78,8,0,0
BRDA:84,9,0,0
BRDA:92,10,0,0
BRDA:92,10,1,0
BRDA:97,11,0,0
BRDA:97,11,1,0
BRDA:114,12,0,0
BRDA:114,12,1,0
BRDA:116,13,0,0
BRDA:116,13,1,0
BRDA:122,14,0,0
BRDA:122,15,0,0
BRDA:122,15,1,0
BRDA:131,16,0,0
BRDA:134,17,0,0
BRDA:137,18,0,0
BRDA:172,19,0,0
BRDA:184,20,0,0
BRDA:184,20,1,0
BRDA:187,21,0,0
BRDA:187,21,1,0
BRDA:195,22,0,0
BRDA:212,23,0,0
BRDA:212,23,1,0
BRDA:214,24,0,0
BRDA:214,24,1,0
BRDA:215,25,0,0
BRDA:215,25,1,0
BRDA:228,26,0,0
BRDA:231,27,0,0
BRDA:239,28,0,0
BRDA:239,28,1,0
BRDA:242,29,0,0
BRDA:242,29,1,0
BRDA:247,30,0,0
BRDA:247,30,1,0
BRF:48
BRH:0
end_of_record
TN:
SF:src\app\auth\register\page.tsx
FN:9,RegisterPage
FN:26,(anonymous_3)
FN:112,(anonymous_4)
FN:200,(anonymous_5)
FN:216,(anonymous_6)
FN:232,(anonymous_7)
FN:245,(anonymous_8)
FN:255,(anonymous_9)
FN:276,(anonymous_10)
FN:282,(anonymous_11)
FN:300,(anonymous_12)
FNF:11
FNH:0
FNDA:0,RegisterPage
FNDA:0,(anonymous_3)
FNDA:0,(anonymous_4)
FNDA:0,(anonymous_5)
FNDA:0,(anonymous_6)
FNDA:0,(anonymous_7)
FNDA:0,(anonymous_8)
FNDA:0,(anonymous_9)
FNDA:0,(anonymous_10)
FNDA:0,(anonymous_11)
FNDA:0,(anonymous_12)
DA:3,0
DA:4,0
DA:5,0
DA:6,0
DA:7,0
DA:9,0
DA:10,0
DA:11,0
DA:13,0
DA:21,0
DA:22,0
DA:23,0
DA:24,0
DA:26,0
DA:27,0
DA:28,0
DA:30,0
DA:31,0
DA:32,0
DA:35,0
DA:36,0
DA:37,0
DA:40,0
DA:41,0
DA:42,0
DA:45,0
DA:46,0
DA:47,0
DA:51,0
DA:52,0
DA:53,0
DA:54,0
DA:55,0
DA:56,0
DA:58,0
DA:59,0
DA:60,0
DA:63,0
DA:65,0
DA:67,0
DA:80,0
DA:81,0
DA:82,0
DA:83,0
DA:84,0
DA:88,0
DA:97,0
DA:99,0
DA:103,0
DA:106,0
DA:107,0
DA:108,0
DA:112,0
DA:114,0
DA:115,0
DA:117,0
DA:118,0
DA:120,0
DA:121,0
DA:123,0
DA:124,0
DA:126,0
DA:127,0
DA:130,0
DA:133,0
DA:200,0
DA:216,0
DA:232,0
DA:245,0
DA:255,0
DA:276,0
DA:282,0
DA:300,0
LF:73
LH:0
BRDA:30,0,0,0
BRDA:35,1,0,0
BRDA:40,2,0,0
BRDA:45,3,0,0
BRDA:55,4,0,0
BRDA:55,5,0,0
BRDA:55,5,1,0
BRDA:55,5,2,0
BRDA:58,6,0,0
BRDA:80,7,0,0
BRDA:97,8,0,0
BRDA:114,9,0,0
BRDA:114,10,0,0
BRDA:114,10,1,0
BRDA:117,11,0,0
BRDA:120,12,0,0
BRDA:123,13,0,0
BRDA:123,14,0,0
BRDA:123,14,1,0
BRDA:126,15,0,0
BRDA:133,16,0,0
BRDA:183,17,0,0
BRDA:246,18,0,0
BRDA:246,18,1,0
BRDA:256,19,0,0
BRDA:256,19,1,0
BRDA:272,20,0,0
BRDA:272,20,1,0
BRDA:285,21,0,0
BRDA:296,22,0,0
BRDA:296,22,1,0
BRDA:325,23,0,0
BRDA:325,23,1,0
BRF:33
BRH:0
end_of_record
TN:
SF:src\app\auth\reset-password\page.tsx
FN:9,ResetPasswordPage
FN:21,(anonymous_2)
FN:28,(anonymous_3)
FN:50,(anonymous_4)
FN:123,(anonymous_5)
FN:130,(anonymous_6)
FN:148,(anonymous_7)
FNF:7
FNH:0
FNDA:0,ResetPasswordPage
FNDA:0,(anonymous_2)
FNDA:0,(anonymous_3)
FNDA:0,(anonymous_4)
FNDA:0,(anonymous_5)
FNDA:0,(anonymous_6)
FNDA:0,(anonymous_7)
DA:3,0
DA:5,0
DA:6,0
DA:7,0
DA:9,0
DA:10,0
DA:11,0
DA:13,0
DA:14,0
DA:15,0
DA:16,0
DA:17,0
DA:18,0
DA:21,0
DA:22,0
DA:24,0
DA:28,0
DA:29,0
DA:30,0
DA:32,0
DA:33,0
DA:34,0
DA:37,0
DA:38,0
DA:39,0
DA:42,0
DA:44,0
DA:46,0
DA:47,0
DA:49,0
DA:50,0
DA:51,0
DA:55,0
DA:58,0
DA:66,0
DA:123,0
DA:130,0
DA:148,0
LF:38
LH:0
BRDA:22,0,0,0
BRDA:22,1,0,0
BRDA:22,1,1,0
BRDA:32,2,0,0
BRDA:37,3,0,0
BRDA:46,4,0,0
BRDA:46,4,1,0
BRDA:58,5,0,0
BRDA:66,6,0,0
BRDA:106,7,0,0
BRDA:119,8,0,0
BRDA:119,8,1,0
BRDA:133,9,0,0
BRDA:144,10,0,0
BRDA:144,10,1,0
BRDA:162,11,0,0
BRDA:162,11,1,0
BRF:17
BRH:0
end_of_record
TN:
SF:src\app\auth\verify\page.tsx
FN:10,VerifyContent
FN:27,(anonymous_3)
FN:29,(anonymous_4)
FN:30,(anonymous_5)
FN:32,(anonymous_6)
FN:37,(anonymous_7)
FN:43,(anonymous_8)
FN:52,(anonymous_9)
FN:57,(anonymous_10)
FN:82,(anonymous_11)
FN:89,(anonymous_12)
FN:130,(anonymous_13)
FN:148,(anonymous_14)
FN:163,(anonymous_15)
FN:243,(anonymous_16)
FN:251,(anonymous_17)
FN:252,(anonymous_18)
FN:307,VerifyPage
FNF:18
FNH:0
FNDA:0,VerifyContent
FNDA:0,(anonymous_3)
FNDA:0,(anonymous_4)
FNDA:0,(anonymous_5)
FNDA:0,(anonymous_6)
FNDA:0,(anonymous_7)
FNDA:0,(anonymous_8)
FNDA:0,(anonymous_9)
FNDA:0,(anonymous_10)
FNDA:0,(anonymous_11)
FNDA:0,(anonymous_12)
FNDA:0,(anonymous_13)
FNDA:0,(anonymous_14)
FNDA:0,(anonymous_15)
FNDA:0,(anonymous_16)
FNDA:0,(anonymous_17)
FNDA:0,(anonymous_18)
FNDA:0,VerifyPage
DA:3,0
DA:4,0
DA:5,0
DA:6,0
DA:7,0
DA:8,0
DA:11,0
DA:12,0
DA:13,0
DA:15,0
DA:16,0
DA:17,0
DA:19,0
DA:20,0
DA:21,0
DA:22,0
DA:23,0
DA:24,0
DA:27,0
DA:28,0
DA:29,0
DA:30,0
DA:32,0
DA:37,0
DA:38,0
DA:39,0
DA:43,0
DA:44,0
DA:45,0
DA:46,0
DA:52,0
DA:53,0
DA:55,0
DA:56,0
DA:57,0
DA:58,0
DA:59,0
DA:62,0
DA:65,0
DA:66,0
DA:67,0
DA:69,0
DA:70,0
DA:71,0
DA:74,0
DA:75,0
DA:76,0
DA:79,0
DA:82,0
DA:83,0
DA:84,0
DA:85,0
DA:89,0
DA:90,0
DA:91,0
DA:93,0
DA:94,0
DA:95,0
DA:96,0
DA:100,0
DA:101,0
DA:102,0
DA:106,0
DA:107,0
DA:108,0
DA:111,0
DA:112,0
DA:113,0
DA:115,0
DA:121,0
DA:123,0
DA:124,0
DA:127,0
DA:130,0
DA:131,0
DA:135,0
DA:141,0
DA:142,0
DA:143,0
DA:146,0
DA:148,0
DA:149,0
DA:153,0
DA:154,0
DA:155,0
DA:156,0
DA:158,0
DA:163,0
DA:164,0
DA:166,0
DA:167,0
DA:169,0
DA:170,0
DA:172,0
DA:178,0
DA:179,0
DA:182,0
DA:184,0
DA:186,0
DA:190,0
DA:244,0
DA:251,0
DA:252,0
DA:307,0
LF:104
LH:0
BRDA:16,0,0,0
BRDA:16,0,1,0
BRDA:17,1,0,0
BRDA:17,1,1,0
BRDA:28,2,0,0
BRDA:45,3,0,0
BRDA:45,4,0,0
BRDA:45,4,1,0
BRDA:53,5,0,0
BRDA:53,5,1,0
BRDA:58,6,0,0
BRDA:74,7,0,0
BRDA:74,8,0,0
BRDA:74,8,1,0
BRDA:83,9,0,0
BRDA:83,10,0,0
BRDA:83,10,1,0
BRDA:83,10,2,0
BRDA:90,11,0,0
BRDA:94,12,0,0
BRDA:100,13,0,0
BRDA:100,14,0,0
BRDA:100,14,1,0
BRDA:106,15,0,0
BRDA:106,16,0,0
BRDA:106,16,1,0
BRDA:113,17,0,0
BRDA:113,17,1,0
BRDA:123,18,0,0
BRDA:124,19,0,0
BRDA:124,19,1,0
BRDA:141,20,0,0
BRDA:153,21,0,0
BRDA:153,21,1,0
BRDA:164,22,0,0
BRDA:170,23,0,0
BRDA:170,24,0,0
BRDA:170,24,1,0
BRDA:178,25,0,0
BRDA:190,26,0,0
BRDA:227,27,0,0
BRDA:233,28,0,0
BRDA:262,29,0,0
BRDA:262,29,1,0
BRDA:265,30,0,0
BRDA:265,30,1,0
BRDA:283,31,0,0
BRDA:283,31,1,0
BRDA:287,32,0,0
BRDA:292,33,0,0
BRF:50
BRH:0
end_of_record
TN:
SF:src\app\calendar\page.tsx
FN:60,(anonymous_2)
FN:69,(anonymous_3)
FN:79,CalendarPage
FN:104,(anonymous_5)
FN:107,(anonymous_6)
FN:125,(anonymous_7)
FN:130,(anonymous_8)
FN:166,(anonymous_9)
FN:189,(anonymous_10)
FN:192,(anonymous_11)
FN:196,(anonymous_12)
FN:200,(anonymous_13)
FN:204,(anonymous_14)
FN:209,(anonymous_15)
FN:210,(anonymous_16)
FN:218,(anonymous_17)
FN:219,(anonymous_18)
FN:223,(anonymous_19)
FN:231,(anonymous_20)
FN:242,(anonymous_21)
FN:268,(anonymous_22)
FN:291,(anonymous_23)
FN:297,(anonymous_24)
FN:308,(anonymous_25)
FN:318,(anonymous_26)
FN:332,(anonymous_27)
FN:382,(anonymous_28)
FN:391,(anonymous_29)
FN:406,(anonymous_30)
FN:421,(anonymous_31)
FN:485,(anonymous_32)
FN:498,(anonymous_33)
FN:519,(anonymous_34)
FN:528,(anonymous_35)
FN:582,(anonymous_36)
FN:589,(anonymous_37)
FN:623,(anonymous_38)
FN:624,(anonymous_39)
FN:649,(anonymous_40)
FN:670,(anonymous_41)
FN:688,(anonymous_42)
FN:701,AddEventModal
FN:724,(anonymous_44)
FN:744,(anonymous_45)
FN:792,(anonymous_46)
FN:810,(anonymous_47)
FN:822,(anonymous_48)
FN:828,(anonymous_49)
FN:856,(anonymous_50)
FN:864,(anonymous_51)
FN:922,CycleSettingsModal
FN:945,(anonymous_53)
FN:966,(anonymous_54)
FN:981,(anonymous_55)
FNF:54
FNH:0
FNDA:0,(anonymous_2)
FNDA:0,(anonymous_3)
FNDA:0,CalendarPage
FNDA:0,(anonymous_5)
FNDA:0,(anonymous_6)
FNDA:0,(anonymous_7)
FNDA:0,(anonymous_8)
FNDA:0,(anonymous_9)
FNDA:0,(anonymous_10)
FNDA:0,(anonymous_11)
FNDA:0,(anonymous_12)
FNDA:0,(anonymous_13)
FNDA:0,(anonymous_14)
FNDA:0,(anonymous_15)
FNDA:0,(anonymous_16)
FNDA:0,(anonymous_17)
FNDA:0,(anonymous_18)
FNDA:0,(anonymous_19)
FNDA:0,(anonymous_20)
FNDA:0,(anonymous_21)
FNDA:0,(anonymous_22)
FNDA:0,(anonymous_23)
FNDA:0,(anonymous_24)
FNDA:0,(anonymous_25)
FNDA:0,(anonymous_26)
FNDA:0,(anonymous_27)
FNDA:0,(anonymous_28)
FNDA:0,(anonymous_29)
FNDA:0,(anonymous_30)
FNDA:0,(anonymous_31)
FNDA:0,(anonymous_32)
FNDA:0,(anonymous_33)
FNDA:0,(anonymous_34)
FNDA:0,(anonymous_35)
FNDA:0,(anonymous_36)
FNDA:0,(anonymous_37)
FNDA:0,(anonymous_38)
FNDA:0,(anonymous_39)
FNDA:0,(anonymous_40)
FNDA:0,(anonymous_41)
FNDA:0,(anonymous_42)
FNDA:0,AddEventModal
FNDA:0,(anonymous_44)
FNDA:0,(anonymous_45)
FNDA:0,(anonymous_46)
FNDA:0,(anonymous_47)
FNDA:0,(anonymous_48)
FNDA:0,(anonymous_49)
FNDA:0,(anonymous_50)
FNDA:0,(anonymous_51)
FNDA:0,CycleSettingsModal
FNDA:0,(anonymous_53)
FNDA:0,(anonymous_54)
FNDA:0,(anonymous_55)
DA:3,0
DA:4,0
DA:5,0
DA:10,0
DA:11,0
DA:12,0
DA:14,0
DA:15,0
DA:40,0
DA:50,0
DA:55,0
DA:56,0
DA:57,0
DA:58,0
DA:60,0
DA:61,0
DA:62,0
DA:63,0
DA:64,0
DA:65,0
DA:69,0
DA:70,0
DA:71,0
DA:72,0
DA:73,0
DA:74,0
DA:79,0
DA:80,0
DA:81,0
DA:82,0
DA:85,0
DA:86,0
DA:87,0
DA:88,0
DA:89,0
DA:90,0
DA:91,0
DA:94,0
DA:95,0
DA:98,0
DA:99,0
DA:100,0
DA:101,0
DA:104,0
DA:105,0
DA:106,0
DA:107,0
DA:118,0
DA:119,0
DA:120,0
DA:121,0
DA:125,0
DA:126,0
DA:130,0
DA:132,0
DA:133,0
DA:135,0
DA:136,0
DA:138,0
DA:140,0
DA:143,0
DA:144,0
DA:153,0
DA:154,0
DA:162,0
DA:166,0
DA:167,0
DA:168,0
DA:169,0
DA:170,0
DA:171,0
DA:172,0
DA:174,0
DA:177,0
DA:178,0
DA:182,0
DA:183,0
DA:186,0
DA:189,0
DA:192,0
DA:193,0
DA:196,0
DA:197,0
DA:200,0
DA:201,0
DA:204,0
DA:205,0
DA:209,0
DA:210,0
DA:211,0
DA:218,0
DA:219,0
DA:223,0
DA:224,0
DA:225,0
DA:231,0
DA:232,0
DA:233,0
DA:237,0
DA:238,0
DA:242,0
DA:243,0
DA:244,0
DA:252,0
DA:262,0
DA:263,0
DA:264,0
DA:268,0
DA:269,0
DA:270,0
DA:274,0
DA:275,0
DA:291,0
DA:297,0
DA:308,0
DA:318,0
DA:332,0
DA:383,0
DA:392,0
DA:393,0
DA:396,0
DA:397,0
DA:398,0
DA:399,0
DA:400,0
DA:403,0
DA:406,0
DA:422,0
DA:486,0
DA:487,0
DA:499,0
DA:500,0
[...]
FNF:4
FNH:0
FNDA:0,useSubscription
FNDA:0,(anonymous_2)
FNDA:0,(anonymous_3)
FNDA:0,(anonymous_4)
DA:3,0
DA:4,0
DA:5,0
DA:6,0
DA:17,0
DA:18,0
DA:19,0
DA:21,0
DA:22,0
DA:23,0
DA:26,0
DA:29,0
DA:30,0
DA:31,0
DA:32,0
DA:35,0
DA:36,0
DA:39,0
DA:46,0
DA:48,0
DA:49,0
DA:53,0
DA:60,0
DA:64,0
DA:68,0
DA:70,0
DA:74,0
DA:75,0
DA:79,0
DA:80,0
DA:81,0
DA:84,0
DA:86,0
DA:93,0
DA:94,0
DA:98,0
DA:109,0
DA:111,0
DA:112,0
DA:116,0
DA:117,0
DA:120,0
DA:123,0
DA:128,0
DA:132,0
LF:45
LH:0
BRDA:26,0,0,0
BRDA:26,0,1,0
BRDA:26,0,2,0
BRDA:30,1,0,0
BRDA:46,2,0,0
BRDA:60,3,0,0
BRDA:60,4,0,0
BRDA:60,4,1,0
BRDA:64,5,0,0
BRDA:64,5,1,0
BRDA:79,6,0,0
BRDA:80,7,0,0
BRDA:93,8,0,0
BRDA:105,9,0,0
BRDA:105,9,1,0
BRDA:111,10,0,0
BRDA:116,11,0,0
BRDA:128,12,0,0
BRDA:128,12,1,0
BRF:19
BRH:0
end_of_record
TN:
SF:src\hooks\useTierLimits.ts
FN:66,useTierLimits
FN:87,(anonymous_2)
FN:88,(anonymous_3)
FN:111,(anonymous_4)
FN:129,(anonymous_5)
FN:146,(anonymous_6)
FN:147,(anonymous_7)
FN:180,(anonymous_8)
FN:225,(anonymous_9)
FN:243,(anonymous_10)
FN:262,(anonymous_11)
FN:279,(anonymous_12)
FN:298,(anonymous_13)
FN:312,(anonymous_14)
FN:318,(anonymous_15)
FN:324,(anonymous_16)
FN:334,(anonymous_17)
FNF:17
FNH:0
FNDA:0,useTierLimits
FNDA:0,(anonymous_2)
FNDA:0,(anonymous_3)
FNDA:0,(anonymous_4)
FNDA:0,(anonymous_5)
FNDA:0,(anonymous_6)
FNDA:0,(anonymous_7)
FNDA:0,(anonymous_8)
FNDA:0,(anonymous_9)
FNDA:0,(anonymous_10)
FNDA:0,(anonymous_11)
FNDA:0,(anonymous_12)
FNDA:0,(anonymous_13)
FNDA:0,(anonymous_14)
FNDA:0,(anonymous_15)
FNDA:0,(anonymous_16)
FNDA:0,(anonymous_17)
DA:3,0
DA:4,0
DA:5,0
DA:6,0
DA:7,0
DA:23,0
DA:66,0
DA:67,0
DA:68,0
DA:69,0
DA:70,0
DA:71,0
DA:72,0
DA:75,0
DA:82,0
DA:84,0
DA:87,0
DA:88,0
DA:89,0
DA:91,0
DA:92,0
DA:93,0
DA:94,0
DA:102,0
DA:106,0
DA:107,0
DA:108,0
DA:109,0
DA:110,0
DA:111,0
DA:113,0
DA:114,0
DA:116,0
DA:118,0
DA:119,0
DA:124,0
DA:125,0
DA:126,0
DA:127,0
DA:128,0
DA:129,0
DA:131,0
DA:133,0
DA:137,0
DA:139,0
DA:142,0
DA:146,0
DA:147,0
DA:148,0
DA:150,0
DA:151,0
DA:152,0
DA:155,0
DA:156,0
DA:160,0
DA:161,0
DA:164,0
DA:165,0
DA:168,0
DA:170,0
DA:172,0
DA:176,0
DA:180,0
DA:182,0
DA:183,0
DA:193,0
DA:194,0
DA:197,0
DA:198,0
DA:199,0
DA:208,0
DA:209,0
DA:214,0
DA:216,0
DA:225,0
DA:227,0
DA:229,0
DA:231,0
DA:232,0
DA:243,0
DA:245,0
DA:246,0
DA:249,0
DA:250,0
DA:253,0
DA:254,0
DA:259,0
DA:262,0
DA:263,0
DA:264,0
DA:265,0
DA:268,0
DA:273,0
DA:274,0
DA:279,0
DA:281,0
DA:285,0
DA:288,0
DA:290,0
DA:294,0
DA:298,0
DA:300,0
DA:303,0
DA:306,0
DA:308,0
DA:312,0
DA:314,0
DA:318,0
DA:319,0
DA:320,0
DA:324,0
DA:325,0
DA:334,0
DA:335,0
DA:338,0
LF:115
LH:0
BRDA:92,0,0,0
BRDA:95,1,0,0
BRDA:95,1,1,0
BRDA:96,2,0,0
BRDA:96,2,1,0
BRDA:97,3,0,0
BRDA:97,3,1,0
BRDA:106,4,0,0
BRDA:109,5,0,0
BRDA:109,6,0,0
BRDA:109,6,1,0
BRDA:114,7,0,0
BRDA:114,7,1,0
BRDA:116,8,0,0
BRDA:116,8,1,0
BRDA:125,9,0,0
BRDA:127,10,0,0
BRDA:127,11,0,0
BRDA:127,11,1,0
BRDA:131,12,0,0
BRDA:131,12,1,0
BRDA:148,13,0,0
BRDA:160,14,0,0
BRDA:160,14,1,0
BRDA:160,15,0,0
BRDA:160,15,1,0
BRDA:182,16,0,0
BRDA:193,17,0,0
BRDA:197,18,0,0
BRDA:198,19,0,0
BRDA:198,19,1,0
BRDA:214,20,0,0
BRDA:220,21,0,0
BRDA:220,21,1,0
BRDA:231,22,0,0
BRDA:231,22,1,0
BRDA:245,23,0,0
BRDA:249,24,0,0
BRDA:259,25,0,0
BRDA:281,26,0,0
BRDA:285,27,0,0
BRDA:288,28,0,0
BRDA:300,29,0,0
BRDA:303,30,0,0
BRDA:306,31,0,0
BRDA:319,32,0,0
BRDA:320,33,0,0
BRDA:320,33,1,0
BRDA:326,34,0,0
BRDA:326,34,1,0
BRF:50
BRH:0
end_of_record
TN:
SF:src\hooks\useTranslation.ts
FN:14,useTranslation
FN:17,(anonymous_3)
FNF:2
FNH:0
FNDA:0,useTranslation
FNDA:0,(anonymous_3)
DA:3,0
DA:4,0
DA:5,0
DA:12,0
DA:14,0
DA:15,0
DA:17,0
DA:18,0
DA:19,0
DA:21,0
DA:22,0
DA:23,0
DA:26,0
DA:27,0
DA:28,0
DA:29,0
DA:32,0
DA:35,0
DA:39,0
DA:42,0
LF:20
LH:0
BRDA:22,0,0,0
BRDA:22,0,1,0
BRDA:22,1,0,0
BRDA:22,1,1,0
BRDA:22,1,2,0
BRDA:28,2,0,0
BRDA:28,2,1,0
BRDA:28,3,0,0
BRDA:28,3,1,0
BRDA:28,3,2,0
BRDA:32,4,0,0
BRDA:32,4,1,0
BRDA:39,5,0,0
BRDA:39,5,1,0
BRDA:39,6,0,0
BRDA:39,6,1,0
BRF:16
BRH:0
end_of_record
TN:
SF:src\hooks\useWhisper.ts
FN:30,useWhisper
FN:45,(anonymous_2)
FN:46,loadPairing
FN:61,(anonymous_4)
FN:68,(anonymous_5)
FN:87,(anonymous_6)
FN:90,(anonymous_7)
FN:92,(anonymous_8)
FN:104,(anonymous_9)
FN:110,(anonymous_10)
FN:113,(anonymous_11)
FN:114,(anonymous_12)
FN:115,(anonymous_13)
FN:118,(anonymous_14)
FN:122,(anonymous_15)
FN:157,(anonymous_16)
FN:158,(anonymous_17)
FN:166,(anonymous_18)
FN:187,(anonymous_19)
FN:196,(anonymous_20)
FN:218,(anonymous_21)
FN:223,(anonymous_22)
FNF:22
FNH:0
FNDA:0,useWhisper
FNDA:0,(anonymous_2)
FNDA:0,loadPairing
FNDA:0,(anonymous_4)
FNDA:0,(anonymous_5)
FNDA:0,(anonymous_6)
FNDA:0,(anonymous_7)
FNDA:0,(anonymous_8)
FNDA:0,(anonymous_9)
FNDA:0,(anonymous_10)
FNDA:0,(anonymous_11)
FNDA:0,(anonymous_12)
FNDA:0,(anonymous_13)
FNDA:0,(anonymous_14)
FNDA:0,(anonymous_15)
FNDA:0,(anonymous_16)
FNDA:0,(anonymous_17)
FNDA:0,(anonymous_18)
FNDA:0,(anonymous_19)
FNDA:0,(anonymous_20)
FNDA:0,(anonymous_21)
FNDA:0,(anonymous_22)
DA:3,0
DA:4,0
DA:5,0
DA:6,0
DA:30,0
DA:31,0
DA:32,0
DA:33,0
DA:35,0
DA:36,0
DA:37,0
DA:40,0
DA:41,0
DA:42,0
DA:45,0
DA:47,0
DA:48,0
DA:49,0
DA:50,0
DA:51,0
DA:52,0
DA:53,0
DA:57,0
DA:61,0
DA:62,0
DA:64,0
DA:65,0
DA:67,0
DA:70,0
DA:72,0
DA:74,0
DA:83,0
DA:85,0
DA:86,0
DA:87,0
DA:89,0
DA:90,0
DA:92,0
DA:93,0
DA:94,0
DA:97,0
DA:99,0
DA:104,0
DA:105,0
DA:110,0
DA:111,0
DA:113,0
DA:114,0
DA:115,0
DA:118,0
DA:122,0
DA:123,0
DA:125,0
DA:127,0
DA:129,0
DA:138,0
DA:139,0
DA:145,0
DA:146,0
DA:157,0
DA:158,0
DA:159,0
DA:162,0
DA:166,0
DA:167,0
DA:169,0
DA:171,0
DA:179,0
DA:180,0
DA:186,0
DA:187,0
DA:188,0
DA:190,0
DA:191,0
DA:196,0
DA:197,0
DA:199,0
DA:201,0
DA:202,0
DA:213,0
DA:214,0
DA:218,0
DA:219,0
DA:223,0
DA:224,0
DA:225,0
DA:226,0
DA:229,0
LF:88
LH:0
BRDA:47,0,0,0
BRDA:49,1,0,0
BRDA:49,2,0,0
BRDA:49,2,1,0
BRDA:51,3,0,0
BRDA:53,4,0,0
BRDA:53,4,1,0
BRDA:53,4,2,0
BRDA:62,5,0,0
BRDA:62,6,0,0
BRDA:62,6,1,0
BRDA:70,7,0,0
BRDA:72,8,0,0
BRDA:72,8,1,0
BRDA:78,9,0,0
BRDA:78,9,1,0
BRDA:79,10,0,0
BRDA:79,10,1,0
BRDA:83,11,0,0
BRDA:83,11,1,0
BRDA:85,12,0,0
BRDA:85,12,1,0
BRDA:87,13,0,0
BRDA:87,13,1,0
BRDA:90,14,0,0
BRDA:90,14,1,0
BRDA:97,15,0,0
BRDA:111,16,0,0
BRDA:111,17,0,0
BRDA:111,17,1,0
BRDA:114,18,0,0
BRDA:114,18,1,0
BRDA:122,19,0,0
BRDA:123,20,0,0
BRDA:123,21,0,0
BRDA:123,21,1,0
BRDA:123,21,2,0
BRDA:132,22,0,0
BRDA:132,22,1,0
BRDA:158,23,0,0
BRDA:158,23,1,0
BRDA:167,24,0,0
BRDA:167,25,0,0
BRDA:167,25,1,0
BRDA:167,25,2,0
BRDA:174,26,0,0
BRDA:174,26,1,0
BRDA:175,27,0,0
BRDA:175,27,1,0
BRDA:186,28,0,0
BRDA:186,28,1,0
BRDA:187,29,0,0
BRDA:187,29,1,0
BRDA:197,30,0,0
BRDA:197,31,0,0
BRDA:197,31,1,0
BRDA:208,32,0,0
BRDA:208,32,1,0
BRDA:237,33,0,0
BRDA:237,33,1,0
BRF:60
BRH:0
end_of_record
TN:
SF:src\lib\ai.ts
FN:22,generateConflictAdvice
FN:211,callGeminiChat
FN:227,(anonymous_8)
FN:254,analyzeMood
FN:260,(anonymous_10)
FN:286,generateDailyWhisper
FN:295,callGemini
FN:314,(anonymous_13)
FN:341,generateMarriageAdvice
FN:347,generateGameQuestions
FN:350,(anonymous_16)
FNF:11
FNH:0
FNDA:0,generateConflictAdvice
FNDA:0,callGeminiChat
FNDA:0,(anonymous_8)
FNDA:0,analyzeMood
FNDA:0,(anonymous_10)
FNDA:0,generateDailyWhisper
FNDA:0,callGemini
FNDA:0,(anonymous_13)
FNDA:0,generateMarriageAdvice
FNDA:0,generateGameQuestions
FNDA:0,(anonymous_16)
DA:5,0
DA:22,0
DA:29,0
DA:172,0
DA:195,0
DA:196,0
DA:204,0
DA:212,0
DA:213,0
DA:226,0
DA:227,0
DA:228,0
DA:231,0
DA:234,0
DA:235,0
DA:237,0
DA:238,0
DA:239,0
DA:242,0
DA:244,0
DA:246,0
DA:247,0
DA:249,0
DA:254,0
DA:258,0
DA:260,0
DA:262,0
DA:282,0
DA:286,0
DA:287,0
DA:291,0
DA:296,0
DA:297,0
DA:313,0
DA:314,0
DA:315,0
DA:318,0
DA:321,0
DA:322,0
DA:324,0
DA:325,0
DA:326,0
DA:329,0
DA:331,0
DA:333,0
DA:334,0
DA:336,0
DA:341,0
DA:342,0
DA:343,0
DA:344,0
DA:347,0
DA:348,0
DA:349,0
DA:350,0
LF:55
LH:0
BRDA:26,0,0,0
BRDA:27,1,0,0
BRDA:29,2,0,0
BRDA:29,2,1,0
BRDA:172,3,0,0
BRDA:172,3,1,0
BRDA:195,4,0,0
BRDA:226,5,0,0
BRDA:237,6,0,0
BRDA:246,7,0,0
BRDA:246,8,0,0
BRDA:246,8,1,0
BRDA:256,9,0,0
BRDA:258,10,0,0
BRDA:258,11,0,0
BRDA:258,11,1,0
BRDA:262,12,0,0
BRDA:262,12,1,0
BRDA:282,13,0,0
BRDA:282,13,1,0
BRDA:286,14,0,0
BRDA:287,15,0,0
BRDA:287,15,1,0
BRDA:291,16,0,0
BRDA:291,16,1,0
BRDA:313,17,0,0
BRDA:324,18,0,0
BRDA:333,19,0,0
BRDA:333,20,0,0
BRDA:333,20,1,0
BRDA:342,21,0,0
BRDA:344,22,0,0
BRDA:344,22,1,0
BRDA:347,23,0,0
BRF:34
BRH:0
end_of_record
TN:
SF:src\lib\api.ts
FN:13,(anonymous_1)
FN:49,(anonymous_2)
FN:58,(anonymous_3)
FN:64,(anonymous_4)
FN:67,(anonymous_5)
FN:73,(anonymous_6)
FN:75,(anonymous_7)
FN:81,(anonymous_8)
FN:84,(anonymous_9)
FN:87,(anonymous_10)
FN:90,(anonymous_11)
FN:93,(anonymous_12)
FN:96,(anonymous_13)
FN:102,(anonymous_14)
FN:105,(anonymous_15)
FN:108,(anonymous_16)
FN:111,(anonymous_17)
FN:114,(anonymous_18)
FN:117,(anonymous_19)
FN:120,(anonymous_20)
FN:123,(anonymous_21)
FN:126,(anonymous_22)
FN:132,(anonymous_23)
FN:135,(anonymous_24)
FN:138,(anonymous_25)
FN:141,(anonymous_26)
FN:144,(anonymous_27)
FN:147,(anonymous_28)
FN:153,(anonymous_29)
FN:156,(anonymous_30)
FN:159,(anonymous_31)
FN:162,(anonymous_32)
FN:165,(anonymous_33)
FN:168,(anonymous_34)
FN:171,(anonymous_35)
FN:177,(anonymous_36)
FN:180,(anonymous_37)
FN:183,(anonymous_38)
FN:186,(anonymous_39)
FN:189,(anonymous_40)
FN:192,(anonymous_41)
FN:198,(anonymous_42)
FN:201,(anonymous_43)
FN:204,(anonymous_44)
FN:207,(anonymous_45)
FN:210,(anonymous_46)
FN:17,(anonymous_47)
FN:21,(anonymous_48)
FN:40,(anonymous_49)
FNF:49
FNH:0
FNDA:0,(anonymous_1)
FNDA:0,(anonymous_2)
FNDA:0,(anonymous_3)
FNDA:0,(anonymous_4)
FNDA:0,(anonymous_5)
FNDA:0,(anonymous_6)
FNDA:0,(anonymous_7)
FNDA:0,(anonymous_8)
FNDA:0,(anonymous_9)
FNDA:0,(anonymous_10)
FNDA:0,(anonymous_11)
FNDA:0,(anonymous_12)
FNDA:0,(anonymous_13)
FNDA:0,(anonymous_14)
FNDA:0,(anonymous_15)
FNDA:0,(anonymous_16)
FNDA:0,(anonymous_17)
FNDA:0,(anonymous_18)
FNDA:0,(anonymous_19)
FNDA:0,(anonymous_20)
FNDA:0,(anonymous_21)
FNDA:0,(anonymous_22)
FNDA:0,(anonymous_23)
FNDA:0,(anonymous_24)
FNDA:0,(anonymous_25)
FNDA:0,(anonymous_26)
FNDA:0,(anonymous_27)
FNDA:0,(anonymous_28)
FNDA:0,(anonymous_29)
FNDA:0,(anonymous_30)
FNDA:0,(anonymous_31)
FNDA:0,(anonymous_32)
FNDA:0,(anonymous_33)
FNDA:0,(anonymous_34)
FNDA:0,(anonymous_35)
FNDA:0,(anonymous_36)
FNDA:0,(anonymous_37)
FNDA:0,(anonymous_38)
FNDA:0,(anonymous_39)
FNDA:0,(anonymous_40)
FNDA:0,(anonymous_41)
FNDA:0,(anonymous_42)
FNDA:0,(anonymous_43)
FNDA:0,(anonymous_44)
FNDA:0,(anonymous_45)
FNDA:0,(anonymous_46)
FNDA:0,(anonymous_47)
FNDA:0,(anonymous_48)
FNDA:0,(anonymous_49)
DA:1,0
DA:11,0
DA:14,0
DA:18,0
DA:22,0
DA:24,0
DA:29,0
DA:30,0
DA:33,0
DA:39,0
DA:40,0
DA:41,0
DA:44,0
DA:48,0
DA:56,0
DA:59,0
DA:65,0
DA:68,0
DA:73,0
DA:76,0
DA:80,0
DA:82,0
DA:85,0
DA:88,0
DA:91,0
DA:94,0
DA:97,0
DA:101,0
DA:103,0
DA:106,0
DA:109,0
DA:112,0
DA:115,0
DA:118,0
DA:121,0
DA:124,0
DA:127,0
DA:131,0
DA:133,0
DA:136,0
DA:139,0
DA:142,0
DA:145,0
DA:148,0
DA:152,0
DA:154,0
DA:157,0
DA:160,0
DA:163,0
DA:166,0
DA:169,0
DA:172,0
DA:176,0
DA:178,0
DA:181,0
DA:184,0
DA:187,0
DA:190,0
DA:193,0
DA:197,0
DA:199,0
DA:202,0
DA:205,0
DA:208,0
DA:211,0
DA:215,0
LF:66
LH:0
BRDA:1,0,0,0
BRDA:1,0,1,0
BRDA:103,1,0,0
BRDA:103,1,1,0
BRDA:198,2,0,0
BRDA:198,3,0,0
BRDA:21,4,0,0
BRDA:22,5,0,0
BRDA:22,6,0,0
BRDA:29,7,0,0
BRDA:36,8,0,0
BRDA:36,8,1,0
BRDA:39,9,0,0
BRDA:41,10,0,0
BRDA:41,10,1,0
BRF:15
BRH:0
end_of_record
TN:
SF:src\lib\lemonsqueezy.ts
FN:10,fetchStoreId
FN:56,createCheckout
FN:121,verifyWebhookSignature
FN:136,getVariantId
FN:143,getStoreId
FNF:5
FNH:0
FNDA:0,fetchStoreId
FNDA:0,createCheckout
FNDA:0,verifyWebhookSignature
FNDA:0,getVariantId
FNDA:0,getStoreId
DA:4,0
DA:7,0
DA:11,0
DA:13,0
DA:14,0
DA:16,0
DA:17,0
DA:24,0
DA:25,0
DA:26,0
DA:27,0
DA:28,0
DA:32,0
DA:34,0
DA:56,0
DA:57,0
DA:59,0
DA:60,0
DA:61,0
DA:64,0
DA:65,0
DA:104,0
DA:105,0
DA:106,0
DA:107,0
DA:110,0
DA:111,0
DA:116,0
DA:117,0
DA:121,0
DA:122,0
DA:123,0
DA:125,0
DA:126,0
DA:127,0
DA:130,0
DA:131,0
DA:133,0
DA:136,0
DA:137,0
DA:138,0
DA:140,0
DA:143,0
DA:145,0
DA:146,0
DA:149,0
DA:150,0
LF:47
LH:0
BRDA:11,0,0,0
BRDA:14,1,0,0
BRDA:24,2,0,0
BRDA:26,3,0,0
BRDA:26,4,0,0
BRDA:26,4,1,0
BRDA:59,5,0,0
BRDA:83,6,0,0
BRDA:83,6,1,0
BRDA:104,7,0,0
BRDA:125,8,0,0
BRDA:137,9,0,0
BRDA:138,10,0,0
BRDA:138,10,1,0
BRDA:140,11,0,0
BRDA:140,11,1,0
BRDA:145,12,0,0
BRDA:150,13,0,0
BRDA:150,13,1,0
BRF:19
BRH:0
end_of_record
TN:
SF:src\lib\logger.ts
FN:9,(anonymous_3)
FN:14,(anonymous_4)
FN:21,(anonymous_5)
FN:26,(anonymous_6)
FNF:4
FNH:0
FNDA:0,(anonymous_3)
FNDA:0,(anonymous_4)
FNDA:0,(anonymous_5)
FNDA:0,(anonymous_6)
DA:6,0
DA:8,0
DA:10,0
DA:11,0
DA:15,0
DA:16,0
DA:22,0
DA:23,0
DA:27,0
DA:28,0
DA:33,0
LF:11
LH:0
BRDA:10,0,0,0
BRDA:15,1,0,0
BRDA:22,2,0,0
BRDA:27,3,0,0
BRF:4
BRH:0
end_of_record
TN:
SF:src\lib\payments.ts
FN:102,getPlanById
FN:103,(anonymous_11)
FN:107,formatPrice
FN:119,(anonymous_13)
FN:124,(anonymous_14)
FN:136,(anonymous_15)
FN:143,usePayment
FN:146,(anonymous_17)
FNF:8
FNH:0
FNDA:0,getPlanById
FNDA:0,(anonymous_11)
FNDA:0,formatPrice
FNDA:0,(anonymous_13)
FNDA:0,(anonymous_14)
FNDA:0,(anonymous_15)
FNDA:0,usePayment
FNDA:0,(anonymous_17)
DA:49,0
DA:56,0
DA:57,0
DA:60,0
DA:63,0
DA:102,0
DA:103,0
DA:107,0
DA:108,0
DA:116,0
DA:120,0
DA:127,0
DA:129,0
DA:138,0
DA:143,0
DA:144,0
DA:146,0
DA:147,0
DA:148,0
DA:149,0
DA:152,0
DA:153,0
DA:157,0
DA:160,0
LF:24
LH:0
BRDA:107,0,0,0
BRDA:148,1,0,0
BRDA:152,2,0,0
BRF:3
BRH:0
end_of_record
TN:
SF:src\lib\sentry.ts
FN:12,initErrorMonitoring
FN:16,(anonymous_11)
FN:16,(anonymous_12)
FN:23,(anonymous_13)
FN:45,captureError
FN:64,(anonymous_15)
FN:68,setErrorUser
FN:75,clearErrorUser
FN:82,addBreadcrumb
FN:89,createErrorLogHandler
FN:90,(anonymous_20)
FNF:11
FNH:0
FNDA:0,initErrorMonitoring
FNDA:0,(anonymous_11)
FNDA:0,(anonymous_12)
FNDA:0,(anonymous_13)
FNDA:0,captureError
FNDA:0,(anonymous_15)
FNDA:0,setErrorUser
FNDA:0,clearErrorUser
FNDA:0,addBreadcrumb
FNDA:0,createErrorLogHandler
FNDA:0,(anonymous_20)
DA:5,0
DA:8,0
DA:9,0
DA:12,0
DA:13,0
DA:14,0
DA:16,0
DA:18,0
DA:19,0
DA:24,0
DA:25,0
DA:27,0
DA:35,0
DA:36,0
DA:39,0
DA:45,0
DA:46,0
DA:47,0
DA:49,0
DA:50,0
DA:54,0
DA:68,0
DA:69,0
DA:70,0
DA:75,0
DA:76,0
DA:77,0
DA:82,0
DA:83,0
DA:84,0
DA:89,0
DA:90,0
DA:93,0
DA:94,0
DA:95,0
LF:35
LH:0
BRDA:13,0,0,0
BRDA:13,1,0,0
BRDA:13,1,1,0
BRDA:18,2,0,0
BRDA:24,3,0,0
BRDA:49,4,0,0
BRDA:49,5,0,0
BRDA:49,5,1,0
BRDA:62,6,0,0
BRDA:62,6,1,0
BRDA:69,7,0,0
BRDA:69,8,0,0
BRDA:69,8,1,0
BRDA:76,9,0,0
BRDA:76,10,0,0
BRDA:76,10,1,0
BRDA:83,11,0,0
BRDA:83,12,0,0
BRDA:83,12,1,0
BRF:19
BRH:0
end_of_record
TN:
SF:src\lib\sounds.ts
FN:7,(anonymous_1)
FN:17,(anonymous_2)
FN:28,(anonymous_3)
FN:40,(anonymous_4)
FN:48,(anonymous_5)
FN:57,(anonymous_6)
FN:64,(anonymous_7)
FN:70,(anonymous_8)
FN:75,(anonymous_9)
FN:79,(anonymous_10)
FNF:10
FNH:0
FNDA:0,(anonymous_1)
FNDA:0,(anonymous_2)
FNDA:0,(anonymous_3)
FNDA:0,(anonymous_4)
FNDA:0,(anonymous_5)
FNDA:0,(anonymous_6)
FNDA:0,(anonymous_7)
FNDA:0,(anonymous_8)
FNDA:0,(anonymous_9)
FNDA:0,(anonymous_10)
DA:3,0
DA:4,0
DA:5,0
DA:8,0
DA:9,0
DA:10,0
DA:11,0
DA:12,0
DA:13,0
DA:20,0
DA:28,0
DA:29,0
DA:30,0
DA:31,0
DA:32,0
DA:33,0
DA:35,0
DA:41,0
DA:43,0
DA:44,0
DA:45,0
DA:46,0
DA:47,0
DA:48,0
DA:52,0
DA:58,0
DA:59,0
DA:60,0
DA:65,0
DA:66,0
DA:67,0
DA:70,0
DA:71,0
DA:76,0
DA:80,0
DA:85,0
LF:36
LH:0
BRDA:8,0,0,0
BRDA:12,1,0,0
BRDA:12,1,1,0
BRDA:41,2,0,0
BRDA:44,3,0,0
BRDA:47,4,0,0
BRDA:47,4,1,0
BRDA:59,5,0,0
BRDA:66,6,0,0
BRF:9
BRH:0
end_of_record
TN:
SF:src\lib\utils.ts
FN:4,cn
FNF:1
FNH:0
FNDA:0,cn
DA:1,0
DA:2,0
DA:4,0
DA:5,0
LF:4
LH:0
BRF:0
BRH:0
end_of_record
TN:
SF:src\lib\validation-messages.ts
FN:44,(anonymous_5)
FN:45,(anonymous_6)
FN:56,getPasswordStrength
FN:80,validateSaudiPhone
FN:86,validateEmail
FNF:5
FNH:0
FNDA:0,(anonymous_5)
FNDA:0,(anonymous_6)
FNDA:0,getPasswordStrength
FNDA:0,validateSaudiPhone
FNDA:0,validateEmail
DA:4,0
DA:44,0
DA:45,0
DA:56,0
DA:61,0
DA:63,0
DA:64,0
DA:65,0
DA:66,0
DA:67,0
DA:68,0
DA:70,0
DA:71,0
DA:72,0
DA:73,0
DA:75,0
DA:80,0
DA:81,0
DA:82,0
DA:86,0
DA:87,0
LF:21
LH:0
BRDA:63,0,0,0
BRDA:64,1,0,0
BRDA:65,2,0,0
BRDA:66,3,0,0
BRDA:67,4,0,0
BRDA:68,5,0,0
BRDA:70,6,0,0
BRDA:70,6,1,0
BRDA:72,7,0,0
BRDA:72,7,1,0
BRF:10
BRH:0
end_of_record
TN:
SF:src\lib\admin\auth.ts
FN:14,isAdminEmail
FN:18,createAdminSession
FN:36,getAdminSession
FN:57,clearAdminSession
FN:61,requireAdminSession
FNF:5
FNH:0
FNDA:0,isAdminEmail
FNDA:0,createAdminSession
FNDA:0,getAdminSession
FNDA:0,clearAdminSession
FNDA:0,requireAdminSession
DA:1,0
DA:2,0
DA:4,0
DA:9,0
DA:14,0
DA:15,0
DA:18,0
DA:19,0
DA:25,0
DA:33,0
DA:36,0
DA:37,0
DA:38,0
DA:39,0
DA:41,0
DA:42,0
DA:45,0
DA:47,0
DA:53,0
DA:57,0
DA:58,0
DA:61,0
DA:62,0
DA:64,0
DA:65,0
DA:68,0
LF:26
LH:0
BRDA:5,0,0,0
BRDA:5,0,1,0
BRDA:41,1,0,0
BRDA:64,2,0,0
BRDA:64,3,0,0
BRDA:64,3,1,0
BRF:6
BRH:0
end_of_record
TN:
SF:src\lib\admin\middleware.ts
FN:11,verifyAdmin
FN:43,unauthorizedResponse
FN:47,forbiddenResponse
FN:52,hasPermission
FNF:4
FNH:0
FNDA:0,verifyAdmin
FNDA:0,unauthorizedResponse
FNDA:0,forbiddenResponse
FNDA:0,hasPermission
DA:1,0
DA:2,0
DA:11,0
DA:17,0
DA:18,0
DA:20,0
DA:21,0
DA:24,0
DA:25,0
DA:29,0
DA:36,0
DA:38,0
DA:39,0
DA:43,0
DA:44,0
DA:47,0
DA:48,0
DA:52,0
DA:53,0
DA:55,0
LF:20
LH:0
BRDA:20,0,0,0
BRDA:24,1,0,0
BRDA:43,2,0,0
BRDA:47,3,0,0
BRDA:53,4,0,0
BRF:5
BRH:0
end_of_record
TN:
SF:src\lib\supabase\client.ts
FN:3,createClient
FNF:1
FNH:0
FNDA:0,createClient
DA:1,0
DA:3,0
DA:4,0
LF:3
LH:0
BRF:0
BRH:0
end_of_record
TN:
SF:src\lib\supabase\middleware.ts
FN:4,updateSession
FN:14,(anonymous_2)
FN:17,(anonymous_3)
FN:18,(anonymous_4)
FN:22,(anonymous_5)
FN:40,(anonymous_6)
FN:50,(anonymous_7)
FNF:7
FNH:0
FNDA:0,updateSession
FNDA:0,(anonymous_2)
FNDA:0,(anonymous_3)
FNDA:0,(anonymous_4)
FNDA:0,(anonymous_5)
FNDA:0,(anonymous_6)
FNDA:0,(anonymous_7)
DA:1,0
DA:2,0
DA:4,0
DA:5,0
DA:9,0
DA:15,0
DA:18,0
DA:19,0
DA:22,0
DA:23,0
DA:36,0
DA:39,0
DA:40,0
DA:42,0
DA:43,0
DA:44,0
DA:45,0
DA:49,0
DA:50,0
DA:52,0
DA:53,0
DA:54,0
DA:55,0
DA:71,0
LF:24
LH:0
BRDA:42,0,0,0
BRDA:42,1,0,0
BRDA:42,1,1,0
BRDA:52,2,0,0
BRDA:52,3,0,0
BRDA:52,3,1,0
BRF:6
BRH:0
end_of_record
TN:
SF:src\lib\supabase\server.ts
FN:4,createClient
FN:12,(anonymous_4)
FN:15,(anonymous_5)
FN:17,(anonymous_6)
FN:30,createAdminClient
FN:40,(anonymous_8)
FN:43,(anonymous_9)
FNF:7
FNH:0
FNDA:0,createClient
FNDA:0,(anonymous_4)
FNDA:0,(anonymous_5)
FNDA:0,(anonymous_6)
FNDA:0,createAdminClient
FNDA:0,(anonymous_8)
FNDA:0,(anonymous_9)
DA:1,0
DA:2,0
DA:4,0
DA:5,0
DA:7,0
DA:13,0
DA:16,0
DA:17,0
DA:18,0
DA:30,0
DA:31,0
DA:32,0
DA:35,0
DA:41,0
LF:14
LH:0
BRDA:31,0,0,0
BRF:1
BRH:0
end_of_record
TN:
SF:src\stores\auth-store.ts
FN:40,(anonymous_1)
FN:48,(anonymous_2)
FN:51,(anonymous_3)
FN:54,(anonymous_4)
FN:57,(anonymous_5)
FN:60,(anonymous_6)
FN:72,(anonymous_7)
FNF:7
FNH:0
FNDA:0,(anonymous_1)
FNDA:0,(anonymous_2)
FNDA:0,(anonymous_3)
FNDA:0,(anonymous_4)
FNDA:0,(anonymous_5)
FNDA:0,(anonymous_6)
FNDA:0,(anonymous_7)
DA:1,0
DA:2,0
DA:38,0
DA:40,0
DA:49,0
DA:52,0
DA:55,0
DA:58,0
DA:61,0
DA:72,0
LF:10
LH:0
BRF:0
BRH:0
end_of_record
TN:
SF:src\stores\game-store.ts
FN:17,(anonymous_1)
FN:24,(anonymous_2)
FN:27,(anonymous_3)
FN:30,(anonymous_4)
FN:33,(anonymous_5)
FNF:5
FNH:0
FNDA:0,(anonymous_1)
FNDA:0,(anonymous_2)
FNDA:0,(anonymous_3)
FNDA:0,(anonymous_4)
FNDA:0,(anonymous_5)
DA:1,0
DA:17,0
DA:25,0
DA:28,0
DA:31,0
DA:34,0
LF:6
LH:0
BRF:0
BRH:0
end_of_record
TN:
SF:src\stores\settings-store.ts
FN:32,(anonymous_3)
FN:35,(anonymous_4)
FN:49,(anonymous_5)
FN:53,(anonymous_6)
FN:57,(anonymous_7)
FN:61,(anonymous_8)
FN:65,(anonymous_9)
FN:77,initializeSettings
FNF:8
FNH:1
FNDA:1,(anonymous_3)
FNDA:0,(anonymous_4)
FNDA:0,(anonymous_5)
FNDA:0,(anonymous_6)
FNDA:0,(anonymous_7)
FNDA:0,(anonymous_8)
FNDA:0,(anonymous_9)
FNDA:0,initializeSettings
DA:1,1
DA:2,1
DA:30,2
DA:32,1
DA:36,0
DA:37,0
DA:38,0
DA:39,0
DA:41,0
DA:49,0
DA:53,0
DA:57,0
DA:61,0
DA:65,0
DA:77,0
DA:78,0
DA:79,0
DA:80,0
DA:83,0
DA:84,0
DA:87,0
DA:88,0
LF:22
LH:4
BRDA:36,0,0,0
BRDA:78,1,0,0
BRF:2
BRH:0
end_of_record
TN:
SF:src\utils\test-utils.tsx
FN:5,(anonymous_10)
FN:10,(anonymous_11)
FNF:2
FNH:2
FNDA:2,(anonymous_10)
FNDA:2,(anonymous_11)
DA:2,1
DA:5,1
DA:10,1
DA:13,2
DA:17,2
DA:20,1
DA:28,1
DA:36,1
DA:44,1
DA:53,1
LF:10
LH:10
BRF:0
BRH:0
end_of_record
