TN:
SF:src\app\global-error.tsx
FN:5,GlobalError
FNF:1
FNH:0
FNDA:0,GlobalError
DA:5,0
LF:1
LH:0
BRF:0
BRH:0
end_of_record
TN:
SF:src\app\layout.tsx
FN:36,RootLayout
FNF:1
FNH:0
FNDA:0,RootLayout
DA:2,0
DA:3,0
DA:4,0
DA:6,0
DA:12,0
DA:19,0
DA:36,0
LF:7
LH:0
BRF:0
BRH:0
end_of_record
TN:
SF:src\app\page.tsx
FN:7,HomePage
FNF:1
FNH:0
FNDA:0,HomePage
DA:3,0
DA:4,0
DA:5,0
DA:7,0
LF:4
LH:0
BRF:0
BRH:0
end_of_record
TN:
SF:src\app\providers.tsx
FN:9,SettingsInitializer
FN:12,(anonymous_3)
FN:26,GlobalWhisperListener
FN:31,Providers
FN:33,(anonymous_6)
FNF:5
FNH:0
FNDA:0,SettingsInitializer
FNDA:0,(anonymous_3)
FNDA:0,GlobalWhisperListener
FNDA:0,Providers
FNDA:0,(anonymous_6)
DA:3,0
DA:4,0
DA:5,0
DA:6,0
DA:7,0
DA:10,0
DA:12,0
DA:14,0
DA:15,0
DA:18,0
DA:19,0
DA:22,0
DA:27,0
DA:31,0
DA:32,0
DA:34,0
LF:16
LH:0
BRDA:19,0,0,0
BRDA:19,0,1,0
BRF:2
BRH:0
end_of_record
TN:
SF:src\app\achievements\page.tsx
FN:43,AchievementsPage
FN:55,(anonymous_3)
FN:89,(anonymous_4)
FN:99,(anonymous_5)
FNF:4
FNH:0
FNDA:0,AchievementsPage
FNDA:0,(anonymous_3)
FNDA:0,(anonymous_4)
FNDA:0,(anonymous_5)
DA:3,0
DA:16,0
DA:17,0
DA:18,0
DA:19,0
DA:21,0
DA:32,0
DA:43,0
DA:44,0
DA:45,0
DA:47,0
DA:55,0
DA:56,0
DA:90,0
DA:91,0
DA:93,0
DA:99,0
LF:17
LH:0
BRDA:47,0,0,0
BRDA:90,1,0,0
BRDA:90,1,1,0
BRDA:91,2,0,0
BRDA:91,2,1,0
BRDA:100,3,0,0
BRDA:100,3,1,0
BRDA:104,4,0,0
BRDA:104,4,1,0
BRDA:109,5,0,0
BRDA:119,6,0,0
BRDA:119,6,1,0
BRDA:119,6,2,0
BRDA:134,7,0,0
BRF:14
BRH:0
end_of_record
TN:
SF:src\app\admin\(dashboard)\layout.tsx
FN:10,AdminLayout
FNF:1
FNH:0
FNDA:0,AdminLayout
DA:1,0
DA:2,0
DA:3,0
DA:4,0
DA:10,0
DA:11,0
DA:13,0
DA:14,0
LF:8
LH:0
BRDA:13,0,0,0
BRF:1
BRH:0
end_of_record
TN:
SF:src\app\admin\(dashboard)\page.tsx
FN:78,AdminDashboard
FN:83,(anonymous_3)
FN:87,(anonymous_4)
FN:91,(anonymous_5)
FN:182,(anonymous_6)
FN:247,(anonymous_7)
FN:249,(anonymous_8)
FNF:7
FNH:0
FNDA:0,AdminDashboard
FNDA:0,(anonymous_3)
FNDA:0,(anonymous_4)
FNDA:0,(anonymous_5)
FNDA:0,(anonymous_6)
FNDA:0,(anonymous_7)
FNDA:0,(anonymous_8)
DA:3,0
DA:4,0
DA:5,0
DA:16,0
DA:17,0
DA:78,0
DA:79,0
DA:80,0
DA:81,0
DA:83,0
DA:84,0
DA:87,0
DA:88,0
DA:89,0
DA:90,0
DA:91,0
DA:92,0
DA:94,0
DA:95,0
DA:97,0
DA:99,0
DA:103,0
DA:111,0
DA:122,0
DA:183,0
DA:247,0
DA:250,0
LF:27
LH:0
BRDA:65,0,0,0
BRDA:66,1,0,0
BRDA:67,2,0,0
BRDA:67,2,1,0
BRDA:67,3,0,0
BRDA:67,3,1,0
BRDA:90,4,0,0
BRDA:92,5,0,0
BRDA:92,5,1,0
BRDA:103,6,0,0
BRDA:111,7,0,0
BRDA:125,8,0,0
BRDA:125,8,1,0
BRDA:126,9,0,0
BRDA:126,9,1,0
BRDA:129,10,0,0
BRDA:129,10,1,0
BRDA:129,11,0,0
BRDA:129,11,1,0
BRDA:133,12,0,0
BRDA:133,12,1,0
BRDA:134,13,0,0
BRDA:134,13,1,0
BRDA:137,14,0,0
BRDA:137,14,1,0
BRDA:137,15,0,0
BRDA:137,15,1,0
BRDA:141,16,0,0
BRDA:141,16,1,0
BRDA:142,17,0,0
BRDA:142,17,1,0
BRDA:149,18,0,0
BRDA:149,18,1,0
BRDA:150,19,0,0
BRDA:150,19,1,0
BRDA:153,20,0,0
BRDA:153,20,1,0
BRDA:153,21,0,0
BRDA:153,21,1,0
BRDA:175,22,0,0
BRDA:175,22,1,0
BRDA:207,23,0,0
BRDA:207,23,1,0
BRDA:214,24,0,0
BRDA:214,24,1,0
BRDA:221,25,0,0
BRDA:221,25,1,0
BRDA:246,26,0,0
BRDA:245,27,0,0
BRDA:245,27,1,0
BRDA:259,28,0,0
BRDA:259,28,1,0
BRDA:288,29,0,0
BRDA:288,29,1,0
BRDA:294,30,0,0
BRDA:294,30,1,0
BRDA:300,31,0,0
BRDA:300,31,1,0
BRDA:306,32,0,0
BRDA:306,32,1,0
BRF:60
BRH:0
end_of_record
TN:
SF:src\app\admin\(dashboard)\analytics\page.tsx
FN:23,AdminAnalyticsPage
FN:27,(anonymous_2)
FN:31,(anonymous_3)
FN:212,(anonymous_4)
FN:213,(anonymous_5)
FNF:5
FNH:0
FNDA:0,AdminAnalyticsPage
FNDA:0,(anonymous_2)
FNDA:0,(anonymous_3)
FNDA:0,(anonymous_4)
FNDA:0,(anonymous_5)
DA:3,0
DA:4,0
DA:5,0
DA:14,0
DA:23,0
DA:24,0
DA:25,0
DA:27,0
DA:28,0
DA:31,0
DA:32,0
DA:33,0
DA:34,0
DA:35,0
DA:36,0
DA:39,0
DA:41,0
DA:45,0
DA:54,0
DA:55,0
DA:56,0
DA:59,0
DA:212,0
DA:214,0
DA:215,0
LF:25
LH:0
BRDA:34,0,0,0
BRDA:45,1,0,0
BRDA:54,2,0,0
BRDA:54,2,1,0
BRDA:55,3,0,0
BRDA:55,3,1,0
BRDA:56,4,0,0
BRDA:56,4,1,0
BRDA:59,5,0,0
BRDA:59,5,1,0
BRDA:151,6,0,0
BRDA:151,6,1,0
BRDA:164,7,0,0
BRDA:164,7,1,0
BRDA:164,8,0,0
BRDA:164,8,1,0
BRDA:185,9,0,0
BRDA:185,9,1,0
BRDA:191,10,0,0
BRDA:191,10,1,0
BRDA:191,11,0,0
BRDA:191,11,1,0
BRDA:192,12,0,0
BRDA:192,12,1,0
BRDA:192,13,0,0
BRDA:192,13,1,0
BRDA:210,14,0,0
BRDA:209,15,0,0
BRDA:209,15,1,0
BRF:29
BRH:0
end_of_record
TN:
SF:src\app\admin\(dashboard)\content\page.tsx
FN:39,AdminContentPage
FN:54,(anonymous_2)
FN:58,(anonymous_3)
FN:73,(anonymous_4)
FN:94,(anonymous_5)
FN:107,(anonymous_6)
FN:120,(anonymous_7)
FN:133,(anonymous_8)
FN:144,(anonymous_9)
FN:154,(anonymous_10)
FN:158,(anonymous_11)
FN:189,(anonymous_12)
FN:198,(anonymous_13)
FN:208,(anonymous_14)
FN:218,(anonymous_15)
FN:228,(anonymous_16)
FN:266,(anonymous_17)
FN:291,(anonymous_18)
FN:299,(anonymous_19)
FNF:19
FNH:0
FNDA:0,AdminContentPage
FNDA:0,(anonymous_2)
FNDA:0,(anonymous_3)
FNDA:0,(anonymous_4)
FNDA:0,(anonymous_5)
FNDA:0,(anonymous_6)
FNDA:0,(anonymous_7)
FNDA:0,(anonymous_8)
FNDA:0,(anonymous_9)
FNDA:0,(anonymous_10)
FNDA:0,(anonymous_11)
FNDA:0,(anonymous_12)
FNDA:0,(anonymous_13)
FNDA:0,(anonymous_14)
FNDA:0,(anonymous_15)
FNDA:0,(anonymous_16)
FNDA:0,(anonymous_17)
FNDA:0,(anonymous_18)
FNDA:0,(anonymous_19)
DA:3,0
DA:4,0
DA:5,0
DA:6,0
DA:7,0
DA:18,0
DA:32,0
DA:39,0
DA:40,0
DA:41,0
DA:42,0
DA:43,0
DA:44,0
DA:45,0
DA:54,0
DA:55,0
DA:58,0
DA:59,0
DA:60,0
DA:61,0
DA:62,0
DA:63,0
DA:64,0
DA:67,0
DA:69,0
DA:73,0
DA:74,0
DA:75,0
DA:76,0
DA:77,0
DA:79,0
DA:85,0
DA:86,0
DA:87,0
DA:90,0
DA:94,0
DA:95,0
DA:97,0
DA:98,0
DA:99,0
DA:100,0
DA:103,0
DA:107,0
DA:108,0
DA:109,0
DA:110,0
DA:120,0
DA:121,0
DA:122,0
DA:130,0
DA:133,0
DA:144,0
DA:155,0
DA:158,0
DA:189,0
DA:198,0
DA:208,0
DA:218,0
DA:228,0
DA:267,0
DA:291,0
DA:299,0
LF:62
LH:0
BRDA:62,0,0,0
BRDA:76,1,0,0
BRDA:76,1,1,0
BRDA:77,2,0,0
BRDA:77,2,1,0
BRDA:85,3,0,0
BRDA:95,4,0,0
BRDA:99,5,0,0
BRDA:124,6,0,0
BRDA:124,6,1,0
BRDA:125,7,0,0
BRDA:125,7,1,0
BRDA:127,8,0,0
BRDA:127,8,1,0
BRDA:157,9,0,0
BRDA:157,9,1,0
BRDA:159,10,0,0
BRDA:159,10,1,0
BRDA:172,11,0,0
BRDA:176,12,0,0
BRDA:176,12,1,0
BRDA:237,13,0,0
BRDA:237,13,1,0
BRDA:252,14,0,0
BRDA:253,15,0,0
BRDA:253,15,1,0
BRDA:259,16,0,0
BRDA:263,17,0,0
BRDA:269,18,0,0
BRDA:269,18,1,0
BRDA:276,19,0,0
BRDA:280,20,0,0
BRDA:285,21,0,0
BRDA:285,21,1,0
BRDA:286,22,0,0
BRDA:286,22,1,0
BRF:36
BRH:0
end_of_record
TN:
SF:src\app\admin\(dashboard)\couples\page.tsx
FN:33,AdminCouplesPage
FN:39,(anonymous_2)
FN:43,(anonymous_3)
FN:54,(anonymous_4)
FN:67,(anonymous_5)
FN:99,(anonymous_6)
FN:107,(anonymous_7)
FN:115,(anonymous_8)
FN:123,(anonymous_9)
FN:146,(anonymous_10)
FN:210,(anonymous_11)
FN:210,(anonymous_12)
FN:220,(anonymous_13)
FN:220,(anonymous_14)
FNF:14
FNH:0
FNDA:0,AdminCouplesPage
FNDA:0,(anonymous_2)
FNDA:0,(anonymous_3)
FNDA:0,(anonymous_4)
FNDA:0,(anonymous_5)
FNDA:0,(anonymous_6)
FNDA:0,(anonymous_7)
FNDA:0,(anonymous_8)
FNDA:0,(anonymous_9)
FNDA:0,(anonymous_10)
FNDA:0,(anonymous_11)
FNDA:0,(anonymous_12)
FNDA:0,(anonymous_13)
FNDA:0,(anonymous_14)
DA:3,0
DA:4,0
DA:5,0
DA:6,0
DA:14,0
DA:33,0
DA:34,0
DA:35,0
DA:36,0
DA:37,0
DA:39,0
DA:40,0
DA:43,0
DA:44,0
DA:45,0
DA:46,0
DA:50,0
DA:52,0
DA:53,0
DA:54,0
DA:55,0
DA:57,0
DA:58,0
DA:59,0
DA:61,0
DA:63,0
DA:67,0
DA:68,0
DA:99,0
DA:107,0
DA:115,0
DA:123,0
DA:147,0
DA:210,0
DA:220,0
LF:35
LH:0
BRDA:50,0,0,0
BRDA:53,1,0,0
BRDA:55,2,0,0
BRDA:55,2,1,0
BRDA:98,3,0,0
BRDA:98,3,1,0
BRDA:100,4,0,0
BRDA:100,4,1,0
BRDA:106,5,0,0
BRDA:106,5,1,0
BRDA:108,6,0,0
BRDA:108,6,1,0
BRDA:114,7,0,0
BRDA:114,7,1,0
BRDA:116,8,0,0
BRDA:116,8,1,0
BRDA:122,9,0,0
BRDA:122,9,1,0
BRDA:124,10,0,0
BRDA:124,10,1,0
BRDA:135,11,0,0
BRDA:139,12,0,0
BRDA:153,13,0,0
BRDA:153,13,1,0
BRDA:156,14,0,0
BRDA:156,14,1,0
BRDA:164,15,0,0
BRDA:164,15,1,0
BRDA:167,16,0,0
BRDA:167,16,1,0
BRDA:201,17,0,0
BRF:31
BRH:0
end_of_record
TN:
SF:src\app\admin\(dashboard)\finance\page.tsx
FN:77,AdminFinancePage
FN:83,(anonymous_3)
FN:88,(anonymous_4)
FN:102,(anonymous_5)
FN:116,(anonymous_6)
FN:224,(anonymous_7)
FN:266,(anonymous_8)
FN:327,(anonymous_9)
FNF:8
FNH:0
FNDA:0,AdminFinancePage
FNDA:0,(anonymous_3)
FNDA:0,(anonymous_4)
FNDA:0,(anonymous_5)
FNDA:0,(anonymous_6)
FNDA:0,(anonymous_7)
FNDA:0,(anonymous_8)
FNDA:0,(anonymous_9)
DA:3,0
DA:4,0
DA:5,0
DA:6,0
DA:7,0
DA:18,0
DA:20,0
DA:77,0
DA:78,0
DA:79,0
DA:80,0
DA:81,0
DA:83,0
DA:84,0
DA:85,0
DA:88,0
DA:89,0
DA:90,0
DA:91,0
DA:92,0
DA:93,0
DA:96,0
DA:98,0
DA:102,0
DA:103,0
DA:104,0
DA:105,0
DA:106,0
DA:107,0
DA:108,0
DA:112,0
DA:116,0
DA:117,0
DA:118,0
DA:119,0
DA:127,0
DA:128,0
DA:130,0
DA:131,0
DA:133,0
DA:137,0
DA:224,0
DA:267,0
DA:328,0
LF:44
LH:0
BRDA:64,0,0,0
BRDA:91,1,0,0
BRDA:105,2,0,0
BRDA:107,3,0,0
BRDA:107,4,0,0
BRDA:107,4,1,0
BRDA:127,5,0,0
BRDA:137,6,0,0
BRDA:233,7,0,0
BRDA:260,8,0,0
BRDA:260,8,1,0
BRDA:320,9,0,0
BRDA:320,9,1,0
BRDA:338,10,0,0
BRDA:338,10,1,0
BRDA:338,10,2,0
BRDA:341,11,0,0
BRDA:341,11,1,0
BRDA:351,12,0,0
BRDA:351,12,1,0
BRDA:352,13,0,0
BRDA:352,13,1,0
BRF:22
BRH:0
end_of_record
TN:
SF:src\app\admin\(dashboard)\settings\page.tsx
FN:32,AdminSettingsPage
FN:66,(anonymous_2)
FN:70,(anonymous_3)
FN:76,(anonymous_4)
FN:79,(anonymous_5)
FN:80,(anonymous_6)
FN:97,(anonymous_7)
FN:98,(anonymous_8)
FN:114,(anonymous_9)
FN:115,(anonymous_10)
FN:129,(anonymous_11)
FN:134,(anonymous_12)
FN:135,(anonymous_13)
FN:191,(anonymous_14)
FN:203,(anonymous_15)
FN:214,(anonymous_16)
FN:227,(anonymous_17)
FNF:17
FNH:0
FNDA:0,AdminSettingsPage
FNDA:0,(anonymous_2)
FNDA:0,(anonymous_3)
FNDA:0,(anonymous_4)
FNDA:0,(anonymous_5)
FNDA:0,(anonymous_6)
FNDA:0,(anonymous_7)
FNDA:0,(anonymous_8)
FNDA:0,(anonymous_9)
FNDA:0,(anonymous_10)
FNDA:0,(anonymous_11)
FNDA:0,(anonymous_12)
FNDA:0,(anonymous_13)
FNDA:0,(anonymous_14)
FNDA:0,(anonymous_15)
FNDA:0,(anonymous_16)
FNDA:0,(anonymous_17)
DA:3,0
DA:4,0
DA:5,0
DA:6,0
DA:16,0
DA:32,0
DA:33,0
DA:34,0
DA:35,0
DA:66,0
DA:67,0
DA:70,0
DA:71,0
DA:72,0
DA:73,0
DA:74,0
DA:75,0
DA:76,0
DA:77,0
DA:79,0
DA:80,0
DA:81,0
DA:82,0
DA:86,0
DA:91,0
DA:93,0
DA:97,0
DA:98,0
DA:99,0
DA:100,0
DA:101,0
DA:103,0
DA:104,0
DA:107,0
DA:108,0
DA:109,0
DA:110,0
DA:114,0
DA:115,0
DA:116,0
DA:117,0
DA:118,0
DA:120,0
DA:122,0
DA:123,0
DA:124,0
DA:125,0
DA:129,0
DA:130,0
DA:131,0
DA:133,0
DA:134,0
DA:135,0
DA:136,0
DA:140,0
DA:146,0
DA:147,0
DA:152,0
DA:153,0
DA:155,0
DA:159,0
DA:192,0
DA:204,0
DA:214,0
DA:227,0
LF:65
LH:0
BRDA:73,0,0,0
BRDA:75,1,0,0
BRDA:81,2,0,0
BRDA:103,3,0,0
BRDA:120,4,0,0
BRDA:120,4,1,0
BRDA:146,5,0,0
BRDA:159,6,0,0
BRDA:181,7,0,0
BRDA:212,8,0,0
BRDA:212,8,1,0
BRDA:215,9,0,0
BRDA:215,9,1,0
BRDA:219,10,0,0
BRDA:219,10,1,0
BRDA:223,11,0,0
BRDA:223,11,1,0
BRF:17
BRH:0
end_of_record
TN:
SF:src\app\admin\(dashboard)\users\page.tsx
FN:36,AdminUsersPage
FN:42,(anonymous_2)
FN:46,(anonymous_3)
FN:56,(anonymous_4)
FN:69,(anonymous_5)
FN:71,(anonymous_6)
FN:97,(anonymous_7)
FN:136,(anonymous_8)
FN:195,(anonymous_9)
FN:195,(anonymous_10)
FN:205,(anonymous_11)
FN:205,(anonymous_12)
FNF:12
FNH:0
FNDA:0,AdminUsersPage
FNDA:0,(anonymous_2)
FNDA:0,(anonymous_3)
FNDA:0,(anonymous_4)
FNDA:0,(anonymous_5)
FNDA:0,(anonymous_6)
FNDA:0,(anonymous_7)
FNDA:0,(anonymous_8)
FNDA:0,(anonymous_9)
FNDA:0,(anonymous_10)
FNDA:0,(anonymous_11)
FNDA:0,(anonymous_12)
DA:3,0
DA:4,0
DA:5,0
DA:6,0
DA:7,0
DA:16,0
DA:36,0
DA:37,0
DA:38,0
DA:39,0
DA:40,0
DA:42,0
DA:43,0
DA:46,0
DA:47,0
DA:48,0
DA:49,0
DA:54,0
DA:55,0
DA:56,0
DA:57,0
DA:59,0
DA:60,0
DA:61,0
DA:63,0
DA:65,0
DA:69,0
DA:70,0
DA:71,0
DA:72,0
DA:97,0
DA:137,0
DA:195,0
DA:205,0
LF:34
LH:0
BRDA:55,0,0,0
BRDA:57,1,0,0
BRDA:57,1,1,0
BRDA:123,2,0,0
BRDA:123,2,1,0
BRDA:129,3,0,0
BRDA:129,3,1,0
BRDA:141,4,0,0
BRDA:141,4,1,0
BRDA:144,5,0,0
BRDA:144,5,1,0
BRDA:152,6,0,0
BRDA:186,7,0,0
BRF:13
BRH:0
end_of_record
TN:
SF:src\app\admin\auth-callback\route.ts
FN:13,GET
FNF:1
FNH:0
FNDA:0,GET
DA:1,0
DA:2,0
DA:3,0
DA:6,0
DA:11,0
DA:13,0
DA:14,0
DA:15,0
DA:17,0
DA:18,0
DA:19,0
DA:21,0
DA:22,0
DA:25,0
DA:27,0
DA:38,0
DA:41,0
DA:49,0
DA:52,0
DA:53,0
DA:59,0
LF:21
LH:0
BRDA:11,0,0,0
BRDA:11,0,1,0
BRDA:17,1,0,0
BRDA:21,2,0,0
BRDA:21,3,0,0
BRDA:21,3,1,0
BRDA:25,4,0,0
BRDA:25,4,1,0
BRDA:25,5,0,0
BRDA:25,5,1,0
BRF:10
BRH:0
end_of_record
TN:
SF:src\app\admin\login\page.tsx
FN:14,AdminLogin
FN:22,(anonymous_2)
FN:76,(anonymous_3)
FN:114,(anonymous_4)
FNF:4
FNH:0
FNDA:0,AdminLogin
FNDA:0,(anonymous_2)
FNDA:0,(anonymous_3)
FNDA:0,(anonymous_4)
DA:3,0
DA:4,0
DA:5,0
DA:6,0
DA:9,0
DA:14,0
DA:15,0
DA:16,0
DA:17,0
DA:18,0
DA:19,0
DA:20,0
DA:22,0
DA:23,0
DA:24,0
DA:25,0
DA:27,0
DA:29,0
DA:30,0
DA:34,0
DA:41,0
DA:42,0
DA:45,0
DA:47,0
DA:48,0
DA:50,0
DA:54,0
DA:77,0
DA:78,0
DA:114,0
LF:30
LH:0
BRDA:29,0,0,0
BRDA:41,1,0,0
BRDA:47,2,0,0
BRDA:47,2,1,0
BRDA:54,3,0,0
BRDA:123,4,0,0
BRDA:135,5,0,0
BRF:7
BRH:0
end_of_record
TN:
SF:src\app\ai-coach\page.tsx
FN:78,AICoachPage
FN:119,(anonymous_3)
FN:127,(anonymous_4)
FN:128,(anonymous_5)
FN:139,(anonymous_6)
FN:152,(anonymous_7)
FN:153,(anonymous_8)
FN:168,(anonymous_9)
FN:169,(anonymous_10)
FN:185,(anonymous_11)
FN:186,(anonymous_12)
FN:208,(anonymous_13)
FN:209,(anonymous_14)
FN:225,(anonymous_15)
FN:226,(anonymous_16)
FN:227,(anonymous_17)
FN:232,(anonymous_18)
FN:233,(anonymous_19)
FN:256,(anonymous_20)
FN:275,(anonymous_21)
FN:285,(anonymous_22)
FN:286,(anonymous_23)
FN:288,(anonymous_24)
FN:298,(anonymous_25)
FN:332,(anonymous_26)
FN:343,(anonymous_27)
FN:350,(anonymous_28)
FN:356,(anonymous_29)
FN:358,(anonymous_30)
FN:374,(anonymous_31)
FN:390,(anonymous_32)
FN:391,(anonymous_33)
FN:397,(anonymous_34)
FN:404,(anonymous_35)
FN:419,(anonymous_36)
FN:473,(anonymous_37)
FN:483,(anonymous_38)
FN:496,(anonymous_39)
FN:509,(anonymous_40)
FN:590,(anonymous_41)
FN:595,(anonymous_42)
FN:605,(anonymous_43)
FN:612,(anonymous_44)
FN:757,(anonymous_45)
FN:779,(anonymous_46)
FN:799,(anonymous_47)
FN:806,(anonymous_48)
FN:817,(anonymous_49)
FN:839,(anonymous_50)
FN:848,(anonymous_51)
FN:855,(anonymous_52)
FN:861,(anonymous_53)
FN:869,(anonymous_54)
FN:894,(anonymous_55)
FN:1001,(anonymous_56)
FN:1007,(anonymous_57)
FN:1027,(anonymous_58)
FN:1066,(anonymous_59)
FN:1073,(anonymous_60)
FN:1125,(anonymous_61)
FN:1157,(anonymous_62)
FN:1163,(anonymous_63)
FN:1198,(anonymous_64)
FNF:63
FNH:0
FNDA:0,AICoachPage
FNDA:0,(anonymous_3)
FNDA:0,(anonymous_4)
FNDA:0,(anonymous_5)
FNDA:0,(anonymous_6)
FNDA:0,(anonymous_7)
FNDA:0,(anonymous_8)
FNDA:0,(anonymous_9)
FNDA:0,(anonymous_10)
FNDA:0,(anonymous_11)
FNDA:0,(anonymous_12)
FNDA:0,(anonymous_13)
FNDA:0,(anonymous_14)
FNDA:0,(anonymous_15)
FNDA:0,(anonymous_16)
FNDA:0,(anonymous_17)
FNDA:0,(anonymous_18)
FNDA:0,(anonymous_19)
FNDA:0,(anonymous_20)
FNDA:0,(anonymous_21)
FNDA:0,(anonymous_22)
FNDA:0,(anonymous_23)
FNDA:0,(anonymous_24)
FNDA:0,(anonymous_25)
FNDA:0,(anonymous_26)
FNDA:0,(anonymous_27)
FNDA:0,(anonymous_28)
FNDA:0,(anonymous_29)
FNDA:0,(anonymous_30)
FNDA:0,(anonymous_31)
FNDA:0,(anonymous_32)
FNDA:0,(anonymous_33)
FNDA:0,(anonymous_34)
FNDA:0,(anonymous_35)
FNDA:0,(anonymous_36)
FNDA:0,(anonymous_37)
FNDA:0,(anonymous_38)
FNDA:0,(anonymous_39)
FNDA:0,(anonymous_40)
FNDA:0,(anonymous_41)
FNDA:0,(anonymous_42)
FNDA:0,(anonymous_43)
FNDA:0,(anonymous_44)
FNDA:0,(anonymous_45)
FNDA:0,(anonymous_46)
FNDA:0,(anonymous_47)
FNDA:0,(anonymous_48)
FNDA:0,(anonymous_49)
FNDA:0,(anonymous_50)
FNDA:0,(anonymous_51)
FNDA:0,(anonymous_52)
FNDA:0,(anonymous_53)
FNDA:0,(anonymous_54)
FNDA:0,(anonymous_55)
FNDA:0,(anonymous_56)
FNDA:0,(anonymous_57)
FNDA:0,(anonymous_58)
FNDA:0,(anonymous_59)
FNDA:0,(anonymous_60)
FNDA:0,(anonymous_61)
FNDA:0,(anonymous_62)
FNDA:0,(anonymous_63)
FNDA:0,(anonymous_64)
DA:3,0
DA:4,0
DA:5,0
DA:10,0
DA:11,0
DA:12,0
DA:13,0
DA:14,0
DA:15,0
DA:16,0
DA:17,0
DA:18,0
DA:19,0
DA:20,0
DA:21,0
DA:22,0
DA:23,0
DA:39,0
DA:78,0
DA:79,0
DA:80,0
DA:81,0
DA:82,0
DA:83,0
DA:84,0
DA:85,0
DA:86,0
DA:87,0
DA:88,0
DA:89,0
DA:90,0
DA:91,0
DA:92,0
DA:94,0
DA:95,0
DA:96,0
DA:97,0
DA:98,0
DA:99,0
DA:100,0
DA:101,0
DA:102,0
DA:103,0
DA:104,0
DA:105,0
DA:112,0
DA:113,0
DA:115,0
DA:116,0
DA:119,0
DA:120,0
DA:124,0
DA:127,0
DA:128,0
DA:129,0
DA:130,0
DA:131,0
DA:132,0
DA:133,0
DA:136,0
DA:137,0
DA:138,0
DA:139,0
DA:144,0
DA:147,0
DA:152,0
DA:153,0
DA:154,0
DA:155,0
DA:156,0
DA:157,0
DA:160,0
DA:163,0
DA:168,0
DA:169,0
DA:170,0
DA:171,0
DA:172,0
DA:173,0
DA:174,0
DA:177,0
DA:180,0
DA:185,0
DA:186,0
DA:187,0
DA:188,0
DA:189,0
DA:196,0
DA:197,0
DA:200,0
DA:203,0
DA:208,0
DA:209,0
DA:210,0
DA:211,0
DA:212,0
DA:213,0
DA:215,0
DA:222,0
DA:224,0
DA:225,0
DA:226,0
DA:227,0
DA:230,0
DA:231,0
DA:232,0
DA:233,0
DA:235,0
DA:236,0
DA:237,0
DA:239,0
DA:248,0
DA:251,0
DA:256,0
DA:257,0
DA:258,0
DA:261,0
DA:262,0
DA:263,0
DA:264,0
DA:265,0
DA:266,0
DA:267,0
DA:272,0
DA:273,0
DA:274,0
DA:275,0
DA:276,0
DA:281,0
DA:282,0
DA:283,0
DA:284,0
DA:285,0
DA:286,0
DA:288,0
DA:289,0
DA:290,0
DA:295,0
DA:296,0
DA:297,0
DA:298,0
DA:299,0
DA:300,0
DA:301,0
DA:302,0
DA:308,0
DA:309,0
DA:310,0
DA:311,0
DA:312,0
DA:313,0
DA:314,0
DA:315,0
DA:317,0
DA:318,0
DA:320,0
DA:321,0
DA:323,0
DA:324,0
DA:329,0
DA:330,0
DA:331,0
DA:332,0
DA:333,0
DA:334,0
DA:335,0
DA:340,0
DA:341,0
DA:342,0
DA:343,0
DA:344,0
DA:346,0
DA:347,0
DA:350,0
DA:351,0
DA:352,0
DA:355,0
DA:356,0
DA:358,0
DA:361,0
DA:362,0
DA:365,0
DA:366,0
DA:371,0
DA:372,0
DA:373,0
DA:374,0
DA:375,0
DA:376,0
DA:378,0
DA:379,0
DA:380,0
DA:381,0
DA:387,0
DA:388,0
DA:389,0
DA:390,0
DA:391,0
DA:393,0
DA:395,0
DA:396,0
DA:397,0
DA:398,0
DA:402,0
DA:403,0
DA:404,0
DA:405,0
DA:406,0
DA:412,0
DA:413,0
DA:414,0
DA:416,0
DA:417,0
DA:418,0
DA:419,0
DA:420,0
DA:421,0
DA:424,0
DA:425,0
DA:430,0
DA:431,0
DA:432,0
DA:433,0
DA:434,0
DA:435,0
DA:436,0
DA:439,0
DA:440,0
DA:441,0
DA:442,0
DA:447,0
DA:448,0
DA:449,0
DA:450,0
DA:451,0
DA:452,0
DA:453,0
DA:454,0
DA:455,0
DA:457,0
DA:458,0
DA:459,0
DA:460,0
DA:465,0
DA:466,0
DA:467,0
DA:468,0
DA:469,0
DA:471,0
DA:472,0
DA:473,0
DA:474,0
DA:479,0
DA:483,0
DA:484,0
DA:487,0
DA:490,0
DA:491,0
DA:492,0
DA:493,0
DA:495,0
DA:496,0
DA:497,0
DA:498,0
DA:502,0
DA:505,0
DA:509,0
DA:510,0
DA:512,0
DA:513,0
DA:514,0
DA:516,0
DA:518,0
DA:519,0
DA:521,0
DA:522,0
DA:527,0
DA:530,0
DA:532,0
DA:533,0
DA:535,0
DA:536,0
DA:541,0
DA:544,0
DA:546,0
DA:547,0
DA:548,0
DA:550,0
DA:551,0
DA:556,0
DA:559,0
DA:561,0
DA:562,0
DA:569,0
DA:570,0
DA:575,0
DA:578,0
DA:581,0
DA:582,0
DA:586,0
DA:590,0
DA:591,0
DA:595,0
DA:596,0
DA:598,0
DA:605,0
DA:606,0
DA:607,0
DA:608,0
DA:611,0
DA:612,0
DA:613,0
DA:616,0
DA:617,0
DA:620,0
DA:621,0
DA:622,0
DA:650,0
DA:751,0
DA:757,0
DA:763,0
DA:765,0
DA:766,0
DA:769,0
DA:770,0
DA:772,0
DA:779,0
DA:782,0
DA:783,0
DA:790,0
DA:791,0
DA:799,0
DA:801,0
DA:806,0
DA:807,0
DA:809,0
DA:811,0
DA:817,0
DA:818,0
DA:819,0
DA:823,0
DA:824,0
DA:825,0
DA:831,0
DA:839,0
DA:841,0
DA:842,0
DA:848,0
DA:850,0
DA:851,0
DA:855,0
DA:856,0
DA:857,0
DA:858,0
DA:861,0
DA:862,0
DA:863,0
DA:865,0
DA:869,0
DA:870,0
DA:873,0
DA:876,0
DA:877,0
DA:880,0
DA:890,0
DA:891,0
DA:894,0
DA:896,0
DA:899,0
DA:901,0
DA:902,0
DA:1002,0
DA:1007,0
DA:1028,0
DA:1066,0
DA:1073,0
DA:1125,0
DA:1157,0
DA:1163,0
DA:1198,0
LF:380
LH:0
BRDA:131,0,0,0
BRDA:132,1,0,0
BRDA:132,1,1,0
BRDA:133,2,0,0
BRDA:133,2,1,0
BRDA:136,3,0,0
BRDA:138,4,0,0
BRDA:138,5,0,0
BRDA:138,5,1,0
BRDA:139,6,0,0
BRDA:139,6,1,0
BRDA:156,7,0,0
BRDA:172,8,0,0
BRDA:187,9,0,0
BRDA:196,10,0,0
BRDA:196,11,0,0
BRDA:196,11,1,0
BRDA:210,12,0,0
BRDA:222,13,0,0
BRDA:222,14,0,0
BRDA:222,14,1,0
BRDA:222,14,2,0
BRDA:236,15,0,0
BRDA:236,15,1,0
BRDA:237,16,0,0
BRDA:261,17,0,0
BRDA:264,18,0,0
BRDA:264,18,1,0
BRDA:265,19,0,0
BRDA:272,20,0,0
BRDA:276,21,0,0
BRDA:276,21,1,0
BRDA:281,22,0,0
BRDA:290,23,0,0
BRDA:290,23,1,0
BRDA:290,24,0,0
BRDA:290,24,1,0
BRDA:295,25,0,0
BRDA:301,26,0,0
BRDA:301,26,1,0
BRDA:301,27,0,0
BRDA:301,27,1,0
BRDA:308,28,0,0
BRDA:314,29,0,0
BRDA:317,30,0,0
BRDA:320,31,0,0
BRDA:320,32,0,0
BRDA:320,32,1,0
BRDA:323,33,0,0
BRDA:329,34,0,0
BRDA:340,35,0,0
BRDA:351,36,0,0
BRDA:351,36,1,0
BRDA:361,37,0,0
BRDA:365,38,0,0
BRDA:371,39,0,0
BRDA:371,40,0,0
BRDA:371,40,1,0
BRDA:378,41,0,0
BRDA:378,41,1,0
BRDA:378,42,0,0
BRDA:378,42,1,0
BRDA:380,43,0,0
BRDA:380,44,0,0
BRDA:380,44,1,0
BRDA:387,45,0,0
BRDA:387,46,0,0
BRDA:387,46,1,0
BRDA:391,47,0,0
BRDA:391,47,1,0
BRDA:395,48,0,0
BRDA:402,49,0,0
BRDA:413,50,0,0
BRDA:414,51,0,0
BRDA:416,52,0,0
BRDA:420,53,0,0
BRDA:420,53,1,0
BRDA:424,54,0,0
BRDA:424,55,0,0
BRDA:424,55,1,0
BRDA:430,56,0,0
BRDA:439,57,0,0
BRDA:439,57,1,0
BRDA:441,58,0,0
BRDA:447,59,0,0
BRDA:457,60,0,0
BRDA:457,60,1,0
BRDA:459,61,0,0
BRDA:465,62,0,0
BRDA:468,63,0,0
BRDA:471,64,0,0
BRDA:471,65,0,0
BRDA:471,65,1,0
BRDA:492,66,0,0
BRDA:492,66,1,0
BRDA:495,67,0,0
BRDA:498,68,0,0
BRDA:498,69,0,0
BRDA:498,69,1,0
BRDA:516,70,0,0
BRDA:516,70,1,0
BRDA:516,70,2,0
BRDA:516,70,3,0
BRDA:518,71,0,0
BRDA:519,72,0,0
BRDA:519,72,1,0
BRDA:519,73,0,0
BRDA:519,73,1,0
BRDA:521,74,0,0
BRDA:521,74,1,0
BRDA:522,75,0,0
BRDA:522,75,1,0
BRDA:523,76,0,0
BRDA:523,76,1,0
BRDA:524,77,0,0
BRDA:524,77,1,0
BRDA:527,78,0,0
BRDA:527,78,1,0
BRDA:532,79,0,0
BRDA:532,80,0,0
BRDA:532,80,1,0
BRDA:533,81,0,0
BRDA:533,81,1,0
BRDA:535,82,0,0
BRDA:535,82,1,0
BRDA:536,83,0,0
BRDA:536,83,1,0
BRDA:537,84,0,0
BRDA:537,84,1,0
BRDA:538,85,0,0
BRDA:538,85,1,0
BRDA:541,86,0,0
BRDA:541,86,1,0
BRDA:546,87,0,0
BRDA:546,88,0,0
BRDA:546,88,1,0
BRDA:546,88,2,0
BRDA:547,89,0,0
BRDA:547,89,1,0
BRDA:550,90,0,0
BRDA:550,90,1,0
BRDA:551,91,0,0
BRDA:551,91,1,0
BRDA:552,92,0,0
BRDA:552,92,1,0
BRDA:553,93,0,0
BRDA:553,93,1,0
BRDA:556,94,0,0
BRDA:556,94,1,0
BRDA:561,95,0,0
BRDA:561,96,0,0
BRDA:561,96,1,0
BRDA:565,97,0,0
BRDA:565,97,1,0
BRDA:569,98,0,0
BRDA:569,98,1,0
BRDA:570,99,0,0
BRDA:570,99,1,0
BRDA:571,100,0,0
BRDA:571,100,1,0
BRDA:572,101,0,0
BRDA:572,101,1,0
BRDA:575,102,0,0
BRDA:575,102,1,0
BRDA:582,103,0,0
BRDA:582,103,1,0
BRDA:596,104,0,0
BRDA:596,105,0,0
BRDA:596,105,1,0
BRDA:616,106,0,0
BRDA:616,107,0,0
BRDA:616,107,1,0
BRDA:650,108,0,0
BRDA:650,108,1,0
BRDA:676,109,0,0
BRDA:676,109,1,0
BRDA:677,110,0,0
BRDA:677,110,1,0
BRDA:689,111,0,0
BRDA:689,111,1,0
BRDA:749,112,0,0
BRDA:749,112,1,0
BRDA:763,113,0,0
BRDA:766,114,0,0
BRDA:766,114,1,0
BRDA:766,114,2,0
BRDA:782,115,0,0
BRDA:794,116,0,0
BRDA:794,116,1,0
BRDA:807,117,0,0
BRDA:809,118,0,0
BRDA:814,119,0,0
BRDA:814,119,1,0
BRDA:834,120,0,0
BRDA:834,120,1,0
BRDA:836,121,0,0
BRDA:836,121,1,0
BRDA:845,122,0,0
BRDA:845,122,1,0
BRDA:862,123,0,0
BRDA:862,123,1,0
BRDA:876,124,0,0
BRDA:876,124,1,0
BRDA:883,125,0,0
BRDA:883,125,1,0
BRDA:899,126,0,0
BRDA:899,126,1,0
BRDA:906,127,0,0
BRDA:906,127,1,0
BRDA:912,128,0,0
BRDA:912,128,1,0
BRDA:912,129,0,0
BRDA:912,129,1,0
BRDA:914,130,0,0
BRDA:914,130,1,0
BRDA:914,131,0,0
BRDA:914,131,1,0
BRDA:919,132,0,0
BRDA:919,132,1,0
BRDA:921,133,0,0
BRDA:921,133,1,0
BRDA:927,134,0,0
BRDA:932,135,0,0
BRDA:934,136,0,0
BRDA:934,136,1,0
BRDA:937,137,0,0
BRDA:939,138,0,0
BRDA:939,138,1,0
BRDA:944,139,0,0
BRDA:944,139,1,0
BRDA:949,140,0,0
BRDA:949,140,1,0
BRDA:950,141,0,0
BRDA:950,141,1,0
BRDA:951,142,0,0
BRDA:951,142,1,0
BRDA:952,143,0,0
BRDA:952,143,1,0
BRDA:953,144,0,0
BRDA:953,144,1,0
BRDA:957,145,0,0
BRDA:957,145,1,0
BRDA:960,146,0,0
BRDA:960,146,1,0
BRDA:966,147,0,0
BRDA:966,147,1,0
BRDA:975,148,0,0
BRDA:987,149,0,0
BRDA:987,149,1,0
BRDA:990,150,0,0
BRDA:990,150,1,0
BRDA:998,151,0,0
BRDA:998,151,1,0
BRDA:1008,152,0,0
BRDA:1008,152,1,0
BRDA:1013,153,0,0
BRDA:1013,153,1,0
BRDA:1033,154,0,0
BRDA:1033,154,1,0
BRDA:1035,155,0,0
BRDA:1035,155,1,0
BRDA:1036,156,0,0
BRDA:1036,156,1,0
BRDA:1037,157,0,0
BRDA:1037,157,1,0
BRDA:1039,158,0,0
BRDA:1039,158,1,0
BRDA:1044,159,0,0
BRDA:1048,160,0,0
BRDA:1048,160,1,0
BRDA:1050,161,0,0
BRDA:1050,161,1,0
BRDA:1059,162,0,0
BRDA:1059,162,1,0
BRDA:1059,162,2,0
BRDA:1070,163,0,0
BRDA:1070,163,1,0
BRDA:1077,164,0,0
BRDA:1077,164,1,0
BRDA:1087,165,0,0
BRDA:1093,166,0,0
BRDA:1093,166,1,0
BRDA:1112,167,0,0
BRDA:1112,167,1,0
BRDA:1117,168,0,0
BRDA:1117,168,1,0
BRDA:1126,169,0,0
BRDA:1126,169,1,0
BRDA:1128,170,0,0
BRDA:1128,170,1,0
BRDA:1133,171,0,0
BRDA:1133,171,1,0
BRDA:1134,172,0,0
BRDA:1134,172,1,0
BRDA:1137,173,0,0
BRDA:1137,173,1,0
BRDA:1140,174,0,0
BRDA:1151,175,0,0
BRDA:1171,176,0,0
BRDA:1171,176,1,0
BRDA:1174,177,0,0
BRDA:1174,177,1,0
BRDA:1180,178,0,0
BRDA:1180,178,1,0
BRDA:1185,179,0,0
BRDA:1185,179,1,0
BRDA:1188,180,0,0
BRDA:1188,180,1,0
BRDA:1201,181,0,0
BRDA:1201,181,1,0
BRDA:1208,182,0,0
BRDA:1208,182,1,0
BRF:312
BRH:0
end_of_record
TN:
SF:src\app\api\admin\auth\logout\route.ts
FN:3,POST
FNF:1
FNH:0
FNDA:0,POST
DA:1,0
DA:3,0
DA:4,0
DA:7,0
DA:9,0
LF:5
LH:0
BRF:0
BRH:0
end_of_record
TN:
SF:src\app\api\admin\auth\send-otp\route.ts
FN:22,generateOTP
FN:26,POST
FNF:2
FNH:0
FNDA:0,generateOTP
FNDA:0,POST
DA:1,0
DA:2,0
DA:10,0
DA:11,0
DA:12,0
DA:16,0
DA:23,0
DA:26,0
DA:27,0
DA:28,0
DA:30,0
DA:31,0
DA:35,0
DA:36,0
DA:40,0
DA:41,0
DA:44,0
DA:47,0
DA:48,0
DA:49,0
DA:54,0
DA:57,0
DA:58,0
DA:59,0
DA:60,0
DA:61,0
DA:84,0
DA:86,0
DA:90,0
DA:93,0
DA:100,0
DA:101,0
LF:32
LH:0
BRDA:10,0,0,0
BRDA:10,0,1,0
BRDA:11,1,0,0
BRDA:30,2,0,0
BRDA:35,3,0,0
BRDA:48,4,0,0
BRDA:58,5,0,0
BRDA:58,5,1,0
BRDA:97,6,0,0
BRDA:97,6,1,0
BRF:10
BRH:0
end_of_record
TN:
SF:src\app\api\admin\auth\verify-otp\route.ts
FN:18,POST
FN:56,(anonymous_2)
FNF:2
FNH:0
FNDA:0,POST
FNDA:0,(anonymous_2)
DA:1,0
DA:2,0
DA:3,0
DA:11,0
DA:12,0
DA:13,0
DA:16,0
DA:18,0
DA:19,0
DA:20,0
DA:22,0
DA:23,0
DA:27,0
DA:29,0
DA:30,0
DA:34,0
DA:35,0
DA:36,0
DA:40,0
DA:41,0
DA:45,0
DA:48,0
DA:49,0
DA:51,0
DA:52,0
DA:53,0
DA:56,0
DA:58,0
DA:59,0
DA:63,0
DA:74,0
DA:80,0
DA:88,0
DA:90,0
DA:91,0
LF:35
LH:0
BRDA:11,0,0,0
BRDA:11,0,1,0
BRDA:12,1,0,0
BRDA:16,2,0,0
BRDA:16,2,1,0
BRDA:22,3,0,0
BRDA:22,4,0,0
BRDA:22,4,1,0
BRDA:29,5,0,0
BRDA:34,6,0,0
BRDA:40,7,0,0
BRDA:51,8,0,0
BRDA:58,9,0,0
BRF:13
BRH:0
end_of_record
TN:
SF:src\app\api\admin\content\route.ts
FN:5,GET
FN:56,POST
FN:98,PATCH
FN:146,DELETE
FNF:4
FNH:0
FNDA:0,GET
FNDA:0,POST
FNDA:0,PATCH
FNDA:0,DELETE
DA:1,0
DA:2,0
DA:3,0
DA:5,0
DA:6,0
DA:8,0
DA:9,0
DA:12,0
DA:13,0
DA:16,0
DA:17,0
DA:18,0
DA:20,0
DA:21,0
DA:22,0
DA:24,0
DA:28,0
DA:29,0
DA:32,0
DA:37,0
DA:39,0
DA:41,0
DA:51,0
DA:52,0
DA:56,0
DA:57,0
DA:59,0
DA:60,0
DA:63,0
DA:64,0
DA:67,0
DA:68,0
DA:69,0
DA:71,0
DA:80,0
DA:83,0
DA:91,0
DA:93,0
DA:94,0
DA:98,0
DA:99,0
DA:101,0
DA:102,0
DA:105,0
DA:106,0
DA:109,0
DA:110,0
DA:111,0
DA:112,0
DA:114,0
DA:115,0
DA:118,0
DA:128,0
DA:131,0
DA:139,0
DA:141,0
DA:142,0
DA:146,0
DA:147,0
DA:149,0
DA:150,0
DA:153,0
DA:154,0
DA:157,0
DA:158,0
DA:159,0
DA:160,0
DA:162,0
DA:163,0
DA:166,0
DA:171,0
DA:174,0
DA:181,0
DA:183,0
DA:184,0
LF:75
LH:0
BRDA:8,0,0,0
BRDA:8,1,0,0
BRDA:8,1,1,0
BRDA:9,2,0,0
BRDA:9,2,1,0
BRDA:12,3,0,0
BRDA:20,4,0,0
BRDA:20,4,1,0
BRDA:21,5,0,0
BRDA:21,5,1,0
BRDA:22,6,0,0
BRDA:22,6,1,0
BRDA:28,7,0,0
BRDA:39,8,0,0
BRDA:46,9,0,0
BRDA:46,9,1,0
BRDA:47,10,0,0
BRDA:47,10,1,0
BRDA:59,11,0,0
BRDA:59,12,0,0
BRDA:59,12,1,0
BRDA:60,13,0,0
BRDA:60,13,1,0
BRDA:63,14,0,0
BRDA:80,15,0,0
BRDA:101,16,0,0
BRDA:101,17,0,0
BRDA:101,17,1,0
BRDA:102,18,0,0
BRDA:102,18,1,0
BRDA:105,19,0,0
BRDA:114,20,0,0
BRDA:128,21,0,0
BRDA:149,22,0,0
BRDA:149,23,0,0
BRDA:149,23,1,0
BRDA:150,24,0,0
BRDA:150,24,1,0
BRDA:153,25,0,0
BRDA:162,26,0,0
BRDA:171,27,0,0
BRF:41
BRH:0
end_of_record
TN:
SF:src\app\api\admin\couples\route.ts
FN:5,GET
FN:45,(anonymous_2)
FN:52,(anonymous_3)
FN:53,(anonymous_4)
FNF:4
FNH:0
FNDA:0,GET
FNDA:0,(anonymous_2)
FNDA:0,(anonymous_3)
FNDA:0,(anonymous_4)
DA:1,0
DA:2,0
DA:3,0
DA:5,0
DA:6,0
DA:8,0
DA:9,0
DA:12,0
DA:13,0
DA:16,0
DA:17,0
DA:18,0
DA:20,0
DA:21,0
DA:22,0
DA:24,0
DA:32,0
DA:33,0
DA:36,0
DA:40,0
DA:42,0
DA:45,0
DA:46,0
DA:52,0
DA:53,0
DA:54,0
DA:61,0
DA:71,0
DA:72,0
LF:29
LH:0
BRDA:8,0,0,0
BRDA:8,1,0,0
BRDA:8,1,1,0
BRDA:9,2,0,0
BRDA:9,2,1,0
BRDA:12,3,0,0
BRDA:20,4,0,0
BRDA:20,4,1,0
BRDA:21,5,0,0
BRDA:21,5,1,0
BRDA:22,6,0,0
BRDA:22,6,1,0
BRDA:32,7,0,0
BRDA:42,8,0,0
BRDA:45,9,0,0
BRDA:45,9,1,0
BRDA:56,10,0,0
BRDA:56,10,1,0
BRDA:57,11,0,0
BRDA:57,11,1,0
BRDA:66,12,0,0
BRDA:66,12,1,0
BRDA:67,13,0,0
BRDA:67,13,1,0
BRF:24
BRH:0
end_of_record
TN:
SF:src\app\api\admin\finance\route.ts
FN:5,GET
FN:57,(anonymous_2)
FN:65,(anonymous_3)
FN:66,(anonymous_4)
FNF:4
FNH:0
FNDA:0,GET
FNDA:0,(anonymous_2)
FNDA:0,(anonymous_3)
FNDA:0,(anonymous_4)
DA:1,0
DA:2,0
DA:3,0
DA:5,0
DA:6,0
DA:8,0
DA:9,0
DA:13,0
DA:14,0
DA:15,0
DA:18,0
DA:19,0
DA:22,0
DA:27,0
DA:30,0
DA:39,0
DA:44,0
DA:45,0
DA:47,0
DA:53,0
DA:56,0
DA:57,0
DA:58,0
DA:59,0
DA:60,0
DA:64,0
DA:65,0
DA:66,0
DA:68,0
DA:75,0
DA:76,0
LF:31
LH:0
BRDA:8,0,0,0
BRDA:8,1,0,0
BRDA:8,1,1,0
BRDA:9,2,0,0
BRDA:9,2,1,0
BRDA:14,3,0,0
BRDA:14,4,0,0
BRDA:14,4,1,0
BRDA:27,5,0,0
BRDA:39,6,0,0
BRDA:53,7,0,0
BRDA:60,8,0,0
BRDA:60,8,1,0
BRF:13
BRH:0
end_of_record
TN:
SF:src\app\api\admin\settings\route.ts
FN:5,GET
FN:27,(anonymous_4)
FN:38,POST
FNF:3
FNH:0
FNDA:0,GET
FNDA:0,(anonymous_4)
FNDA:0,POST
DA:1,0
DA:2,0
DA:3,0
DA:5,0
DA:6,0
DA:8,0
DA:9,0
DA:12,0
DA:13,0
DA:16,0
DA:17,0
DA:19,0
DA:23,0
DA:26,0
DA:27,0
DA:28,0
DA:31,0
DA:33,0
DA:34,0
DA:38,0
DA:39,0
DA:41,0
DA:42,0
DA:45,0
DA:46,0
DA:49,0
DA:50,0
DA:51,0
DA:52,0
DA:54,0
DA:55,0
DA:58,0
DA:59,0
DA:62,0
DA:63,0
DA:65,0
DA:76,0
DA:77,0
DA:79,0
DA:82,0
DA:92,0
DA:98,0
DA:99,0
LF:43
LH:0
BRDA:8,0,0,0
BRDA:8,1,0,0
BRDA:8,1,1,0
BRDA:9,2,0,0
BRDA:9,2,1,0
BRDA:12,3,0,0
BRDA:23,4,0,0
BRDA:41,5,0,0
BRDA:41,6,0,0
BRDA:41,6,1,0
BRDA:42,7,0,0
BRDA:42,7,1,0
BRDA:45,8,0,0
BRDA:54,9,0,0
BRDA:54,10,0,0
BRDA:54,10,1,0
BRDA:76,11,0,0
BRDA:76,11,1,0
BRDA:95,12,0,0
BRDA:95,12,1,0
BRF:20
BRH:0
end_of_record
TN:
SF:src\app\api\admin\stats\route.ts
FN:5,GET
FN:30,(anonymous_2)
FN:31,(anonymous_3)
FN:32,(anonymous_4)
FN:39,(anonymous_5)
FN:40,(anonymous_6)
FN:41,(anonymous_7)
FN:46,(anonymous_8)
FN:51,(anonymous_9)
FN:58,(anonymous_10)
FN:63,(anonymous_11)
FNF:11
FNH:0
FNDA:0,GET
FNDA:0,(anonymous_2)
FNDA:0,(anonymous_3)
FNDA:0,(anonymous_4)
FNDA:0,(anonymous_5)
FNDA:0,(anonymous_6)
FNDA:0,(anonymous_7)
FNDA:0,(anonymous_8)
FNDA:0,(anonymous_9)
FNDA:0,(anonymous_10)
FNDA:0,(anonymous_11)
DA:1,0
DA:2,0
DA:3,0
DA:5,0
DA:6,0
DA:8,0
DA:10,0
DA:13,0
DA:21,0
DA:22,0
DA:23,0
DA:24,0
DA:27,0
DA:28,0
DA:30,0
DA:31,0
DA:32,0
DA:36,0
DA:37,0
DA:39,0
DA:40,0
DA:41,0
DA:45,0
DA:46,0
DA:47,0
DA:51,0
DA:56,0
DA:57,0
DA:58,0
DA:59,0
DA:61,0
DA:63,0
DA:67,0
DA:78,0
DA:79,0
DA:80,0
LF:36
LH:0
BRDA:27,0,0,0
BRDA:27,0,1,0
BRDA:29,1,0,0
BRDA:29,1,1,0
BRDA:36,2,0,0
BRDA:36,2,1,0
BRDA:38,3,0,0
BRDA:38,3,1,0
BRDA:45,4,0,0
BRDA:45,4,1,0
BRDA:48,5,0,0
BRDA:48,5,1,0
BRDA:50,6,0,0
BRDA:50,6,1,0
BRDA:51,7,0,0
BRDA:51,7,1,0
BRDA:56,8,0,0
BRDA:56,8,1,0
BRDA:59,9,0,0
BRDA:59,9,1,0
BRDA:62,10,0,0
BRDA:62,10,1,0
BRDA:73,11,0,0
BRDA:73,11,1,0
BRDA:79,12,0,0
BRDA:79,12,1,0
BRF:26
BRH:0
end_of_record
TN:
SF:src\app\api\admin\users\route.ts
FN:5,GET
FN:43,(anonymous_4)
FN:57,(anonymous_5)
FN:59,(anonymous_6)
FN:61,(anonymous_7)
FN:86,PATCH
FNF:6
FNH:0
FNDA:0,GET
FNDA:0,(anonymous_4)
FNDA:0,(anonymous_5)
FNDA:0,(anonymous_6)
FNDA:0,(anonymous_7)
FNDA:0,PATCH
DA:1,0
DA:2,0
DA:3,0
DA:5,0
DA:6,0
DA:8,0
DA:9,0
DA:12,0
DA:13,0
DA:16,0
DA:17,0
DA:18,0
DA:20,0
DA:21,0
DA:22,0
DA:23,0
DA:24,0
DA:26,0
DA:30,0
DA:31,0
DA:34,0
DA:38,0
DA:40,0
DA:43,0
DA:45,0
DA:57,0
DA:58,0
DA:59,0
DA:61,0
DA:63,0
DA:71,0
DA:81,0
DA:82,0
DA:86,0
DA:87,0
DA:89,0
DA:90,0
DA:93,0
DA:94,0
DA:97,0
DA:98,0
DA:99,0
DA:100,0
DA:102,0
DA:103,0
DA:106,0
DA:113,0
DA:116,0
DA:124,0
DA:126,0
DA:127,0
LF:51
LH:0
BRDA:8,0,0,0
BRDA:8,1,0,0
BRDA:8,1,1,0
BRDA:9,2,0,0
BRDA:9,2,1,0
BRDA:12,3,0,0
BRDA:20,4,0,0
BRDA:20,4,1,0
BRDA:21,5,0,0
BRDA:21,5,1,0
BRDA:22,6,0,0
BRDA:22,6,1,0
BRDA:23,7,0,0
BRDA:23,7,1,0
BRDA:24,8,0,0
BRDA:24,8,1,0
BRDA:30,9,0,0
BRDA:40,10,0,0
BRDA:43,11,0,0
BRDA:43,11,1,0
BRDA:59,12,0,0
BRDA:59,12,1,0
BRDA:61,13,0,0
BRDA:61,13,1,0
BRDA:66,14,0,0
BRDA:66,14,1,0
BRDA:76,15,0,0
BRDA:76,15,1,0
BRDA:77,16,0,0
BRDA:77,16,1,0
BRDA:89,17,0,0
BRDA:89,18,0,0
BRDA:89,18,1,0
BRDA:90,19,0,0
BRDA:90,19,1,0
BRDA:93,20,0,0
BRDA:102,21,0,0
BRDA:102,22,0,0
BRDA:102,22,1,0
BRDA:113,23,0,0
BRF:40
BRH:0
end_of_record
TN:
SF:src\app\api\ai\route.ts
FN:6,POST
FN:25,(anonymous_2)
FN:26,(anonymous_3)
FN:30,(anonymous_4)
FN:52,(anonymous_5)
FN:61,(anonymous_6)
FN:64,(anonymous_7)
FNF:7
FNH:0
FNDA:0,POST
FNDA:0,(anonymous_2)
FNDA:0,(anonymous_3)
FNDA:0,(anonymous_4)
FNDA:0,(anonymous_5)
FNDA:0,(anonymous_6)
FNDA:0,(anonymous_7)
DA:1,0
DA:4,0
DA:6,0
DA:7,0
DA:8,0
DA:9,0
DA:12,0
DA:13,0
DA:14,0
DA:24,0
DA:25,0
DA:26,0
DA:29,0
DA:30,0
DA:51,0
DA:52,0
DA:54,0
DA:61,0
DA:63,0
DA:64,0
DA:65,0
DA:68,0
DA:70,0
DA:71,0
DA:72,0
DA:73,0
DA:74,0
DA:75,0
DA:76,0
DA:77,0
DA:78,0
DA:81,0
DA:91,0
DA:94,0
DA:95,0
DA:98,0
DA:99,0
DA:108,0
DA:118,0
DA:119,0
DA:137,0
DA:140,0
DA:143,0
DA:144,0
DA:153,0
LF:45
LH:0
BRDA:12,0,0,0
BRDA:24,1,0,0
BRDA:24,1,1,0
BRDA:31,2,0,0
BRDA:31,2,1,0
BRDA:34,3,0,0
BRDA:34,3,1,0
BRDA:38,4,0,0
BRDA:38,4,1,0
BRDA:39,5,0,0
BRDA:39,5,1,0
BRDA:63,6,0,0
BRDA:70,7,0,0
BRDA:70,7,1,0
BRDA:72,8,0,0
BRDA:72,8,1,0
BRDA:72,9,0,0
BRDA:72,9,1,0
BRDA:75,10,0,0
BRDA:75,10,1,0
BRDA:77,11,0,0
BRDA:94,12,0,0
BRDA:94,13,0,0
BRDA:94,13,1,0
BRDA:94,13,2,0
BRDA:98,14,0,0
BRDA:126,15,0,0
BRDA:126,15,1,0
BRDA:130,16,0,0
BRDA:130,16,1,0
BRDA:131,17,0,0
BRDA:131,17,1,0
BRDA:132,18,0,0
BRDA:132,18,1,0
BRDA:143,19,0,0
BRF:35
BRH:0
end_of_record
TN:
SF:src\app\api\ai\chat\route.ts
FN:6,POST
FN:16,(anonymous_2)
FN:17,(anonymous_3)
FN:21,(anonymous_4)
FN:42,(anonymous_5)
FN:49,(anonymous_6)
FN:52,(anonymous_7)
FNF:7
FNH:0
FNDA:0,POST
FNDA:0,(anonymous_2)
FNDA:0,(anonymous_3)
FNDA:0,(anonymous_4)
FNDA:0,(anonymous_5)
FNDA:0,(anonymous_6)
FNDA:0,(anonymous_7)
DA:1,0
DA:4,0
DA:6,0
DA:7,0
DA:8,0
DA:9,0
DA:11,0
DA:12,0
DA:15,0
DA:16,0
DA:17,0
DA:20,0
DA:21,0
DA:41,0
DA:42,0
DA:44,0
DA:49,0
DA:51,0
DA:52,0
DA:53,0
DA:54,0
DA:57,0
DA:59,0
DA:60,0
DA:64,0
DA:69,0
DA:70,0
LF:27
LH:0
BRDA:11,0,0,0
BRDA:15,1,0,0
BRDA:15,1,1,0
BRDA:22,2,0,0
BRDA:22,2,1,0
BRDA:25,3,0,0
BRDA:25,3,1,0
BRDA:51,4,0,0
BRDA:59,5,0,0
BRF:9
BRH:0
end_of_record
TN:
SF:src\app\auth\auth-error\page.tsx
FN:6,AuthErrorPage
FNF:1
FNH:0
FNDA:0,AuthErrorPage
DA:3,0
DA:4,0
DA:6,0
LF:3
LH:0
BRF:0
BRH:0
end_of_record
TN:
SF:src\app\auth\callback\route.ts
FN:4,GET
FNF:1
FNH:0
FNDA:0,GET
DA:1,0
DA:2,0
DA:4,0
DA:5,0
DA:6,0
DA:7,0
DA:9,0
DA:10,0
DA:11,0
DA:13,0
DA:14,0
DA:19,0
LF:12
LH:0
BRDA:7,0,0,0
BRDA:7,0,1,0
BRDA:9,1,0,0
BRDA:13,2,0,0
BRF:4
BRH:0
end_of_record
TN:
SF:src\app\auth\forgot-password\page.tsx
FN:8,ForgotPasswordPage
FN:16,(anonymous_3)
FN:112,(anonymous_4)
FNF:3
FNH:0
FNDA:0,ForgotPasswordPage
FNDA:0,(anonymous_3)
FNDA:0,(anonymous_4)
DA:3,0
DA:4,0
DA:5,0
DA:6,0
DA:8,0
DA:9,0
DA:11,0
DA:12,0
DA:13,0
DA:14,0
DA:16,0
DA:17,0
DA:18,0
DA:19,0
DA:21,0
DA:23,0
DA:24,0
DA:26,0
DA:29,0
DA:32,0
DA:40,0
DA:112,0
LF:22
LH:0
BRDA:23,0,0,0
BRDA:23,0,1,0
BRDA:32,1,0,0
BRDA:40,2,0,0
BRDA:95,3,0,0
BRDA:125,4,0,0
BRDA:125,4,1,0
BRF:7
BRH:0
end_of_record
TN:
SF:src\app\auth\login\page.tsx
FN:9,LoginPage
FN:22,(anonymous_3)
FN:29,(anonymous_4)
FN:43,(anonymous_5)
FN:102,(anonymous_6)
FN:127,(anonymous_7)
FN:133,(anonymous_8)
FNF:7
FNH:0
FNDA:0,LoginPage
FNDA:0,(anonymous_3)
FNDA:0,(anonymous_4)
FNDA:0,(anonymous_5)
FNDA:0,(anonymous_6)
FNDA:0,(anonymous_7)
FNDA:0,(anonymous_8)
DA:3,0
DA:4,0
DA:5,0
DA:6,0
DA:7,0
DA:9,0
DA:10,0
DA:11,0
DA:13,0
DA:17,0
DA:18,0
DA:19,0
DA:22,0
DA:23,0
DA:24,0
DA:25,0
DA:29,0
DA:30,0
DA:31,0
DA:32,0
DA:34,0
DA:36,0
DA:37,0
DA:40,0
DA:43,0
DA:44,0
DA:45,0
DA:47,0
DA:48,0
DA:50,0
DA:53,0
DA:102,0
DA:127,0
DA:133,0
LF:34
LH:0
BRDA:23,0,0,0
BRDA:23,1,0,0
BRDA:23,1,1,0
BRDA:23,1,2,0
BRDA:36,2,0,0
BRDA:44,3,0,0
BRDA:47,4,0,0
BRDA:53,5,0,0
BRDA:85,6,0,0
BRDA:123,7,0,0
BRDA:123,7,1,0
BRDA:136,8,0,0
BRDA:147,9,0,0
BRDA:147,9,1,0
BRF:14
BRH:0
end_of_record
TN:
SF:src\app\auth\register\page.tsx
FN:9,RegisterPage
FN:26,(anonymous_3)
FN:94,(anonymous_4)
FN:180,(anonymous_5)
FN:196,(anonymous_6)
FN:212,(anonymous_7)
FN:224,(anonymous_8)
FN:234,(anonymous_9)
FN:255,(anonymous_10)
FN:261,(anonymous_11)
FN:279,(anonymous_12)
FNF:11
FNH:0
FNDA:0,RegisterPage
FNDA:0,(anonymous_3)
FNDA:0,(anonymous_4)
FNDA:0,(anonymous_5)
FNDA:0,(anonymous_6)
FNDA:0,(anonymous_7)
FNDA:0,(anonymous_8)
FNDA:0,(anonymous_9)
FNDA:0,(anonymous_10)
FNDA:0,(anonymous_11)
FNDA:0,(anonymous_12)
DA:3,0
DA:4,0
DA:5,0
DA:6,0
DA:7,0
DA:9,0
DA:10,0
DA:11,0
DA:13,0
DA:21,0
DA:22,0
DA:23,0
DA:24,0
DA:26,0
DA:27,0
DA:28,0
DA:30,0
DA:31,0
DA:32,0
DA:35,0
DA:36,0
DA:37,0
DA:40,0
DA:41,0
DA:42,0
DA:45,0
DA:46,0
DA:47,0
DA:51,0
DA:52,0
DA:53,0
DA:54,0
DA:55,0
DA:56,0
DA:58,0
DA:59,0
DA:60,0
DA:63,0
DA:65,0
DA:66,0
DA:79,0
DA:80,0
DA:81,0
DA:82,0
DA:84,0
DA:85,0
DA:88,0
DA:89,0
DA:90,0
DA:94,0
DA:95,0
DA:96,0
DA:97,0
DA:99,0
DA:100,0
DA:102,0
DA:103,0
DA:105,0
DA:106,0
DA:108,0
DA:109,0
DA:112,0
DA:115,0
DA:180,0
DA:196,0
DA:212,0
DA:224,0
DA:234,0
DA:255,0
DA:261,0
DA:279,0
LF:71
LH:0
BRDA:30,0,0,0
BRDA:35,1,0,0
BRDA:40,2,0,0
BRDA:45,3,0,0
BRDA:55,4,0,0
BRDA:55,5,0,0
BRDA:55,5,1,0
BRDA:55,5,2,0
BRDA:58,6,0,0
BRDA:79,7,0,0
BRDA:79,7,1,0
BRDA:96,8,0,0
BRDA:96,9,0,0
BRDA:96,9,1,0
BRDA:99,10,0,0
BRDA:102,11,0,0
BRDA:105,12,0,0
BRDA:105,13,0,0
BRDA:105,13,1,0
BRDA:108,14,0,0
BRDA:115,15,0,0
BRDA:163,16,0,0
BRDA:225,17,0,0
BRDA:225,17,1,0
BRDA:235,18,0,0
BRDA:235,18,1,0
BRDA:251,19,0,0
BRDA:251,19,1,0
BRDA:264,20,0,0
BRDA:275,21,0,0
BRDA:275,21,1,0
BRDA:304,22,0,0
BRDA:304,22,1,0
BRF:33
BRH:0
end_of_record
TN:
SF:src\app\auth\reset-password\page.tsx
FN:9,ResetPasswordPage
FN:21,(anonymous_2)
FN:28,(anonymous_3)
FN:50,(anonymous_4)
FN:123,(anonymous_5)
FN:130,(anonymous_6)
FN:148,(anonymous_7)
FNF:7
FNH:0
FNDA:0,ResetPasswordPage
FNDA:0,(anonymous_2)
FNDA:0,(anonymous_3)
FNDA:0,(anonymous_4)
FNDA:0,(anonymous_5)
FNDA:0,(anonymous_6)
FNDA:0,(anonymous_7)
DA:3,0
DA:5,0
DA:6,0
DA:7,0
DA:9,0
DA:10,0
DA:11,0
DA:13,0
DA:14,0
DA:15,0
DA:16,0
DA:17,0
DA:18,0
DA:21,0
DA:22,0
DA:24,0
DA:28,0
DA:29,0
DA:30,0
DA:32,0
DA:33,0
DA:34,0
DA:37,0
DA:38,0
DA:39,0
DA:42,0
DA:44,0
DA:46,0
DA:47,0
DA:49,0
DA:50,0
DA:51,0
DA:55,0
DA:58,0
DA:66,0
DA:123,0
DA:130,0
DA:148,0
LF:38
LH:0
BRDA:22,0,0,0
BRDA:22,1,0,0
BRDA:22,1,1,0
BRDA:32,2,0,0
BRDA:37,3,0,0
BRDA:46,4,0,0
BRDA:46,4,1,0
BRDA:58,5,0,0
BRDA:66,6,0,0
BRDA:106,7,0,0
BRDA:119,8,0,0
BRDA:119,8,1,0
BRDA:133,9,0,0
BRDA:144,10,0,0
BRDA:144,10,1,0
BRDA:162,11,0,0
BRDA:162,11,1,0
BRF:17
BRH:0
end_of_record
TN:
SF:src\app\auth\verify\page.tsx
FN:10,VerifyContent
FN:24,(anonymous_3)
FN:29,(anonymous_4)
FN:53,(anonymous_5)
FN:60,(anonymous_6)
FN:91,(anonymous_7)
FN:148,(anonymous_8)
FN:156,(anonymous_9)
FN:157,(anonymous_10)
FN:185,VerifyPage
FNF:10
FNH:0
FNDA:0,VerifyContent
FNDA:0,(anonymous_3)
FNDA:0,(anonymous_4)
FNDA:0,(anonymous_5)
FNDA:0,(anonymous_6)
FNDA:0,(anonymous_7)
FNDA:0,(anonymous_8)
FNDA:0,(anonymous_9)
FNDA:0,(anonymous_10)
FNDA:0,VerifyPage
DA:3,0
DA:4,0
DA:5,0
DA:6,0
DA:7,0
DA:8,0
DA:11,0
DA:12,0
DA:13,0
DA:15,0
DA:16,0
DA:18,0
DA:19,0
DA:20,0
DA:21,0
DA:24,0
DA:25,0
DA:27,0
DA:28,0
DA:29,0
DA:30,0
DA:31,0
DA:34,0
DA:37,0
DA:38,0
DA:39,0
DA:41,0
DA:42,0
DA:43,0
DA:46,0
DA:47,0
DA:48,0
DA:53,0
DA:54,0
DA:55,0
DA:56,0
DA:60,0
DA:61,0
DA:62,0
DA:64,0
DA:65,0
DA:66,0
DA:67,0
DA:70,0
DA:71,0
DA:72,0
DA:75,0
DA:76,0
DA:77,0
DA:83,0
DA:84,0
DA:85,0
DA:88,0
DA:91,0
DA:92,0
DA:95,0
DA:97,0
DA:101,0
DA:149,0
DA:156,0
DA:157,0
DA:185,0
LF:62
LH:0
BRDA:16,0,0,0
BRDA:16,0,1,0
BRDA:25,1,0,0
BRDA:25,1,1,0
BRDA:30,2,0,0
BRDA:46,3,0,0
BRDA:46,4,0,0
BRDA:46,4,1,0
BRDA:54,5,0,0
BRDA:54,6,0,0
BRDA:54,6,1,0
BRDA:54,6,2,0
BRDA:65,7,0,0
BRDA:70,8,0,0
BRDA:83,9,0,0
BRDA:95,10,0,0
BRDA:95,10,1,0
BRDA:101,11,0,0
BRDA:139,12,0,0
BRDA:169,13,0,0
BRDA:169,13,1,0
BRF:21
BRH:0
end_of_record
TN:
SF:src\app\calendar\page.tsx
FN:59,(anonymous_2)
FN:68,(anonymous_3)
FN:78,CalendarPage
FN:101,(anonymous_5)
FN:104,(anonymous_6)
FN:122,(anonymous_7)
FN:127,(anonymous_8)
FN:163,(anonymous_9)
FN:186,(anonymous_10)
FN:189,(anonymous_11)
FN:193,(anonymous_12)
FN:197,(anonymous_13)
FN:201,(anonymous_14)
FN:206,(anonymous_15)
FN:207,(anonymous_16)
FN:215,(anonymous_17)
FN:216,(anonymous_18)
FN:220,(anonymous_19)
FN:228,(anonymous_20)
FN:239,(anonymous_21)
FN:254,(anonymous_22)
FN:277,(anonymous_23)
FN:283,(anonymous_24)
FN:294,(anonymous_25)
FN:304,(anonymous_26)
FN:318,(anonymous_27)
FN:366,(anonymous_28)
FN:375,(anonymous_29)
FN:390,(anonymous_30)
FN:405,(anonymous_31)
FN:469,(anonymous_32)
FN:479,(anonymous_33)
FN:499,(anonymous_34)
FN:552,(anonymous_35)
FN:559,(anonymous_36)
FN:593,(anonymous_37)
FN:594,(anonymous_38)
FN:619,(anonymous_39)
FN:638,(anonymous_40)
FN:652,(anonymous_41)
FN:665,AddEventModal
FN:686,(anonymous_43)
FN:706,(anonymous_44)
FN:752,(anonymous_45)
FN:770,(anonymous_46)
FN:782,(anonymous_47)
FN:788,(anonymous_48)
FN:816,(anonymous_49)
FN:824,(anonymous_50)
FN:880,CycleSettingsModal
FN:902,(anonymous_52)
FN:923,(anonymous_53)
FN:938,(anonymous_54)
FNF:53
FNH:0
FNDA:0,(anonymous_2)
FNDA:0,(anonymous_3)
FNDA:0,CalendarPage
FNDA:0,(anonymous_5)
FNDA:0,(anonymous_6)
FNDA:0,(anonymous_7)
FNDA:0,(anonymous_8)
FNDA:0,(anonymous_9)
FNDA:0,(anonymous_10)
FNDA:0,(anonymous_11)
FNDA:0,(anonymous_12)
FNDA:0,(anonymous_13)
FNDA:0,(anonymous_14)
FNDA:0,(anonymous_15)
FNDA:0,(anonymous_16)
FNDA:0,(anonymous_17)
FNDA:0,(anonymous_18)
FNDA:0,(anonymous_19)
FNDA:0,(anonymous_20)
FNDA:0,(anonymous_21)
FNDA:0,(anonymous_22)
FNDA:0,(anonymous_23)
FNDA:0,(anonymous_24)
FNDA:0,(anonymous_25)
FNDA:0,(anonymous_26)
FNDA:0,(anonymous_27)
FNDA:0,(anonymous_28)
FNDA:0,(anonymous_29)
FNDA:0,(anonymous_30)
FNDA:0,(anonymous_31)
FNDA:0,(anonymous_32)
FNDA:0,(anonymous_33)
FNDA:0,(anonymous_34)
FNDA:0,(anonymous_35)
FNDA:0,(anonymous_36)
FNDA:0,(anonymous_37)
FNDA:0,(anonymous_38)
FNDA:0,(anonymous_39)
FNDA:0,(anonymous_40)
FNDA:0,(anonymous_41)
FNDA:0,AddEventModal
FNDA:0,(anonymous_43)
FNDA:0,(anonymous_44)
FNDA:0,(anonymous_45)
FNDA:0,(anonymous_46)
FNDA:0,(anonymous_47)
FNDA:0,(anonymous_48)
FNDA:0,(anonymous_49)
FNDA:0,(anonymous_50)
FNDA:0,CycleSettingsModal
FNDA:0,(anonymous_52)
FNDA:0,(anonymous_53)
FNDA:0,(anonymous_54)
DA:3,0
DA:4,0
DA:5,0
DA:10,0
DA:11,0
DA:12,0
DA:14,0
DA:39,0
DA:49,0
DA:54,0
DA:55,0
DA:56,0
DA:57,0
DA:59,0
DA:60,0
DA:61,0
DA:62,0
DA:63,0
DA:64,0
DA:68,0
DA:69,0
DA:70,0
DA:71,0
DA:72,0
DA:73,0
DA:78,0
DA:79,0
DA:80,0
DA:83,0
DA:84,0
DA:85,0
DA:86,0
DA:87,0
DA:88,0
DA:91,0
DA:92,0
DA:95,0
DA:96,0
DA:97,0
DA:98,0
DA:101,0
DA:102,0
DA:103,0
DA:104,0
DA:115,0
DA:116,0
DA:117,0
DA:118,0
DA:122,0
DA:123,0
DA:127,0
DA:129,0
DA:130,0
DA:132,0
DA:133,0
DA:135,0
DA:137,0
DA:140,0
DA:141,0
DA:150,0
DA:151,0
DA:159,0
DA:163,0
DA:164,0
DA:165,0
DA:166,0
DA:167,0
DA:168,0
DA:169,0
DA:171,0
DA:174,0
DA:175,0
DA:179,0
DA:180,0
DA:183,0
DA:186,0
DA:189,0
DA:190,0
DA:193,0
DA:194,0
DA:197,0
DA:198,0
DA:201,0
DA:202,0
DA:206,0
DA:207,0
DA:208,0
DA:215,0
DA:216,0
DA:220,0
DA:221,0
DA:222,0
DA:228,0
DA:229,0
DA:230,0
DA:234,0
DA:235,0
DA:239,0
DA:240,0
DA:249,0
DA:250,0
DA:254,0
DA:255,0
DA:256,0
DA:260,0
DA:261,0
DA:277,0
DA:283,0
DA:294,0
DA:304,0
DA:318,0
DA:367,0
DA:376,0
DA:377,0
DA:380,0
DA:381,0
DA:382,0
DA:383,0
DA:384,0
DA:387,0
DA:390,0
DA:406,0
DA:469,0
DA:480,0
DA:481,0
DA:482,0
DA:499,0
DA:553,0
DA:554,0
DA:556,0
DA:560,0
DA:561,0
DA:593,0
DA:595,0
DA:596,0
DA:597,0
DA:619,0
DA:638,0
DA:652,0
DA:671,0
DA:672,0
DA:673,0
DA:674,0
DA:675,0
DA:676,0
DA:678,0
DA:682,0
DA:686,0
DA:687,0
DA:688,0
DA:689,0
DA:690,0
DA:706,0
DA:753,0
DA:754,0
DA:755,0
DA:770,0
DA:783,0
DA:784,0
DA:785,0
DA:788,0
DA:816,0
DA:824,0
DA:902,0
DA:923,0
DA:938,0
LF:166
LH:0
BRDA:60,0,0,0
BRDA:60,0,1,0
BRDA:60,0,2,0
BRDA:60,0,3,0
BRDA:69,1,0,0
BRDA:69,1,1,0
BRDA:69,1,2,0
BRDA:69,1,3,0
BRDA:103,2,0,0
BRDA:108,3,0,0
BRDA:108,3,1,0
BRDA:116,4,0,0
BRDA:117,5,0,0
BRDA:118,6,0,0
BRDA:129,7,0,0
BRDA:130,8,0,0
BRDA:135,9,0,0
BRDA:140,10,0,0
BRDA:142,11,0,0
BRDA:142,11,1,0
BRDA:150,12,0,0
BRDA:150,13,0,0
BRDA:150,13,1,0
BRDA:152,14,0,0
BRDA:152,14,1,0
BRDA:208,15,0,0
BRDA:208,15,1,0
BRDA:208,15,2,0
BRDA:216,16,0,0
BRDA:216,16,1,0
BRDA:222,17,0,0
BRDA:222,17,1,0
BRDA:222,17,2,0
BRDA:231,18,0,0
BRDA:231,18,1,0
BRDA:244,19,0,0
BRDA:244,19,1,0
BRDA:260,20,0,0
BRDA:260,20,1,0
BRDA:261,21,0,0
BRDA:261,21,1,0
BRDA:269,22,0,0
BRDA:269,22,1,0
BRDA:273,23,0,0
BRDA:273,23,1,0
BRDA:295,24,0,0
BRDA:295,24,1,0
BRDA:301,25,0,0
BRDA:301,25,1,0
BRDA:305,26,0,0
BRDA:305,26,1,0
BRDA:311,27,0,0
BRDA:311,27,1,0
BRDA:319,28,0,0
BRDA:319,28,1,0
BRDA:325,29,0,0
BRDA:327,30,0,0
BRDA:327,30,1,0
BRDA:332,31,0,0
BRDA:332,31,1,0
BRDA:340,32,0,0
BRDA:340,32,1,0
BRDA:351,33,0,0
BRDA:351,33,1,0
BRDA:357,34,0,0
BRDA:357,34,1,0
BRDA:376,35,0,0
BRDA:384,36,0,0
BRDA:384,36,1,0
BRDA:393,37,0,0
BRDA:393,37,1,0
BRDA:394,38,0,0
BRDA:394,38,1,0
BRDA:395,39,0,0
BRDA:395,39,1,0
BRDA:398,40,0,0
BRDA:398,40,1,0
BRDA:398,41,0,0
BRDA:398,41,1,0
BRDA:403,42,0,0
BRDA:406,43,0,0
BRDA:406,43,1,0
BRDA:412,44,0,0
BRDA:419,45,0,0
BRDA:422,46,0,0
BRDA:421,47,0,0
BRDA:421,47,1,0
BRDA:439,48,0,0
BRDA:439,48,1,0
BRDA:443,49,0,0
BRDA:443,49,1,0
BRDA:447,50,0,0
BRDA:447,50,1,0
BRDA:453,51,0,0
BRDA:478,52,0,0
BRDA:480,53,0,0
BRDA:480,53,1,0
BRDA:490,54,0,0
BRDA:510,55,0,0
BRDA:510,55,1,0
BRDA:515,56,0,0
BRDA:528,57,0,0
BRDA:528,57,1,0
BRDA:539,58,0,0
BRDA:539,58,1,0
BRDA:545,59,0,0
BRDA:545,59,1,0
BRDA:554,60,0,0
BRDA:554,60,1,0
BRDA:565,61,0,0
BRDA:565,61,1,0
BRDA:568,62,0,0
BRDA:568,62,1,0
BRDA:582,63,0,0
BRDA:582,63,1,0
BRDA:585,64,0,0
BRDA:587,65,0,0
BRDA:587,65,1,0
BRDA:595,66,0,0
BRDA:595,66,1,0
BRDA:610,67,0,0
BRDA:610,67,1,0
BRDA:615,68,0,0
BRDA:615,68,1,0
BRDA:634,69,0,0
BRDA:636,70,0,0
BRDA:636,70,1,0
BRDA:646,71,0,0
BRDA:678,72,0,0
BRDA:678,72,1,0
BRDA:682,73,0,0
BRDA:682,73,1,0
BRDA:687,74,0,0
BRDA:707,75,0,0
BRDA:707,75,1,0
BRDA:717,76,0,0
BRDA:717,76,1,0
BRDA:725,77,0,0
BRDA:725,77,1,0
BRDA:747,78,0,0
BRDA:747,78,1,0
BRDA:753,79,0,0
BRDA:765,80,0,0
BRDA:765,80,1,0
BRDA:771,81,0,0
BRDA:771,81,1,0
BRDA:779,82,0,0
BRDA:779,82,1,0
BRDA:790,83,0,0
BRDA:790,83,1,0
BRDA:798,84,0,0
BRDA:798,84,1,0
BRDA:809,85,0,0
BRDA:809,85,1,0
BRDA:809,86,0,0
BRDA:809,86,1,0
BRDA:812,87,0,0
BRDA:812,87,1,0
BRDA:817,88,0,0
BRDA:817,88,1,0
BRDA:825,89,0,0
BRDA:825,89,1,0
BRDA:828,90,0,0
BRDA:828,90,1,0
BRDA:829,91,0,0
BRDA:829,91,1,0
BRDA:832,92,0,0
BRDA:832,92,1,0
BRDA:837,93,0,0
BRDA:837,93,1,0
BRDA:841,94,0,0
BRDA:841,94,1,0
BRDA:841,95,0,0
BRDA:841,95,1,0
BRDA:844,96,0,0
BRDA:844,96,1,0
BRDA:854,97,0,0
BRDA:854,97,1,0
BRDA:858,98,0,0
BRDA:864,99,0,0
BRDA:864,99,1,0
BRDA:869,100,0,0
BRDA:869,100,1,0
BRDA:910,101,0,0
BRDA:910,101,1,0
BRDA:918,102,0,0
BRDA:918,102,1,0
BRDA:922,103,0,0
BRDA:922,103,1,0
BRDA:923,104,0,0
BRDA:923,104,1,0
BRDA:931,105,0,0
BRDA:931,105,1,0
BRDA:938,106,0,0
BRDA:938,106,1,0
BRDA:949,107,0,0
BRDA:949,107,1,0
BRDA:956,108,0,0
BRDA:956,108,1,0
BRDA:956,109,0,0
BRDA:956,109,1,0
BRDA:956,110,0,0
BRDA:956,110,1,0
BRF:203
BRH:0
end_of_record
TN:
SF:src\app\check-in\page.tsx
FN:110,CheckInPage
FN:129,(anonymous_3)
FN:162,(anonymous_4)
FN:168,(anonymous_5)
FN:170,(anonymous_6)
FN:230,(anonymous_7)
FN:232,(anonymous_8)
FN:242,(anonymous_9)
FN:281,(anonymous_10)
FN:284,(anonymous_11)
FN:386,(anonymous_12)
FN:390,(anonymous_13)
FN:425,(anonymous_14)
FN:426,(anonymous_15)
FN:441,(anonymous_16)
FNF:15
FNH:0
FNDA:0,CheckInPage
FNDA:0,(anonymous_3)
FNDA:0,(anonymous_4)
FNDA:0,(anonymous_5)
FNDA:0,(anonymous_6)
FNDA:0,(anonymous_7)
FNDA:0,(anonymous_8)
FNDA:0,(anonymous_9)
FNDA:0,(anonymous_10)
FNDA:0,(anonymous_11)
FNDA:0,(anonymous_12)
FNDA:0,(anonymous_13)
FNDA:0,(anonymous_14)
FNDA:0,(anonymous_15)
FNDA:0,(anonymous_16)
DA:3,0
DA:4,0
DA:5,0
DA:19,0
DA:20,0
DA:21,0
DA:22,0
DA:23,0
DA:28,0
DA:110,0
DA:111,0
DA:112,0
DA:113,0
DA:114,0
DA:115,0
DA:116,0
DA:117,0
DA:118,0
DA:119,0
DA:122,0
DA:123,0
DA:124,0
DA:126,0
DA:129,0
DA:130,0
DA:131,0
DA:133,0
DA:141,0
DA:143,0
DA:144,0
DA:148,0
DA:151,0
DA:152,0
DA:153,0
DA:156,0
DA:158,0
DA:162,0
DA:163,0
DA:164,0
DA:165,0
DA:167,0
DA:168,0
DA:169,0
DA:170,0
DA:174,0
DA:175,0
DA:176,0
DA:179,0
DA:180,0
DA:189,0
DA:190,0
DA:193,0
DA:194,0
DA:201,0
DA:204,0
DA:206,0
DA:207,0
DA:208,0
DA:211,0
DA:219,0
DA:222,0
DA:225,0
DA:226,0
DA:227,0
DA:230,0
DA:231,0
DA:232,0
DA:233,0
DA:234,0
DA:235,0
DA:242,0
DA:282,0
DA:284,0
DA:387,0
DA:388,0
DA:390,0
DA:391,0
DA:398,0
DA:400,0
DA:426,0
DA:427,0
DA:429,0
DA:442,0
DA:443,0
DA:444,0
LF:85
LH:0
BRDA:138,0,0,0
BRDA:138,0,1,0
BRDA:143,1,0,0
BRDA:143,1,1,0
BRDA:167,2,0,0
BRDA:167,2,1,0
BRDA:189,3,0,0
BRDA:189,3,1,0
BRDA:227,4,0,0
BRDA:227,4,1,0
BRDA:242,5,0,0
BRDA:242,5,1,0
BRDA:245,6,0,0
BRDA:245,6,1,0
BRDA:257,7,0,0
BRDA:257,7,1,0
BRDA:299,8,0,0
BRDA:334,9,0,0
BRDA:387,10,0,0
BRDA:387,10,1,0
BRDA:398,11,0,0
BRDA:398,11,1,0
BRDA:398,11,2,0
BRDA:418,12,0,0
BRDA:427,13,0,0
BRDA:442,14,0,0
BRDA:442,14,1,0
BRDA:484,15,0,0
BRDA:494,16,0,0
BRDA:494,16,1,0
BRDA:505,17,0,0
BRDA:505,17,1,0
BRDA:522,18,0,0
BRF:33
BRH:0
end_of_record
TN:
SF:src\app\conflict\page.tsx
FN:48,(anonymous_5)
FN:53,(anonymous_6)
FN:114,(anonymous_7)
FN:120,(anonymous_8)
FN:130,ConflictPage
FN:171,(anonymous_10)
FN:176,(anonymous_11)
FN:183,(anonymous_12)
FN:184,checkActiveSession
FN:214,(anonymous_14)
FN:224,(anonymous_15)
FN:261,(anonymous_16)
FN:266,(anonymous_17)
FN:302,(anonymous_18)
FN:327,(anonymous_19)
FN:342,(anonymous_20)
FN:347,(anonymous_21)
FN:357,(anonymous_22)
FN:415,(anonymous_23)
FN:430,(anonymous_24)
FN:446,(anonymous_25)
FN:474,(anonymous_26)
FN:504,(anonymous_27)
FN:604,(anonymous_28)
FN:609,(anonymous_29)
FN:662,(anonymous_30)
FN:702,(anonymous_31)
FN:716,(anonymous_32)
FN:730,(anonymous_33)
FN:755,(anonymous_34)
FN:806,(anonymous_35)
FN:854,(anonymous_36)
FN:871,(anonymous_37)
FN:942,(anonymous_38)
FN:960,(anonymous_39)
FN:1017,(anonymous_40)
FN:1030,(anonymous_41)
FN:1099,(anonymous_42)
FN:1100,(anonymous_43)
FNF:39
FNH:0
FNDA:0,(anonymous_5)
FNDA:0,(anonymous_6)
FNDA:0,(anonymous_7)
FNDA:0,(anonymous_8)
FNDA:0,ConflictPage
FNDA:0,(anonymous_10)
FNDA:0,(anonymous_11)
FNDA:0,(anonymous_12)
FNDA:0,checkActiveSession
FNDA:0,(anonymous_14)
FNDA:0,(anonymous_15)
FNDA:0,(anonymous_16)
FNDA:0,(anonymous_17)
FNDA:0,(anonymous_18)
FNDA:0,(anonymous_19)
FNDA:0,(anonymous_20)
FNDA:0,(anonymous_21)
FNDA:0,(anonymous_22)
FNDA:0,(anonymous_23)
FNDA:0,(anonymous_24)
FNDA:0,(anonymous_25)
FNDA:0,(anonymous_26)
FNDA:0,(anonymous_27)
FNDA:0,(anonymous_28)
FNDA:0,(anonymous_29)
FNDA:0,(anonymous_30)
FNDA:0,(anonymous_31)
FNDA:0,(anonymous_32)
FNDA:0,(anonymous_33)
FNDA:0,(anonymous_34)
FNDA:0,(anonymous_35)
FNDA:0,(anonymous_36)
FNDA:0,(anonymous_37)
FNDA:0,(anonymous_38)
FNDA:0,(anonymous_39)
FNDA:0,(anonymous_40)
FNDA:0,(anonymous_41)
FNDA:0,(anonymous_42)
FNDA:0,(anonymous_43)
DA:3,0
DA:4,0
DA:5,0
DA:20,0
DA:21,0
DA:22,0
DA:23,0
DA:24,0
DA:25,0
DA:27,0
DA:28,0
DA:29,0
DA:40,0
DA:48,0
DA:50,0
DA:51,0
DA:53,0
DA:54,0
DA:57,0
DA:60,0
DA:63,0
DA:65,0
DA:66,0
DA:74,0
DA:75,0
DA:76,0
DA:84,0
DA:85,0
DA:88,0
DA:97,0
DA:98,0
DA:99,0
DA:100,0
DA:101,0
DA:109,0
DA:114,0
DA:115,0
DA:118,0
DA:120,0
DA:121,0
DA:123,0
DA:126,0
DA:130,0
DA:131,0
DA:132,0
DA:133,0
DA:135,0
DA:136,0
DA:137,0
DA:139,0
DA:140,0
DA:141,0
DA:144,0
DA:145,0
DA:146,0
DA:148,0
DA:149,0
DA:150,0
DA:151,0
DA:152,0
DA:153,0
DA:154,0
DA:155,0
DA:157,0
DA:158,0
DA:161,0
DA:164,0
DA:165,0
DA:166,0
DA:167,0
DA:169,0
DA:171,0
DA:172,0
DA:176,0
DA:177,0
DA:178,0
DA:183,0
DA:185,0
DA:186,0
DA:187,0
DA:188,0
DA:189,0
DA:192,0
DA:201,0
DA:203,0
DA:207,0
DA:211,0
DA:212,0
DA:214,0
DA:215,0
DA:217,0
DA:225,0
DA:228,0
DA:229,0
DA:232,0
DA:234,0
DA:235,0
DA:236,0
DA:239,0
DA:240,0
DA:241,0
DA:242,0
DA:245,0
DA:246,0
DA:250,0
DA:251,0
DA:252,0
DA:256,0
DA:261,0
DA:262,0
DA:266,0
DA:267,0
DA:269,0
DA:271,0
DA:272,0
DA:273,0
DA:276,0
DA:277,0
DA:279,0
DA:286,0
DA:289,0
DA:296,0
DA:298,0
DA:302,0
DA:303,0
DA:304,0
DA:305,0
DA:307,0
DA:309,0
DA:315,0
DA:317,0
DA:320,0
DA:321,0
DA:323,0
DA:327,0
DA:328,0
DA:329,0
DA:330,0
DA:332,0
DA:333,0
DA:334,0
DA:337,0
DA:338,0
DA:339,0
DA:342,0
DA:343,0
DA:344,0
DA:347,0
DA:348,0
DA:350,0
DA:351,0
DA:353,0
DA:357,0
DA:358,0
DA:359,0
DA:361,0
DA:362,0
DA:364,0
DA:365,0
DA:376,0
DA:377,0
DA:378,0
DA:379,0
DA:380,0
DA:383,0
DA:384,0
DA:394,0
DA:397,0
DA:398,0
DA:405,0
DA:406,0
DA:410,0
DA:411,0
DA:415,0
DA:416,0
DA:417,0
DA:418,0
DA:419,0
DA:420,0
DA:422,0
DA:423,0
DA:424,0
DA:430,0
DA:431,0
DA:433,0
DA:434,0
DA:435,0
DA:436,0
DA:437,0
DA:438,0
DA:440,0
DA:442,0
DA:443,0
DA:446,0
DA:448,0
DA:456,0
DA:457,0
DA:460,0
DA:461,0
DA:464,0
DA:466,0
DA:468,0
DA:469,0
DA:474,0
DA:476,0
DA:477,0
DA:479,0
DA:480,0
DA:487,0
DA:488,0
DA:489,0
DA:490,0
DA:492,0
DA:493,0
DA:494,0
DA:495,0
DA:497,0
DA:504,0
DA:604,0
DA:610,0
DA:611,0
DA:613,0
DA:617,0
DA:664,0
DA:665,0
DA:666,0
DA:669,0
DA:670,0
DA:672,0
DA:673,0
DA:674,0
DA:677,0
DA:678,0
DA:680,0
DA:681,0
DA:682,0
DA:683,0
DA:685,0
DA:686,0
DA:687,0
DA:688,0
DA:689,0
DA:691,0
DA:692,0
DA:704,0
DA:705,0
DA:717,0
DA:718,0
DA:730,0
DA:756,0
DA:806,0
DA:855,0
DA:856,0
DA:857,0
DA:872,0
DA:873,0
DA:943,0
DA:944,0
DA:945,0
DA:946,0
DA:947,0
DA:948,0
DA:961,0
DA:1018,0
DA:1019,0
DA:1020,0
DA:1021,0
DA:1022,0
DA:1031,0
DA:1099,0
DA:1101,0
LF:271
LH:0
BRDA:57,0,0,0
BRDA:63,1,0,0
BRDA:74,2,0,0
BRDA:84,3,0,0
BRDA:84,4,0,0
BRDA:84,4,1,0
BRDA:97,5,0,0
BRDA:97,6,0,0
BRDA:97,6,1,0
BRDA:115,7,0,0
BRDA:121,8,0,0
BRDA:121,9,0,0
BRDA:121,9,1,0
BRDA:177,10,0,0
BRDA:185,11,0,0
BRDA:187,12,0,0
BRDA:187,13,0,0
BRDA:187,13,1,0
BRDA:189,14,0,0
BRDA:201,15,0,0
BRDA:215,16,0,0
BRDA:215,17,0,0
BRDA:215,17,1,0
BRDA:228,18,0,0
BRDA:229,19,0,0
BRDA:229,20,0,0
BRDA:229,20,1,0
BRDA:234,21,0,0
BRDA:234,22,0,0
BRDA:234,22,1,0
BRDA:239,23,0,0
BRDA:239,24,0,0
BRDA:239,24,1,0
BRDA:245,25,0,0
BRDA:245,26,0,0
BRDA:245,26,1,0
BRDA:250,27,0,0
BRDA:250,27,1,0
BRDA:251,28,0,0
BRDA:256,29,0,0
BRDA:283,30,0,0
BRDA:283,30,1,0
BRDA:303,31,0,0
BRDA:315,32,0,0
BRDA:315,33,0,0
BRDA:315,33,1,0
BRDA:315,34,0,0
BRDA:315,34,1,0
BRDA:321,35,0,0
BRDA:321,35,1,0
BRDA:328,36,0,0
BRDA:329,37,0,0
BRDA:329,37,1,0
BRDA:332,38,0,0
BRDA:333,39,0,0
BRDA:333,39,1,0
BRDA:350,40,0,0
BRDA:350,40,1,0
BRDA:350,41,0,0
BRDA:350,41,1,0
BRDA:350,41,2,0
BRDA:359,42,0,0
BRDA:361,43,0,0
BRDA:361,43,1,0
BRDA:362,44,0,0
BRDA:362,44,1,0
BRDA:376,45,0,0
BRDA:377,46,0,0
BRDA:383,47,0,0
BRDA:398,48,0,0
BRDA:398,48,1,0
BRDA:416,49,0,0
BRDA:418,50,0,0
BRDA:418,50,1,0
BRDA:431,51,0,0
BRDA:442,52,0,0
BRDA:442,53,0,0
BRDA:442,53,1,0
BRDA:452,54,0,0
BRDA:452,54,1,0
BRDA:460,55,0,0
BRDA:460,56,0,0
BRDA:460,56,1,0
BRDA:484,57,0,0
BRDA:484,57,1,0
BRDA:493,58,0,0
BRDA:493,58,1,0
BRDA:517,59,0,0
BRDA:518,60,0,0
BRDA:518,60,1,0
BRDA:518,61,0,0
BRDA:518,61,1,0
BRDA:523,62,0,0
BRDA:523,62,1,0
BRDA:538,63,0,0
BRDA:538,63,1,0
BRDA:542,64,0,0
BRDA:542,64,1,0
BRDA:548,65,0,0
BRDA:548,65,1,0
BRDA:555,66,0,0
BRDA:555,66,1,0
BRDA:567,67,0,0
BRDA:567,67,1,0
BRDA:572,68,0,0
BRDA:577,69,0,0
BRDA:577,69,1,0
BRDA:581,70,0,0
BRDA:580,71,0,0
BRDA:580,71,1,0
BRDA:583,72,0,0
BRDA:583,72,1,0
BRDA:589,73,0,0
BRDA:589,73,1,0
BRDA:594,74,0,0
BRDA:594,74,1,0
BRDA:602,75,0,0
BRDA:602,75,1,0
BRDA:610,76,0,0
BRDA:610,77,0,0
BRDA:610,77,1,0
BRDA:613,78,0,0
BRDA:613,78,1,0
BRDA:622,79,0,0
BRDA:622,79,1,0
BRDA:630,80,0,0
BRDA:630,80,1,0
BRDA:642,81,0,0
BRDA:642,81,1,0
BRDA:645,82,0,0
BRDA:645,82,1,0
BRDA:652,83,0,0
BRDA:655,84,0,0
BRDA:655,84,1,0
BRDA:656,85,0,0
BRDA:656,85,1,0
BRDA:657,86,0,0
BRDA:657,86,1,0
BRDA:657,87,0,0
BRDA:657,87,1,0
BRDA:657,88,0,0
BRDA:657,88,1,0
BRDA:666,89,0,0
BRDA:666,89,1,0
BRDA:672,90,0,0
BRDA:672,90,1,0
BRDA:673,91,0,0
BRDA:673,91,1,0
BRDA:680,92,0,0
BRDA:680,92,1,0
BRDA:680,93,0,0
BRDA:680,93,1,0
BRDA:682,94,0,0
BRDA:682,95,0,0
BRDA:682,95,1,0
BRDA:685,96,0,0
BRDA:685,96,1,0
BRDA:687,97,0,0
BRDA:689,98,0,0
BRDA:696,99,0,0
BRDA:696,99,1,0
BRDA:697,100,0,0
BRDA:697,100,1,0
BRDA:698,101,0,0
BRDA:698,101,1,0
BRDA:709,102,0,0
BRDA:709,102,1,0
BRDA:723,103,0,0
BRDA:723,103,1,0
BRDA:726,104,0,0
BRDA:726,104,1,0
BRDA:734,105,0,0
BRDA:734,105,1,0
BRDA:737,106,0,0
BRDA:737,106,1,0
BRDA:744,107,0,0
BRDA:744,107,1,0
BRDA:752,108,0,0
BRDA:752,108,1,0
BRDA:767,109,0,0
BRDA:767,109,1,0
BRDA:777,110,0,0
BRDA:777,110,1,0
BRDA:783,111,0,0
BRDA:783,111,1,0
BRDA:795,112,0,0
BRDA:795,112,1,0
BRDA:798,113,0,0
BRDA:798,113,1,0
BRDA:807,114,0,0
BRDA:807,114,1,0
BRDA:816,115,0,0
BRDA:816,115,1,0
BRDA:823,116,0,0
BRDA:823,116,1,0
BRDA:823,116,2,0
BRDA:832,117,0,0
BRDA:832,117,1,0
BRDA:833,118,0,0
BRDA:833,118,1,0
BRDA:837,119,0,0
BRDA:837,119,1,0
BRDA:838,120,0,0
BRDA:838,120,1,0
BRDA:839,121,0,0
BRDA:839,121,1,0
BRDA:842,122,0,0
BRDA:842,122,1,0
BRDA:843,123,0,0
BRDA:843,123,1,0
BRDA:844,124,0,0
BRDA:844,124,1,0
BRDA:852,125,0,0
BRDA:852,125,1,0
BRDA:855,126,0,0
BRDA:855,127,0,0
BRDA:855,127,1,0
BRDA:858,128,0,0
BRDA:858,128,1,0
BRDA:866,129,0,0
BRDA:866,129,1,0
BRDA:873,130,0,0
BRDA:873,131,0,0
BRDA:873,131,1,0
BRDA:877,132,0,0
BRDA:877,132,1,0
BRDA:878,133,0,0
BRDA:878,133,1,0
BRDA:879,134,0,0
BRDA:879,134,1,0
BRDA:885,135,0,0
BRDA:885,135,1,0
BRDA:903,136,0,0
BRDA:903,136,1,0
BRDA:906,137,0,0
BRDA:906,137,1,0
BRDA:912,138,0,0
BRDA:926,139,0,0
BRDA:926,139,1,0
BRDA:933,140,0,0
BRDA:933,140,1,0
BRDA:937,141,0,0
BRDA:937,141,1,0
BRDA:943,142,0,0
BRDA:943,143,0,0
BRDA:943,143,1,0
BRDA:953,144,0,0
BRDA:953,144,1,0
BRDA:971,145,0,0
BRDA:971,145,1,0
BRDA:974,146,0,0
BRDA:974,146,1,0
BRDA:979,147,0,0
BRDA:987,148,0,0
BRDA:985,149,0,0
BRDA:985,149,1,0
BRDA:1000,150,0,0
BRDA:1000,150,1,0
BRDA:1003,151,0,0
BRDA:1003,151,1,0
BRDA:1018,152,0,0
BRDA:1027,153,0,0
BRDA:1027,153,1,0
BRDA:1031,154,0,0
BRDA:1031,154,1,0
BRDA:1035,155,0,0
BRDA:1035,155,1,0
BRDA:1042,156,0,0
BRDA:1054,157,0,0
BRDA:1054,157,1,0
BRDA:1075,158,0,0
BRDA:1101,159,0,0
BRDA:1101,160,0,0
BRDA:1101,160,1,0
BRDA:1101,160,2,0
BRDA:1103,161,0,0
BRDA:1103,161,1,0
BRDA:1109,162,0,0
BRDA:1109,162,1,0
BRDA:1112,163,0,0
BRDA:1112,163,1,0
BRF:281
BRH:0
end_of_record
TN:
SF:src\app\dashboard\loading.tsx
FN:3,Loading
FNF:1
FNH:0
FNDA:0,Loading
DA:1,0
DA:3,0
LF:2
LH:0
BRF:0
BRH:0
end_of_record
TN:
SF:src\app\dashboard\page.tsx
FN:35,Dashboard
FN:97,(anonymous_6)
FN:101,getGreeting
FN:116,(anonymous_8)
FN:119,(anonymous_9)
FN:158,(anonymous_10)
FN:160,(anonymous_11)
FN:163,(anonymous_12)
FN:163,(anonymous_13)
FN:177,(anonymous_14)
FN:185,(anonymous_15)
FN:188,(anonymous_16)
FN:190,(anonymous_17)
FN:199,(anonymous_18)
FN:200,(anonymous_19)
FN:204,(anonymous_20)
FN:205,(anonymous_21)
FN:209,(anonymous_22)
FN:220,(anonymous_23)
FN:231,(anonymous_24)
FN:381,(anonymous_25)
FN:390,(anonymous_26)
FN:422,(anonymous_27)
FN:476,(anonymous_28)
FN:477,(anonymous_29)
FNF:25
FNH:0
FNDA:0,Dashboard
FNDA:0,(anonymous_6)
FNDA:0,getGreeting
FNDA:0,(anonymous_8)
FNDA:0,(anonymous_9)
FNDA:0,(anonymous_10)
FNDA:0,(anonymous_11)
FNDA:0,(anonymous_12)
FNDA:0,(anonymous_13)
FNDA:0,(anonymous_14)
FNDA:0,(anonymous_15)
FNDA:0,(anonymous_16)
FNDA:0,(anonymous_17)
FNDA:0,(anonymous_18)
FNDA:0,(anonymous_19)
FNDA:0,(anonymous_20)
FNDA:0,(anonymous_21)
FNDA:0,(anonymous_22)
FNDA:0,(anonymous_23)
FNDA:0,(anonymous_24)
FNDA:0,(anonymous_25)
FNDA:0,(anonymous_26)
FNDA:0,(anonymous_27)
FNDA:0,(anonymous_28)
FNDA:0,(anonymous_29)
DA:3,0
DA:4,0
DA:5,0
DA:23,0
DA:24,0
DA:25,0
DA:26,0
DA:27,0
DA:28,0
DA:29,0
DA:30,0
DA:31,0
DA:32,0
DA:33,0
DA:35,0
DA:36,0
DA:37,0
DA:38,0
DA:39,0
DA:41,0
DA:42,0
DA:44,0
DA:46,0
DA:47,0
DA:48,0
DA:49,0
DA:50,0
DA:51,0
DA:52,0
DA:53,0
DA:54,0
DA:55,0
DA:56,0
DA:58,0
DA:60,0
DA:61,0
DA:62,0
DA:65,0
DA:97,0
DA:102,0
DA:103,0
DA:104,0
DA:105,0
DA:106,0
DA:108,0
DA:109,0
DA:110,0
DA:114,0
DA:116,0
DA:117,0
DA:119,0
DA:120,0
DA:122,0
DA:123,0
DA:125,0
DA:126,0
DA:127,0
DA:131,0
DA:132,0
DA:138,0
DA:141,0
DA:142,0
DA:151,0
DA:155,0
DA:158,0
DA:159,0
DA:160,0
DA:161,0
DA:163,0
DA:165,0
DA:167,0
DA:172,0
DA:177,0
DA:178,0
DA:181,0
DA:182,0
DA:184,0
DA:186,0
DA:187,0
DA:188,0
DA:189,0
DA:190,0
DA:191,0
DA:192,0
DA:197,0
DA:200,0
DA:201,0
DA:205,0
DA:206,0
DA:210,0
DA:211,0
DA:212,0
DA:217,0
DA:220,0
DA:221,0
DA:222,0
DA:231,0
DA:232,0
DA:233,0
DA:234,0
DA:238,0
DA:391,0
DA:392,0
DA:407,0
DA:422,0
DA:476,0
DA:477,0
LF:107
LH:0
BRDA:44,0,0,0
BRDA:44,0,1,0
BRDA:44,1,0,0
BRDA:44,1,1,0
BRDA:46,2,0,0
BRDA:46,2,1,0
BRDA:58,3,0,0
BRDA:58,3,1,0
BRDA:68,4,0,0
BRDA:68,4,1,0
BRDA:69,5,0,0
BRDA:69,5,1,0
BRDA:76,6,0,0
BRDA:76,6,1,0
BRDA:77,7,0,0
BRDA:77,7,1,0
BRDA:84,8,0,0
BRDA:84,8,1,0
BRDA:85,9,0,0
BRDA:85,9,1,0
BRDA:92,10,0,0
BRDA:92,10,1,0
BRDA:93,11,0,0
BRDA:93,11,1,0
BRDA:103,12,0,0
BRDA:103,12,1,0
BRDA:104,13,0,0
BRDA:105,14,0,0
BRDA:108,15,0,0
BRDA:109,16,0,0
BRDA:123,17,0,0
BRDA:123,17,1,0
BRDA:125,18,0,0
BRDA:127,19,0,0
BRDA:127,19,1,0
BRDA:127,19,2,0
BRDA:131,20,0,0
BRDA:141,21,0,0
BRDA:141,22,0,0
BRDA:141,22,1,0
BRDA:151,23,0,0
BRDA:162,24,0,0
BRDA:162,24,1,0
BRDA:167,25,0,0
BRDA:167,25,1,0
BRDA:178,26,0,0
BRDA:178,27,0,0
BRDA:178,27,1,0
BRDA:178,27,2,0
BRDA:189,28,0,0
BRDA:191,29,0,0
BRDA:197,30,0,0
BRDA:197,30,1,0
BRDA:200,31,0,0
BRDA:205,32,0,0
BRDA:210,33,0,0
BRDA:210,34,0,0
BRDA:210,34,1,0
BRDA:232,35,0,0
BRDA:238,36,0,0
BRDA:241,37,0,0
BRDA:241,37,1,0
BRDA:244,38,0,0
BRDA:244,38,1,0
BRDA:245,39,0,0
BRDA:245,39,1,0
BRDA:256,40,0,0
BRDA:256,40,1,0
BRDA:257,41,0,0
BRDA:257,41,1,0
BRDA:259,42,0,0
BRDA:268,43,0,0
BRDA:268,43,1,0
BRDA:271,44,0,0
BRDA:271,44,1,0
BRDA:274,45,0,0
BRDA:274,45,1,0
BRDA:275,46,0,0
BRDA:278,47,0,0
BRDA:278,47,1,0
BRDA:288,48,0,0
BRDA:288,48,1,0
BRDA:289,49,0,0
BRDA:289,49,1,0
BRDA:291,50,0,0
BRDA:292,51,0,0
BRDA:292,51,1,0
BRDA:293,52,0,0
BRDA:293,52,1,0
BRDA:294,53,0,0
BRDA:294,53,1,0
BRDA:295,54,0,0
BRDA:295,54,1,0
BRDA:296,55,0,0
BRDA:296,55,1,0
BRDA:297,56,0,0
BRDA:297,56,1,0
BRDA:307,57,0,0
BRDA:308,58,0,0
BRDA:308,58,1,0
BRDA:312,59,0,0
BRDA:312,59,1,0
BRDA:312,60,0,0
BRDA:312,60,1,0
BRDA:312,61,0,0
BRDA:312,61,1,0
BRDA:312,62,0,0
BRDA:312,62,1,0
BRDA:316,63,0,0
BRDA:316,63,1,0
BRDA:317,64,0,0
BRDA:317,64,1,0
BRDA:319,65,0,0
BRDA:319,65,1,0
BRDA:320,66,0,0
BRDA:320,66,1,0
BRDA:321,67,0,0
BRDA:321,67,1,0
BRDA:322,68,0,0
BRDA:322,68,1,0
BRDA:323,69,0,0
BRDA:323,69,1,0
BRDA:324,70,0,0
BRDA:324,70,1,0
BRDA:336,71,0,0
BRDA:336,71,1,0
BRDA:345,72,0,0
BRDA:345,72,1,0
BRDA:346,73,0,0
BRDA:346,73,1,0
BRDA:348,74,0,0
BRDA:348,74,1,0
BRDA:349,75,0,0
BRDA:349,75,1,0
BRDA:352,76,0,0
BRDA:352,76,1,0
BRDA:352,77,0,0
BRDA:352,77,1,0
BRDA:359,78,0,0
BRDA:359,78,1,0
BRDA:362,79,0,0
BRDA:362,79,1,0
BRDA:365,80,0,0
BRDA:365,80,1,0
BRDA:366,81,0,0
BRDA:366,81,1,0
BRDA:370,82,0,0
BRDA:377,83,0,0
BRDA:377,83,1,0
BRDA:378,84,0,0
BRDA:378,84,1,0
BRDA:389,85,0,0
BRDA:389,85,1,0
BRDA:392,86,0,0
BRDA:398,87,0,0
BRDA:398,87,1,0
BRDA:401,88,0,0
BRDA:401,88,1,0
BRDA:407,89,0,0
BRDA:407,89,1,0
BRDA:423,90,0,0
BRDA:423,90,1,0
BRDA:429,91,0,0
BRDA:429,91,1,0
BRDA:430,92,0,0
BRDA:430,92,1,0
BRDA:432,93,0,0
BRDA:432,93,1,0
BRDA:433,94,0,0
BRDA:433,94,1,0
BRDA:442,95,0,0
BRDA:442,95,1,0
BRDA:448,96,0,0
BRDA:448,96,1,0
BRDA:449,97,0,0
BRDA:449,97,1,0
BRDA:451,98,0,0
BRDA:451,98,1,0
BRDA:452,99,0,0
BRDA:452,99,1,0
BRDA:460,100,0,0
BRDA:460,100,1,0
BRDA:465,101,0,0
BRDA:465,101,1,0
BRDA:467,102,0,0
BRDA:467,102,1,0
BRDA:468,103,0,0
BRDA:468,103,1,0
BRDA:468,104,0,0
BRDA:468,104,1,0
BRF:190
BRH:0
end_of_record
TN:
SF:src\app\game-session\loading.tsx
FN:3,Loading
FNF:1
FNH:0
FNDA:0,Loading
DA:1,0
DA:3,0
LF:2
LH:0
BRF:0
BRH:0
end_of_record
TN:
SF:src\app\game-session\page.tsx
FN:35,(anonymous_2)
FN:44,GameSessionContent
FN:50,(anonymous_4)
FN:106,(anonymous_5)
FN:107,(anonymous_6)
FN:128,(anonymous_7)
FN:153,(anonymous_8)
FN:155,(anonymous_9)
FN:156,(anonymous_10)
FN:164,(anonymous_11)
FN:170,(anonymous_12)
FN:171,(anonymous_13)
FN:198,(anonymous_14)
FN:215,(anonymous_15)
FN:238,(anonymous_16)
FN:245,(anonymous_17)
FN:255,(anonymous_18)
FN:279,(anonymous_19)
FN:319,(anonymous_20)
FN:328,(anonymous_21)
FN:346,(anonymous_22)
FN:356,(anonymous_23)
FN:369,(anonymous_24)
FN:426,(anonymous_26)
FN:450,(anonymous_27)
FN:463,(anonymous_28)
FN:487,(anonymous_29)
FN:552,(anonymous_30)
FN:555,(anonymous_31)
FN:562,(anonymous_32)
FN:565,(anonymous_33)
FN:619,(anonymous_34)
FN:622,(anonymous_35)
FN:681,(anonymous_36)
FN:684,(anonymous_37)
FN:744,(anonymous_38)
FN:749,(anonymous_39)
FN:783,(anonymous_40)
FN:794,(anonymous_41)
FN:861,(anonymous_42)
FN:871,(anonymous_43)
FN:880,(anonymous_44)
FN:894,(anonymous_45)
FN:931,(anonymous_46)
FN:950,(anonymous_47)
FN:971,(anonymous_48)
FN:1022,(anonymous_49)
FN:1028,GameSessionPage
FNF:48
FNH:0
FNDA:0,(anonymous_2)
FNDA:0,GameSessionContent
FNDA:0,(anonymous_4)
FNDA:0,(anonymous_5)
FNDA:0,(anonymous_6)
FNDA:0,(anonymous_7)
FNDA:0,(anonymous_8)
FNDA:0,(anonymous_9)
FNDA:0,(anonymous_10)
FNDA:0,(anonymous_11)
FNDA:0,(anonymous_12)
FNDA:0,(anonymous_13)
FNDA:0,(anonymous_14)
FNDA:0,(anonymous_15)
FNDA:0,(anonymous_16)
FNDA:0,(anonymous_17)
FNDA:0,(anonymous_18)
FNDA:0,(anonymous_19)
FNDA:0,(anonymous_20)
FNDA:0,(anonymous_21)
FNDA:0,(anonymous_22)
FNDA:0,(anonymous_23)
FNDA:0,(anonymous_24)
FNDA:0,(anonymous_26)
FNDA:0,(anonymous_27)
FNDA:0,(anonymous_28)
FNDA:0,(anonymous_29)
FNDA:0,(anonymous_30)
FNDA:0,(anonymous_31)
FNDA:0,(anonymous_32)
FNDA:0,(anonymous_33)
FNDA:0,(anonymous_34)
FNDA:0,(anonymous_35)
FNDA:0,(anonymous_36)
FNDA:0,(anonymous_37)
FNDA:0,(anonymous_38)
FNDA:0,(anonymous_39)
FNDA:0,(anonymous_40)
FNDA:0,(anonymous_41)
FNDA:0,(anonymous_42)
FNDA:0,(anonymous_43)
FNDA:0,(anonymous_44)
FNDA:0,(anonymous_45)
FNDA:0,(anonymous_46)
FNDA:0,(anonymous_47)
FNDA:0,(anonymous_48)
FNDA:0,(anonymous_49)
FNDA:0,GameSessionPage
DA:3,0
DA:4,0
DA:5,0
DA:6,0
DA:10,0
DA:11,0
DA:12,0
DA:13,0
DA:14,0
DA:15,0
DA:16,0
DA:17,0
DA:18,0
DA:22,0
DA:35,0
DA:36,0
DA:37,0
DA:38,0
DA:39,0
DA:41,0
DA:45,0
DA:46,0
DA:47,0
DA:48,0
DA:50,0
DA:51,0
DA:52,0
DA:53,0
DA:54,0
DA:55,0
DA:56,0
DA:57,0
DA:58,0
DA:59,0
DA:60,0
DA:61,0
DA:64,0
DA:65,0
DA:68,0
DA:69,0
DA:70,0
DA:71,0
DA:72,0
DA:73,0
DA:74,0
DA:76,0
DA:77,0
DA:78,0
DA:79,0
DA:80,0
DA:83,0
DA:84,0
DA:85,0
DA:88,0
DA:89,0
DA:90,0
DA:93,0
DA:94,0
DA:95,0
DA:98,0
DA:99,0
DA:102,0
DA:103,0
DA:106,0
DA:107,0
DA:109,0
DA:110,0
DA:121,0
DA:123,0
DA:124,0
DA:125,0
DA:128,0
DA:129,0
DA:131,0
DA:134,0
DA:137,0
DA:138,0
DA:139,0
DA:141,0
DA:142,0
DA:143,0
DA:144,0
DA:149,0
DA:150,0
DA:153,0
DA:154,0
DA:155,0
DA:156,0
DA:158,0
DA:159,0
DA:164,0
DA:165,0
DA:166,0
DA:170,0
DA:171,0
DA:172,0
DA:174,0
DA:175,0
DA:176,0
DA:177,0
DA:189,0
DA:194,0
DA:198,0
DA:201,0
DA:203,0
DA:204,0
DA:205,0
DA:208,0
DA:209,0
DA:215,0
DA:216,0
DA:217,0
DA:218,0
DA:220,0
DA:221,0
DA:222,0
DA:224,0
DA:226,0
DA:227,0
DA:230,0
DA:231,0
DA:232,0
DA:233,0
DA:238,0
DA:239,0
DA:240,0
DA:241,0
DA:243,0
DA:245,0
DA:248,0
DA:249,0
DA:250,0
DA:251,0
DA:255,0
DA:256,0
DA:257,0
DA:259,0
DA:260,0
DA:261,0
DA:262,0
DA:263,0
DA:264,0
DA:265,0
DA:267,0
DA:268,0
DA:271,0
DA:272,0
DA:273,0
DA:274,0
DA:279,0
DA:280,0
DA:293,0
DA:294,0
DA:295,0
DA:320,0
DA:329,0
DA:341,0
DA:346,0
DA:347,0
DA:356,0
DA:369,0
DA:405,0
DA:427,0
DA:428,0
DA:429,0
DA:430,0
DA:450,0
DA:464,0
DA:465,0
DA:466,0
DA:467,0
DA:487,0
DA:553,0
DA:554,0
DA:555,0
DA:563,0
DA:564,0
DA:565,0
DA:619,0
DA:622,0
DA:681,0
DA:684,0
DA:745,0
DA:750,0
DA:751,0
DA:752,0
DA:784,0
DA:785,0
DA:786,0
DA:787,0
DA:795,0
DA:796,0
DA:797,0
DA:861,0
DA:872,0
DA:873,0
DA:881,0
DA:882,0
DA:883,0
DA:894,0
DA:932,0
DA:950,0
DA:951,0
DA:954,0
DA:955,0
DA:956,0
DA:957,0
DA:971,0
DA:1022,0
DA:1028,0
LF:210
LH:0
BRDA:48,0,0,0
BRDA:48,0,1,0
BRDA:51,1,0,0
BRDA:51,1,1,0
BRDA:51,1,2,0
BRDA:51,1,3,0
BRDA:51,1,4,0
BRDA:51,1,5,0
BRDA:51,1,6,0
BRDA:51,1,7,0
BRDA:51,1,8,0
BRDA:51,1,9,0
BRDA:64,2,0,0
BRDA:64,2,1,0
BRDA:102,3,0,0
BRDA:102,3,1,0
BRDA:102,3,2,0
BRDA:106,4,0,0
BRDA:106,4,1,0
BRDA:107,5,0,0
BRDA:107,5,1,0
BRDA:110,6,0,0
BRDA:110,6,1,0
BRDA:129,7,0,0
BRDA:129,8,0,0
BRDA:129,8,1,0
BRDA:131,9,0,0
BRDA:131,10,0,0
BRDA:131,10,1,0
BRDA:137,11,0,0
BRDA:138,12,0,0
BRDA:139,13,0,0
BRDA:141,14,0,0
BRDA:142,15,0,0
BRDA:143,16,0,0
BRDA:144,17,0,0
BRDA:154,18,0,0
BRDA:154,19,0,0
BRDA:154,19,1,0
BRDA:154,19,2,0
BRDA:158,20,0,0
BRDA:158,21,0,0
BRDA:158,21,1,0
BRDA:172,22,0,0
BRDA:172,23,0,0
BRDA:172,23,1,0
BRDA:172,23,2,0
BRDA:172,23,3,0
BRDA:174,24,0,0
BRDA:176,25,0,0
BRDA:184,26,0,0
BRDA:184,26,1,0
BRDA:201,27,0,0
BRDA:201,27,1,0
BRDA:201,27,2,0
BRDA:201,27,3,0
BRDA:203,28,0,0
BRDA:203,29,0,0
BRDA:203,29,1,0
BRDA:203,29,2,0
BRDA:208,30,0,0
BRDA:216,31,0,0
BRDA:216,31,1,0
BRDA:218,32,0,0
BRDA:218,32,1,0
BRDA:224,33,0,0
BRDA:227,34,0,0
BRDA:230,35,0,0
BRDA:231,36,0,0
BRDA:231,36,1,0
BRDA:239,37,0,0
BRDA:243,38,0,0
BRDA:251,39,0,0
BRDA:259,40,0,0
BRDA:259,40,1,0
BRDA:261,41,0,0
BRDA:261,41,1,0
BRDA:265,42,0,0
BRDA:268,43,0,0
BRDA:271,44,0,0
BRDA:272,45,0,0
BRDA:272,45,1,0
BRDA:293,46,0,0
BRDA:305,47,0,0
BRDA:317,48,0,0
BRDA:341,49,0,0
BRDA:357,50,0,0
BRDA:357,50,1,0
BRDA:370,51,0,0
BRDA:370,51,1,0
BRDA:376,52,0,0
BRDA:405,53,0,0
BRDA:415,54,0,0
BRDA:415,54,1,0
BRDA:417,55,0,0
BRDA:417,55,1,0
BRDA:427,56,0,0
BRDA:427,56,1,0
BRDA:427,57,0,0
BRDA:427,57,1,0
BRDA:464,58,0,0
BRDA:464,58,1,0
BRDA:464,59,0,0
BRDA:464,59,1,0
BRDA:498,60,0,0
BRDA:498,60,1,0
BRDA:509,61,0,0
BRDA:509,61,1,0
BRDA:520,62,0,0
BRDA:520,62,1,0
BRDA:522,63,0,0
BRDA:529,64,0,0
BRDA:529,64,1,0
BRDA:533,65,0,0
BRDA:533,65,1,0
BRDA:539,66,0,0
BRDA:555,67,0,0
BRDA:555,67,1,0
BRDA:565,68,0,0
BRDA:565,68,1,0
BRDA:569,69,0,0
BRDA:569,69,1,0
BRDA:588,70,0,0
BRDA:588,70,1,0
BRDA:601,71,0,0
BRDA:601,71,1,0
BRDA:609,72,0,0
BRDA:609,72,1,0
BRDA:610,73,0,0
BRDA:610,73,1,0
BRDA:636,74,0,0
BRDA:645,75,0,0
BRDA:645,75,1,0
BRDA:659,76,0,0
BRDA:659,76,1,0
BRDA:750,77,0,0
BRDA:757,78,0,0
BRDA:757,78,1,0
BRDA:757,79,0,0
BRDA:757,79,1,0
BRDA:759,80,0,0
BRDA:759,80,1,0
BRDA:767,81,0,0
BRDA:767,81,1,0
BRDA:774,82,0,0
BRDA:836,83,0,0
BRDA:836,83,1,0
BRDA:837,84,0,0
BRDA:837,84,1,0
BRDA:840,85,0,0
BRDA:840,85,1,0
BRDA:850,86,0,0
BRDA:850,86,1,0
BRDA:850,87,0,0
BRDA:850,87,1,0
BRDA:857,88,0,0
BRDA:857,88,1,0
BRDA:868,89,0,0
BRDA:892,90,0,0
BRDA:903,91,0,0
BRDA:919,92,0,0
BRDA:927,93,0,0
BRDA:927,93,1,0
BRDA:954,94,0,0
BRDA:955,95,0,0
BRDA:955,95,1,0
BRDA:985,96,0,0
BRDA:985,96,1,0
BRDA:988,97,0,0
BRDA:987,98,0,0
BRDA:987,98,1,0
BRDA:987,98,2,0
BRDA:987,98,3,0
BRDA:987,98,4,0
BRDA:989,99,0,0
BRDA:989,99,1,0
BRDA:1010,100,0,0
BRDA:1010,100,1,0
BRDA:1010,100,2,0
BRDA:1014,101,0,0
BRDA:1014,101,1,0
BRF:181
BRH:0
end_of_record
TN:
SF:src\app\game-session\data\gameContent.ts
FN:475,getGameContent
FN:711,getTruthsAndDares
FN:714,(anonymous_6)
FN:715,(anonymous_7)
FNF:4
FNH:0
FNDA:0,getGameContent
FNDA:0,getTruthsAndDares
FNDA:0,(anonymous_6)
FNDA:0,(anonymous_7)
DA:85,0
DA:475,0
DA:476,0
DA:480,0
DA:604,0
DA:711,0
DA:712,0
DA:713,0
DA:714,0
DA:715,0
LF:10
LH:0
BRDA:476,0,0,0
BRDA:476,0,1,0
BRF:2
BRH:0
end_of_record
TN:
SF:src\app\insights\page.tsx
FN:15,InsightsPage
FN:19,(anonymous_3)
FN:24,(anonymous_4)
FN:33,(anonymous_5)
FN:312,(anonymous_6)
FNF:5
FNH:0
FNDA:0,InsightsPage
FNDA:0,(anonymous_3)
FNDA:0,(anonymous_4)
FNDA:0,(anonymous_5)
FNDA:0,(anonymous_6)
DA:3,0
DA:4,0
DA:5,0
DA:6,0
DA:7,0
DA:9,0
DA:15,0
DA:16,0
DA:17,0
DA:19,0
DA:20,0
DA:24,0
DA:25,0
DA:26,0
DA:27,0
DA:28,0
DA:29,0
DA:31,0
DA:33,0
DA:34,0
DA:35,0
DA:36,0
DA:39,0
DA:42,0
DA:50,0
DA:66,0
DA:67,0
DA:68,0
DA:313,0
LF:29
LH:0
BRDA:25,0,0,0
BRDA:42,1,0,0
BRDA:42,2,0,0
BRDA:42,2,1,0
BRDA:50,3,0,0
BRDA:66,4,0,0
BRDA:66,4,1,0
BRDA:66,5,0,0
BRDA:66,5,1,0
BRDA:92,6,0,0
BRDA:93,7,0,0
BRDA:93,7,1,0
BRDA:95,8,0,0
BRDA:95,8,1,0
BRDA:135,9,0,0
BRDA:239,10,0,0
BRDA:239,10,1,0
BRDA:239,11,0,0
BRDA:239,11,1,0
BRF:19
BRH:0
end_of_record
TN:
SF:src\app\journey-exercise\page.tsx
FN:27,JourneyExerciseContent
FN:57,(anonymous_3)
FN:64,(anonymous_4)
FN:69,(anonymous_5)
FN:70,(anonymous_6)
FN:95,(anonymous_7)
FN:101,(anonymous_8)
FN:107,(anonymous_9)
FN:172,(anonymous_10)
FN:184,(anonymous_11)
FN:192,(anonymous_12)
FN:216,(anonymous_13)
FN:235,(anonymous_14)
FN:307,(anonymous_15)
FN:334,(anonymous_16)
FN:489,(anonymous_17)
FN:495,JourneyExercisePage
FNF:17
FNH:0
FNDA:0,JourneyExerciseContent
FNDA:0,(anonymous_3)
FNDA:0,(anonymous_4)
FNDA:0,(anonymous_5)
FNDA:0,(anonymous_6)
FNDA:0,(anonymous_7)
FNDA:0,(anonymous_8)
FNDA:0,(anonymous_9)
FNDA:0,(anonymous_10)
FNDA:0,(anonymous_11)
FNDA:0,(anonymous_12)
FNDA:0,(anonymous_13)
FNDA:0,(anonymous_14)
FNDA:0,(anonymous_15)
FNDA:0,(anonymous_16)
FNDA:0,(anonymous_17)
FNDA:0,JourneyExercisePage
DA:3,0
DA:4,0
DA:5,0
DA:16,0
DA:17,0
DA:18,0
DA:19,0
DA:20,0
DA:21,0
DA:22,0
DA:23,0
DA:24,0
DA:25,0
DA:28,0
DA:29,0
DA:30,0
DA:31,0
DA:32,0
DA:34,0
DA:35,0
DA:36,0
DA:38,0
DA:49,0
DA:51,0
DA:52,0
DA:53,0
DA:54,0
DA:57,0
DA:58,0
DA:59,0
DA:64,0
DA:65,0
DA:66,0
DA:69,0
DA:70,0
DA:71,0
DA:73,0
DA:74,0
DA:75,0
DA:76,0
DA:77,0
DA:86,0
DA:91,0
DA:95,0
DA:96,0
DA:97,0
DA:101,0
DA:102,0
DA:103,0
DA:107,0
DA:108,0
DA:109,0
DA:110,0
DA:115,0
DA:116,0
DA:117,0
DA:118,0
DA:119,0
DA:120,0
DA:121,0
DA:122,0
DA:123,0
DA:126,0
DA:127,0
DA:128,0
DA:132,0
DA:133,0
DA:140,0
DA:141,0
DA:142,0
DA:151,0
DA:152,0
DA:153,0
DA:161,0
DA:163,0
DA:166,0
DA:167,0
DA:169,0
DA:170,0
DA:172,0
DA:173,0
DA:174,0
DA:175,0
DA:176,0
DA:178,0
DA:179,0
DA:180,0
DA:184,0
DA:185,0
DA:186,0
DA:187,0
DA:188,0
DA:192,0
DA:193,0
DA:194,0
DA:195,0
DA:196,0
DA:198,0
DA:202,0
DA:210,0
DA:216,0
DA:227,0
DA:236,0
DA:307,0
DA:318,0
DA:334,0
DA:489,0
DA:495,0
LF:108
LH:0
BRDA:34,0,0,0
BRDA:34,0,1,0
BRDA:36,1,0,0
BRDA:36,1,1,0
BRDA:58,2,0,0
BRDA:58,3,0,0
BRDA:58,3,1,0
BRDA:71,4,0,0
BRDA:71,5,0,0
BRDA:71,5,1,0
BRDA:71,5,2,0
BRDA:71,5,3,0
BRDA:73,6,0,0
BRDA:75,7,0,0
BRDA:82,8,0,0
BRDA:82,8,1,0
BRDA:83,9,0,0
BRDA:83,9,1,0
BRDA:96,10,0,0
BRDA:96,11,0,0
BRDA:96,11,1,0
BRDA:108,12,0,0
BRDA:108,12,1,0
BRDA:109,13,0,0
BRDA:109,13,1,0
BRDA:110,14,0,0
BRDA:110,14,1,0
BRDA:115,15,0,0
BRDA:115,15,1,0
BRDA:116,16,0,0
BRDA:116,16,1,0
BRDA:117,17,0,0
BRDA:117,17,1,0
BRDA:118,18,0,0
BRDA:118,18,1,0
BRDA:119,19,0,0
BRDA:119,19,1,0
BRDA:120,20,0,0
BRDA:120,20,1,0
BRDA:121,21,0,0
BRDA:121,21,1,0
BRDA:122,22,0,0
BRDA:122,22,1,0
BRDA:123,23,0,0
BRDA:123,23,1,0
BRDA:126,24,0,0
BRDA:126,24,1,0
BRDA:127,25,0,0
BRDA:127,25,1,0
BRDA:128,26,0,0
BRDA:128,26,1,0
BRDA:132,27,0,0
BRDA:132,27,1,0
BRDA:140,28,0,0
BRDA:140,28,1,0
BRDA:141,29,0,0
BRDA:141,29,1,0
BRDA:151,30,0,0
BRDA:151,30,1,0
BRDA:152,31,0,0
BRDA:161,32,0,0
BRDA:161,32,1,0
BRDA:169,33,0,0
BRDA:169,33,1,0
BRDA:170,34,0,0
BRDA:170,34,1,0
BRDA:173,35,0,0
BRDA:173,35,1,0
BRDA:176,36,0,0
BRDA:185,37,0,0
BRDA:188,38,0,0
BRDA:193,39,0,0
BRDA:193,39,1,0
BRDA:193,40,0,0
BRDA:193,40,1,0
BRDA:202,41,0,0
BRDA:202,42,0,0
BRDA:202,42,1,0
BRDA:210,43,0,0
BRDA:227,44,0,0
BRDA:298,45,0,0
BRDA:298,45,1,0
BRDA:318,46,0,0
BRDA:318,46,1,0
BRDA:385,47,0,0
BRDA:385,47,1,0
BRDA:388,48,0,0
BRDA:401,49,0,0
BRDA:435,50,0,0
BRDA:435,50,1,0
BRDA:435,50,2,0
BRDA:439,51,0,0
BRDA:439,51,1,0
BRDA:444,52,0,0
BRDA:445,53,0,0
BRDA:445,53,1,0
BRDA:455,54,0,0
BRDA:455,54,1,0
BRDA:469,55,0,0
BRF:99
BRH:0
end_of_record
TN:
SF:src\app\journeys\page.tsx
FN:29,JourneysPage
FN:50,(anonymous_3)
FN:51,(anonymous_4)
FN:75,(anonymous_5)
FN:85,(anonymous_6)
FN:94,(anonymous_7)
FN:100,(anonymous_8)
FN:106,(anonymous_9)
FN:112,(anonymous_10)
FN:122,(anonymous_11)
FN:132,(anonymous_12)
FN:144,(anonymous_13)
FN:168,(anonymous_14)
FN:180,(anonymous_15)
FN:262,(anonymous_16)
FN:279,(anonymous_17)
FN:332,(anonymous_18)
FN:342,(anonymous_19)
FN:393,(anonymous_20)
FN:394,(anonymous_21)
FN:416,(anonymous_22)
FN:436,(anonymous_23)
FN:468,(anonymous_24)
FN:486,(anonymous_25)
FNF:24
FNH:0
FNDA:0,JourneysPage
FNDA:0,(anonymous_3)
FNDA:0,(anonymous_4)
FNDA:0,(anonymous_5)
FNDA:0,(anonymous_6)
FNDA:0,(anonymous_7)
FNDA:0,(anonymous_8)
FNDA:0,(anonymous_9)
FNDA:0,(anonymous_10)
FNDA:0,(anonymous_11)
FNDA:0,(anonymous_12)
FNDA:0,(anonymous_13)
FNDA:0,(anonymous_14)
FNDA:0,(anonymous_15)
FNDA:0,(anonymous_16)
FNDA:0,(anonymous_17)
FNDA:0,(anonymous_18)
FNDA:0,(anonymous_19)
FNDA:0,(anonymous_20)
FNDA:0,(anonymous_21)
FNDA:0,(anonymous_22)
FNDA:0,(anonymous_23)
FNDA:0,(anonymous_24)
FNDA:0,(anonymous_25)
DA:3,0
DA:4,0
DA:5,0
DA:6,0
DA:20,0
DA:21,0
DA:22,0
DA:23,0
DA:24,0
DA:25,0
DA:26,0
DA:27,0
DA:29,0
DA:30,0
DA:31,0
DA:32,0
DA:33,0
DA:36,0
DA:37,0
DA:40,0
DA:41,0
DA:44,0
DA:45,0
DA:46,0
DA:47,0
DA:50,0
DA:51,0
DA:52,0
DA:53,0
DA:55,0
DA:57,0
DA:64,0
DA:65,0
DA:69,0
DA:76,0
DA:77,0
DA:78,0
DA:79,0
DA:80,0
DA:85,0
DA:86,0
DA:90,0
DA:94,0
DA:95,0
DA:96,0
DA:100,0
DA:101,0
DA:102,0
DA:106,0
DA:107,0
DA:108,0
DA:112,0
DA:113,0
DA:114,0
DA:115,0
DA:116,0
DA:117,0
DA:122,0
DA:123,0
DA:124,0
DA:125,0
DA:126,0
DA:127,0
DA:132,0
DA:133,0
DA:134,0
DA:135,0
DA:138,0
DA:139,0
DA:144,0
DA:145,0
DA:146,0
DA:147,0
DA:149,0
DA:151,0
DA:160,0
DA:162,0
DA:164,0
DA:168,0
DA:169,0
DA:170,0
DA:174,0
DA:175,0
DA:176,0
DA:180,0
DA:181,0
DA:184,0
DA:263,0
DA:264,0
DA:265,0
DA:266,0
DA:268,0
DA:279,0
DA:333,0
DA:334,0
DA:336,0
DA:342,0
DA:394,0
DA:395,0
DA:396,0
DA:397,0
DA:398,0
DA:399,0
DA:400,0
DA:402,0
DA:416,0
DA:437,0
DA:468,0
DA:486,0
LF:109
LH:0
BRDA:55,0,0,0
BRDA:55,1,0,0
BRDA:55,1,1,0
BRDA:64,2,0,0
BRDA:76,3,0,0
BRDA:76,3,1,0
BRDA:76,4,0,0
BRDA:76,4,1,0
BRDA:79,5,0,0
BRDA:96,6,0,0
BRDA:96,6,1,0
BRDA:113,7,0,0
BRDA:115,8,0,0
BRDA:115,9,0,0
BRDA:115,9,1,0
BRDA:123,10,0,0
BRDA:125,11,0,0
BRDA:125,12,0,0
BRDA:125,12,1,0
BRDA:133,13,0,0
BRDA:133,13,1,0
BRDA:145,14,0,0
BRDA:151,15,0,0
BRDA:151,15,1,0
BRDA:169,16,0,0
BRDA:175,17,0,0
BRDA:175,17,1,0
BRDA:181,18,0,0
BRDA:181,18,1,0
BRDA:184,19,0,0
BRDA:232,20,0,0
BRDA:294,21,0,0
BRDA:304,22,0,0
BRDA:304,22,1,0
BRDA:324,23,0,0
BRDA:324,23,1,0
BRDA:344,24,0,0
BRDA:344,24,1,0
BRDA:350,25,0,0
BRDA:350,25,1,0
BRDA:352,26,0,0
BRDA:352,26,1,0
BRDA:357,27,0,0
BRDA:366,28,0,0
BRDA:366,28,1,0
BRDA:366,29,0,0
BRDA:366,29,1,0
BRDA:393,30,0,0
BRDA:393,30,1,0
BRDA:400,31,0,0
BRDA:400,31,1,0
BRDA:402,32,0,0
BRDA:402,33,0,0
BRDA:402,33,1,0
BRDA:427,34,0,0
BRDA:439,35,0,0
BRDA:439,35,1,0
BRDA:441,36,0,0
BRDA:441,36,1,0
BRDA:450,37,0,0
BRDA:450,37,1,0
BRDA:451,38,0,0
BRDA:451,38,1,0
BRDA:464,39,0,0
BRDA:464,39,1,0
BRDA:469,40,0,0
BRDA:469,40,1,0
BRDA:471,41,0,0
BRDA:471,41,1,0
BRDA:473,42,0,0
BRDA:473,42,1,0
BRF:71
BRH:0
end_of_record
TN:
SF:src\app\notes\page.tsx
FN:32,NotesPage
FN:60,(anonymous_3)
FN:72,(anonymous_4)
FN:78,(anonymous_5)
FN:84,(anonymous_6)
FN:97,(anonymous_7)
FN:136,(anonymous_8)
FN:145,(anonymous_9)
FN:148,(anonymous_10)
FN:193,(anonymous_11)
FN:200,(anonymous_12)
FN:226,(anonymous_13)
FN:232,(anonymous_14)
FN:244,(anonymous_15)
FN:266,(anonymous_16)
FN:273,(anonymous_17)
FN:305,(anonymous_18)
FN:326,(anonymous_19)
FN:333,(anonymous_20)
FN:361,(anonymous_21)
FN:373,(anonymous_22)
FN:411,(anonymous_23)
FN:438,(anonymous_24)
FN:444,(anonymous_25)
FN:449,(anonymous_26)
FN:452,(anonymous_27)
FN:479,(anonymous_28)
FN:485,(anonymous_29)
FN:489,(anonymous_30)
FN:492,(anonymous_31)
FN:520,(anonymous_32)
FN:527,(anonymous_33)
FNF:32
FNH:0
FNDA:0,NotesPage
FNDA:0,(anonymous_3)
FNDA:0,(anonymous_4)
FNDA:0,(anonymous_5)
FNDA:0,(anonymous_6)
FNDA:0,(anonymous_7)
FNDA:0,(anonymous_8)
FNDA:0,(anonymous_9)
FNDA:0,(anonymous_10)
FNDA:0,(anonymous_11)
FNDA:0,(anonymous_12)
FNDA:0,(anonymous_13)
FNDA:0,(anonymous_14)
FNDA:0,(anonymous_15)
FNDA:0,(anonymous_16)
FNDA:0,(anonymous_17)
FNDA:0,(anonymous_18)
FNDA:0,(anonymous_19)
FNDA:0,(anonymous_20)
FNDA:0,(anonymous_21)
FNDA:0,(anonymous_22)
FNDA:0,(anonymous_23)
FNDA:0,(anonymous_24)
FNDA:0,(anonymous_25)
FNDA:0,(anonymous_26)
FNDA:0,(anonymous_27)
FNDA:0,(anonymous_28)
FNDA:0,(anonymous_29)
FNDA:0,(anonymous_30)
FNDA:0,(anonymous_31)
FNDA:0,(anonymous_32)
FNDA:0,(anonymous_33)
DA:3,0
DA:4,0
DA:5,0
DA:9,0
DA:10,0
DA:11,0
DA:13,0
DA:21,0
DA:32,0
DA:33,0
DA:34,0
DA:40,0
DA:42,0
DA:43,0
DA:44,0
DA:47,0
DA:48,0
DA:49,0
DA:52,0
DA:53,0
DA:54,0
DA:57,0
DA:58,0
DA:60,0
DA:61,0
DA:63,0
DA:64,0
DA:66,0
DA:69,0
DA:72,0
DA:73,0
DA:74,0
DA:75,0
DA:78,0
DA:79,0
DA:80,0
DA:81,0
DA:84,0
DA:85,0
DA:86,0
DA:87,0
DA:88,0
DA:89,0
DA:90,0
DA:91,0
DA:92,0
DA:93,0
DA:94,0
DA:97,0
DA:98,0
DA:99,0
DA:100,0
DA:103,0
DA:104,0
DA:106,0
DA:107,0
DA:108,0
DA:111,0
DA:136,0
DA:146,0
DA:148,0
DA:193,0
DA:201,0
DA:202,0
DA:203,0
DA:226,0
DA:233,0
DA:234,0
DA:235,0
DA:236,0
DA:237,0
DA:244,0
DA:266,0
DA:274,0
DA:275,0
DA:276,0
DA:277,0
DA:305,0
DA:326,0
DA:334,0
DA:335,0
DA:362,0
DA:363,0
DA:364,0
DA:365,0
DA:366,0
DA:367,0
DA:374,0
DA:375,0
DA:376,0
DA:377,0
DA:378,0
DA:411,0
DA:438,0
DA:444,0
DA:450,0
DA:452,0
DA:479,0
DA:485,0
DA:490,0
DA:492,0
DA:520,0
DA:527,0
LF:103
LH:0
BRDA:61,0,0,0
BRDA:63,1,0,0
BRDA:63,1,1,0
BRDA:73,2,0,0
BRDA:73,3,0,0
BRDA:73,3,1,0
BRDA:79,4,0,0
BRDA:79,5,0,0
BRDA:79,5,1,0
BRDA:106,6,0,0
BRDA:106,6,1,0
BRDA:112,7,0,0
BRDA:112,7,1,0
BRDA:113,8,0,0
BRDA:113,8,1,0
BRDA:114,9,0,0
BRDA:114,9,1,0
BRDA:129,10,0,0
BRDA:133,11,0,0
BRDA:133,11,1,0
BRDA:149,12,0,0
BRDA:149,12,1,0
BRDA:156,13,0,0
BRDA:157,14,0,0
BRDA:157,14,1,0
BRDA:168,15,0,0
BRDA:168,15,1,0
BRDA:186,16,0,0
BRDA:188,17,0,0
BRDA:188,17,1,0
BRDA:191,18,0,0
BRDA:191,18,1,0
BRDA:196,19,0,0
BRDA:196,19,1,0
BRDA:217,20,0,0
BRDA:220,21,0,0
BRDA:229,22,0,0
BRDA:235,23,0,0
BRDA:235,23,1,0
BRDA:259,24,0,0
BRDA:261,25,0,0
BRDA:261,25,1,0
BRDA:264,26,0,0
BRDA:264,26,1,0
BRDA:269,27,0,0
BRDA:269,27,1,0
BRDA:292,28,0,0
BRDA:292,28,1,0
BRDA:299,29,0,0
BRDA:299,29,1,0
BRDA:302,30,0,0
BRDA:302,30,1,0
BRDA:319,31,0,0
BRDA:321,32,0,0
BRDA:321,32,1,0
BRDA:324,33,0,0
BRDA:324,33,1,0
BRDA:329,34,0,0
BRDA:329,34,1,0
BRDA:359,35,0,0
BRDA:359,35,1,0
BRDA:362,36,0,0
BRDA:365,37,0,0
BRDA:374,38,0,0
BRDA:374,38,1,0
[...]
end_of_record
TN:
SF:src\hooks\useNotifications.ts
FN:19,useNotifications
FN:27,(anonymous_2)
FN:41,(anonymous_3)
FN:50,(anonymous_4)
FN:59,(anonymous_5)
FN:60,(anonymous_6)
FN:62,(anonymous_7)
FN:69,(anonymous_8)
FN:79,(anonymous_9)
FN:79,(anonymous_10)
FN:87,(anonymous_11)
FN:115,(anonymous_12)
FN:131,(anonymous_13)
FN:133,(anonymous_14)
FN:134,(anonymous_15)
FN:139,(anonymous_16)
FNF:16
FNH:0
FNDA:0,useNotifications
FNDA:0,(anonymous_2)
FNDA:0,(anonymous_3)
FNDA:0,(anonymous_4)
FNDA:0,(anonymous_5)
FNDA:0,(anonymous_6)
FNDA:0,(anonymous_7)
FNDA:0,(anonymous_8)
FNDA:0,(anonymous_9)
FNDA:0,(anonymous_10)
FNDA:0,(anonymous_11)
FNDA:0,(anonymous_12)
FNDA:0,(anonymous_13)
FNDA:0,(anonymous_14)
FNDA:0,(anonymous_15)
FNDA:0,(anonymous_16)
DA:3,0
DA:4,0
DA:5,0
DA:19,0
DA:20,0
DA:21,0
DA:22,0
DA:23,0
DA:24,0
DA:27,0
DA:28,0
DA:30,0
DA:31,0
DA:38,0
DA:40,0
DA:41,0
DA:43,0
DA:45,0
DA:50,0
DA:51,0
DA:53,0
DA:54,0
DA:59,0
DA:60,0
DA:62,0
DA:64,0
DA:69,0
DA:70,0
DA:72,0
DA:73,0
DA:79,0
DA:80,0
DA:82,0
DA:87,0
DA:95,0
DA:97,0
DA:98,0
DA:110,0
DA:115,0
DA:116,0
DA:118,0
DA:121,0
DA:132,0
DA:133,0
DA:134,0
DA:139,0
DA:140,0
DA:144,0
LF:48
LH:0
BRDA:28,0,0,0
BRDA:38,1,0,0
BRDA:40,2,0,0
BRDA:40,2,1,0
BRDA:41,3,0,0
BRDA:41,3,1,0
BRDA:51,4,0,0
BRDA:60,5,0,0
BRDA:60,5,1,0
BRDA:70,6,0,0
BRDA:95,7,0,0
BRDA:116,8,0,0
BRF:12
BRH:0
end_of_record
TN:
SF:src\hooks\usePairing.ts
FN:23,usePairing
FN:30,(anonymous_2)
FN:102,(anonymous_3)
FN:125,(anonymous_4)
FN:241,(anonymous_5)
FN:284,(anonymous_6)
FNF:6
FNH:0
FNDA:0,usePairing
FNDA:0,(anonymous_2)
FNDA:0,(anonymous_3)
FNDA:0,(anonymous_4)
FNDA:0,(anonymous_5)
FNDA:0,(anonymous_6)
DA:3,0
DA:4,0
DA:5,0
DA:23,0
DA:24,0
DA:25,0
DA:26,0
DA:27,0
DA:30,0
DA:31,0
DA:33,0
DA:34,0
DA:36,0
DA:38,0
DA:43,0
DA:44,0
DA:45,0
DA:48,0
DA:49,0
DA:52,0
DA:60,0
DA:61,0
DA:62,0
DA:65,0
DA:68,0
DA:69,0
DA:72,0
DA:73,0
DA:76,0
DA:86,0
DA:87,0
DA:88,0
DA:91,0
DA:93,0
DA:94,0
DA:95,0
DA:97,0
DA:102,0
DA:103,0
DA:105,0
DA:106,0
DA:114,0
DA:115,0
DA:118,0
DA:120,0
DA:125,0
DA:126,0
DA:128,0
DA:129,0
DA:131,0
DA:132,0
DA:133,0
DA:136,0
DA:144,0
DA:146,0
DA:147,0
DA:148,0
DA:151,0
DA:152,0
DA:155,0
DA:156,0
DA:160,0
DA:167,0
DA:168,0
DA:172,0
DA:182,0
DA:185,0
DA:194,0
DA:203,0
DA:206,0
DA:219,0
DA:231,0
DA:233,0
DA:234,0
DA:236,0
DA:241,0
DA:242,0
DA:244,0
DA:245,0
DA:252,0
DA:254,0
DA:255,0
DA:259,0
DA:260,0
DA:267,0
DA:272,0
DA:279,0
DA:284,0
DA:285,0
DA:287,0
DA:289,0
DA:290,0
DA:299,0
DA:301,0
DA:303,0
DA:305,0
DA:309,0
LF:97
LH:0
BRDA:31,0,0,0
BRDA:48,1,0,0
BRDA:48,1,1,0
BRDA:60,2,0,0
BRDA:68,3,0,0
BRDA:86,4,0,0
BRDA:93,5,0,0
BRDA:93,5,1,0
BRDA:103,6,0,0
BRDA:114,7,0,0
BRDA:114,8,0,0
BRDA:114,8,1,0
BRDA:118,9,0,0
BRDA:118,9,1,0
BRDA:126,10,0,0
BRDA:146,11,0,0
BRDA:151,12,0,0
BRDA:155,13,0,0
BRDA:167,14,0,0
BRDA:182,15,0,0
BRDA:203,16,0,0
BRDA:203,16,1,0
BRDA:242,17,0,0
BRDA:252,18,0,0
BRDA:254,19,0,0
BRDA:259,20,0,0
BRDA:259,20,1,0
BRDA:267,21,0,0
BRDA:267,21,1,0
BRDA:269,22,0,0
BRDA:269,22,1,0
BRDA:285,23,0,0
BRDA:299,24,0,0
BRF:33
BRH:0
end_of_record
TN:
SF:src\hooks\useProgress.ts
FN:18,useProgress
FN:25,(anonymous_2)
FN:87,(anonymous_3)
FN:99,(anonymous_4)
FN:100,(anonymous_5)
FN:109,(anonymous_6)
FN:110,(anonymous_7)
FN:111,(anonymous_8)
FN:135,(anonymous_9)
FNF:9
FNH:0
FNDA:0,useProgress
FNDA:0,(anonymous_2)
FNDA:0,(anonymous_3)
FNDA:0,(anonymous_4)
FNDA:0,(anonymous_5)
FNDA:0,(anonymous_6)
FNDA:0,(anonymous_7)
FNDA:0,(anonymous_8)
FNDA:0,(anonymous_9)
DA:3,0
DA:4,0
DA:5,0
DA:6,0
DA:18,0
DA:19,0
DA:20,0
DA:21,0
DA:22,0
DA:23,0
DA:25,0
DA:26,0
DA:28,0
DA:30,0
DA:31,0
DA:34,0
DA:35,0
DA:36,0
DA:37,0
DA:39,0
DA:40,0
DA:43,0
DA:46,0
DA:54,0
DA:55,0
DA:56,0
DA:62,0
DA:64,0
DA:65,0
DA:68,0
DA:72,0
DA:73,0
DA:74,0
DA:81,0
DA:85,0
DA:86,0
DA:87,0
DA:88,0
DA:90,0
DA:94,0
DA:95,0
DA:96,0
DA:97,0
DA:99,0
DA:100,0
DA:102,0
DA:103,0
DA:107,0
DA:108,0
DA:109,0
DA:110,0
DA:111,0
DA:113,0
DA:114,0
DA:115,0
DA:116,0
DA:119,0
DA:129,0
DA:131,0
DA:135,0
DA:136,0
DA:139,0
LF:62
LH:0
BRDA:26,0,0,0
BRDA:55,1,0,0
BRDA:55,1,1,0
BRDA:55,2,0,0
BRDA:55,2,1,0
BRDA:64,3,0,0
BRDA:73,4,0,0
BRDA:73,5,0,0
BRDA:73,5,1,0
BRDA:81,6,0,0
BRDA:81,6,1,0
BRDA:86,7,0,0
BRDA:86,8,0,0
BRDA:86,8,1,0
BRDA:95,9,0,0
BRDA:95,10,0,0
BRDA:95,10,1,0
BRDA:102,11,0,0
BRDA:102,11,1,0
BRDA:103,12,0,0
BRDA:108,13,0,0
BRDA:108,14,0,0
BRDA:108,14,1,0
BRDA:114,15,0,0
BRDA:114,15,1,0
BRDA:115,16,0,0
BRDA:115,16,1,0
BRDA:124,17,0,0
BRDA:124,17,1,0
BRF:29
BRH:0
end_of_record
TN:
SF:src\hooks\useSessionSync.ts
FN:23,useSessionSync
FN:37,(anonymous_2)
FN:108,(anonymous_3)
FN:117,(anonymous_4)
FN:120,(anonymous_5)
FN:124,(anonymous_6)
FN:139,(anonymous_7)
FN:144,(anonymous_8)
FN:149,(anonymous_9)
FN:163,(anonymous_10)
FN:164,(anonymous_11)
FNF:11
FNH:0
FNDA:0,useSessionSync
FNDA:0,(anonymous_2)
FNDA:0,(anonymous_3)
FNDA:0,(anonymous_4)
FNDA:0,(anonymous_5)
FNDA:0,(anonymous_6)
FNDA:0,(anonymous_7)
FNDA:0,(anonymous_8)
FNDA:0,(anonymous_9)
FNDA:0,(anonymous_10)
FNDA:0,(anonymous_11)
DA:1,0
DA:2,0
DA:3,0
DA:4,0
DA:23,0
DA:24,0
DA:25,0
DA:26,0
DA:28,0
DA:29,0
DA:30,0
DA:31,0
DA:32,0
DA:34,0
DA:37,0
DA:38,0
DA:39,0
DA:40,0
DA:41,0
DA:42,0
DA:44,0
DA:45,0
DA:47,0
DA:48,0
DA:49,0
DA:51,0
DA:52,0
DA:53,0
DA:56,0
DA:58,0
DA:59,0
DA:60,0
DA:64,0
DA:72,0
DA:74,0
DA:76,0
DA:78,0
DA:90,0
DA:91,0
DA:94,0
DA:95,0
DA:98,0
DA:99,0
DA:101,0
DA:103,0
DA:108,0
DA:109,0
DA:111,0
DA:118,0
DA:121,0
DA:122,0
DA:125,0
DA:126,0
DA:133,0
DA:136,0
DA:139,0
DA:140,0
DA:144,0
DA:145,0
DA:146,0
DA:149,0
DA:151,0
DA:159,0
DA:163,0
DA:164,0
DA:165,0
DA:166,0
DA:167,0
DA:172,0
DA:174,0
LF:70
LH:0
BRDA:38,0,0,0
BRDA:49,1,0,0
BRDA:49,2,0,0
BRDA:49,2,1,0
BRDA:58,3,0,0
BRDA:72,4,0,0
BRDA:76,5,0,0
BRDA:90,6,0,0
BRDA:109,7,0,0
BRDA:125,8,0,0
BRDA:146,9,0,0
BRDA:146,10,0,0
BRDA:146,10,1,0
BRDA:149,11,0,0
BRDA:149,11,1,0
BRDA:159,12,0,0
BRDA:165,13,0,0
BRF:17
BRH:0
end_of_record
TN:
SF:src\hooks\useSound.ts
FN:8,useSound
FN:11,(anonymous_2)
FN:18,(anonymous_3)
FN:74,(anonymous_4)
FN:91,(anonymous_5)
FN:92,(anonymous_6)
FNF:6
FNH:0
FNDA:0,useSound
FNDA:0,(anonymous_2)
FNDA:0,(anonymous_3)
FNDA:0,(anonymous_4)
FNDA:0,(anonymous_5)
FNDA:0,(anonymous_6)
DA:3,0
DA:8,0
DA:9,0
DA:11,0
DA:12,0
DA:13,0
DA:15,0
DA:18,0
DA:19,0
DA:20,0
DA:21,0
DA:22,0
DA:24,0
DA:25,0
DA:27,0
DA:29,0
DA:30,0
DA:31,0
DA:32,0
DA:33,0
DA:34,0
DA:35,0
DA:38,0
DA:39,0
DA:40,0
DA:41,0
DA:42,0
DA:43,0
DA:44,0
DA:45,0
DA:48,0
DA:49,0
DA:50,0
DA:51,0
DA:52,0
DA:53,0
DA:54,0
DA:55,0
DA:56,0
DA:59,0
DA:60,0
DA:61,0
DA:62,0
DA:63,0
DA:64,0
DA:65,0
DA:68,0
DA:69,0
DA:70,0
DA:71,0
DA:72,0
DA:74,0
DA:75,0
DA:76,0
DA:77,0
DA:78,0
DA:79,0
DA:80,0
DA:81,0
DA:82,0
DA:83,0
DA:85,0
DA:89,0
DA:90,0
DA:91,0
DA:92,0
DA:93,0
DA:94,0
DA:95,0
DA:96,0
DA:97,0
DA:98,0
DA:99,0
DA:100,0
DA:101,0
DA:102,0
DA:105,0
DA:112,0
LF:78
LH:0
BRDA:12,0,0,0
BRDA:13,1,0,0
BRDA:13,1,1,0
BRDA:27,2,0,0
BRDA:27,2,1,0
BRDA:27,2,2,0
BRDA:27,2,3,0
BRDA:27,2,4,0
BRDA:27,2,5,0
BRF:9
BRH:0
end_of_record
TN:
SF:src\hooks\useTranslation.ts
FN:14,useTranslation
FN:17,(anonymous_3)
FNF:2
FNH:0
FNDA:0,useTranslation
FNDA:0,(anonymous_3)
DA:3,0
DA:4,0
DA:5,0
DA:12,0
DA:14,0
DA:15,0
DA:17,0
DA:18,0
DA:19,0
DA:21,0
DA:22,0
DA:23,0
DA:26,0
DA:27,0
DA:28,0
DA:29,0
DA:32,0
DA:35,0
DA:39,0
DA:42,0
LF:20
LH:0
BRDA:22,0,0,0
BRDA:22,0,1,0
BRDA:22,1,0,0
BRDA:22,1,1,0
BRDA:22,1,2,0
BRDA:28,2,0,0
BRDA:28,2,1,0
BRDA:28,3,0,0
BRDA:28,3,1,0
BRDA:28,3,2,0
BRDA:32,4,0,0
BRDA:32,4,1,0
BRDA:39,5,0,0
BRDA:39,5,1,0
BRDA:39,6,0,0
BRDA:39,6,1,0
BRF:16
BRH:0
end_of_record
TN:
SF:src\hooks\useWhisper.ts
FN:30,useWhisper
FN:45,(anonymous_2)
FN:46,loadPairing
FN:61,(anonymous_4)
FN:68,(anonymous_5)
FN:87,(anonymous_6)
FN:90,(anonymous_7)
FN:92,(anonymous_8)
FN:104,(anonymous_9)
FN:110,(anonymous_10)
FN:113,(anonymous_11)
FN:114,(anonymous_12)
FN:115,(anonymous_13)
FN:118,(anonymous_14)
FN:122,(anonymous_15)
FN:157,(anonymous_16)
FN:158,(anonymous_17)
FN:166,(anonymous_18)
FN:187,(anonymous_19)
FN:196,(anonymous_20)
FN:218,(anonymous_21)
FN:223,(anonymous_22)
FNF:22
FNH:0
FNDA:0,useWhisper
FNDA:0,(anonymous_2)
FNDA:0,loadPairing
FNDA:0,(anonymous_4)
FNDA:0,(anonymous_5)
FNDA:0,(anonymous_6)
FNDA:0,(anonymous_7)
FNDA:0,(anonymous_8)
FNDA:0,(anonymous_9)
FNDA:0,(anonymous_10)
FNDA:0,(anonymous_11)
FNDA:0,(anonymous_12)
FNDA:0,(anonymous_13)
FNDA:0,(anonymous_14)
FNDA:0,(anonymous_15)
FNDA:0,(anonymous_16)
FNDA:0,(anonymous_17)
FNDA:0,(anonymous_18)
FNDA:0,(anonymous_19)
FNDA:0,(anonymous_20)
FNDA:0,(anonymous_21)
FNDA:0,(anonymous_22)
DA:3,0
DA:4,0
DA:5,0
DA:6,0
DA:30,0
DA:31,0
DA:32,0
DA:33,0
DA:35,0
DA:36,0
DA:37,0
DA:40,0
DA:41,0
DA:42,0
DA:45,0
DA:47,0
DA:48,0
DA:49,0
DA:50,0
DA:51,0
DA:52,0
DA:53,0
DA:57,0
DA:61,0
DA:62,0
DA:64,0
DA:65,0
DA:67,0
DA:70,0
DA:72,0
DA:74,0
DA:83,0
DA:85,0
DA:86,0
DA:87,0
DA:89,0
DA:90,0
DA:92,0
DA:93,0
DA:94,0
DA:97,0
DA:99,0
DA:104,0
DA:105,0
DA:110,0
DA:111,0
DA:113,0
DA:114,0
DA:115,0
DA:118,0
DA:122,0
DA:123,0
DA:125,0
DA:127,0
DA:129,0
DA:138,0
DA:139,0
DA:145,0
DA:146,0
DA:157,0
DA:158,0
DA:159,0
DA:162,0
DA:166,0
DA:167,0
DA:169,0
DA:171,0
DA:179,0
DA:180,0
DA:186,0
DA:187,0
DA:188,0
DA:190,0
DA:191,0
DA:196,0
DA:197,0
DA:199,0
DA:201,0
DA:202,0
DA:213,0
DA:214,0
DA:218,0
DA:219,0
DA:223,0
DA:224,0
DA:225,0
DA:226,0
DA:229,0
LF:88
LH:0
BRDA:47,0,0,0
BRDA:49,1,0,0
BRDA:49,2,0,0
BRDA:49,2,1,0
BRDA:51,3,0,0
BRDA:53,4,0,0
BRDA:53,4,1,0
BRDA:53,4,2,0
BRDA:62,5,0,0
BRDA:62,6,0,0
BRDA:62,6,1,0
BRDA:70,7,0,0
BRDA:72,8,0,0
BRDA:72,8,1,0
BRDA:78,9,0,0
BRDA:78,9,1,0
BRDA:79,10,0,0
BRDA:79,10,1,0
BRDA:83,11,0,0
BRDA:83,11,1,0
BRDA:85,12,0,0
BRDA:85,12,1,0
BRDA:87,13,0,0
BRDA:87,13,1,0
BRDA:90,14,0,0
BRDA:90,14,1,0
BRDA:97,15,0,0
BRDA:111,16,0,0
BRDA:111,17,0,0
BRDA:111,17,1,0
BRDA:114,18,0,0
BRDA:114,18,1,0
BRDA:122,19,0,0
BRDA:123,20,0,0
BRDA:123,21,0,0
BRDA:123,21,1,0
BRDA:123,21,2,0
BRDA:132,22,0,0
BRDA:132,22,1,0
BRDA:158,23,0,0
BRDA:158,23,1,0
BRDA:167,24,0,0
BRDA:167,25,0,0
BRDA:167,25,1,0
BRDA:167,25,2,0
BRDA:174,26,0,0
BRDA:174,26,1,0
BRDA:175,27,0,0
BRDA:175,27,1,0
BRDA:186,28,0,0
BRDA:186,28,1,0
BRDA:187,29,0,0
BRDA:187,29,1,0
BRDA:197,30,0,0
BRDA:197,31,0,0
BRDA:197,31,1,0
BRDA:208,32,0,0
BRDA:208,32,1,0
BRDA:237,33,0,0
BRDA:237,33,1,0
BRF:60
BRH:0
end_of_record
TN:
SF:src\lib\ai.ts
FN:22,generateConflictAdvice
FN:229,callGeminiChat
FN:245,(anonymous_8)
FN:272,analyzeMood
FN:278,(anonymous_10)
FN:304,generateDailyWhisper
FN:313,callGemini
FN:332,(anonymous_13)
FN:359,generateMarriageAdvice
FN:365,generateGameQuestions
FN:368,(anonymous_16)
FNF:11
FNH:0
FNDA:0,generateConflictAdvice
FNDA:0,callGeminiChat
FNDA:0,(anonymous_8)
FNDA:0,analyzeMood
FNDA:0,(anonymous_10)
FNDA:0,generateDailyWhisper
FNDA:0,callGemini
FNDA:0,(anonymous_13)
FNDA:0,generateMarriageAdvice
FNDA:0,generateGameQuestions
FNDA:0,(anonymous_16)
DA:5,0
DA:22,0
DA:29,0
DA:190,0
DA:213,0
DA:214,0
DA:222,0
DA:230,0
DA:231,0
DA:244,0
DA:245,0
DA:246,0
DA:249,0
DA:252,0
DA:253,0
DA:255,0
DA:256,0
DA:257,0
DA:260,0
DA:262,0
DA:264,0
DA:265,0
DA:267,0
DA:272,0
DA:276,0
DA:278,0
DA:280,0
DA:300,0
DA:304,0
DA:305,0
DA:309,0
DA:314,0
DA:315,0
DA:331,0
DA:332,0
DA:333,0
DA:336,0
DA:339,0
DA:340,0
DA:342,0
DA:343,0
DA:344,0
DA:347,0
DA:349,0
DA:351,0
DA:352,0
DA:354,0
DA:359,0
DA:360,0
DA:361,0
DA:362,0
DA:365,0
DA:366,0
DA:367,0
DA:368,0
LF:55
LH:0
BRDA:26,0,0,0
BRDA:27,1,0,0
BRDA:29,2,0,0
BRDA:29,2,1,0
BRDA:190,3,0,0
BRDA:190,3,1,0
BRDA:213,4,0,0
BRDA:244,5,0,0
BRDA:255,6,0,0
BRDA:264,7,0,0
BRDA:264,8,0,0
BRDA:264,8,1,0
BRDA:274,9,0,0
BRDA:276,10,0,0
BRDA:276,11,0,0
BRDA:276,11,1,0
BRDA:280,12,0,0
BRDA:280,12,1,0
BRDA:300,13,0,0
BRDA:300,13,1,0
BRDA:304,14,0,0
BRDA:305,15,0,0
BRDA:305,15,1,0
BRDA:309,16,0,0
BRDA:309,16,1,0
BRDA:331,17,0,0
BRDA:342,18,0,0
BRDA:351,19,0,0
BRDA:351,20,0,0
BRDA:351,20,1,0
BRDA:360,21,0,0
BRDA:362,22,0,0
BRDA:362,22,1,0
BRDA:365,23,0,0
BRF:34
BRH:0
end_of_record
TN:
SF:src\lib\api.ts
FN:13,(anonymous_1)
FN:49,(anonymous_2)
FN:58,(anonymous_3)
FN:64,(anonymous_4)
FN:67,(anonymous_5)
FN:73,(anonymous_6)
FN:75,(anonymous_7)
FN:81,(anonymous_8)
FN:84,(anonymous_9)
FN:87,(anonymous_10)
FN:90,(anonymous_11)
FN:93,(anonymous_12)
FN:96,(anonymous_13)
FN:102,(anonymous_14)
FN:105,(anonymous_15)
FN:108,(anonymous_16)
FN:111,(anonymous_17)
FN:114,(anonymous_18)
FN:117,(anonymous_19)
FN:120,(anonymous_20)
FN:123,(anonymous_21)
FN:126,(anonymous_22)
FN:132,(anonymous_23)
FN:135,(anonymous_24)
FN:138,(anonymous_25)
FN:141,(anonymous_26)
FN:144,(anonymous_27)
FN:147,(anonymous_28)
FN:153,(anonymous_29)
FN:156,(anonymous_30)
FN:159,(anonymous_31)
FN:162,(anonymous_32)
FN:165,(anonymous_33)
FN:168,(anonymous_34)
FN:171,(anonymous_35)
FN:177,(anonymous_36)
FN:180,(anonymous_37)
FN:183,(anonymous_38)
FN:186,(anonymous_39)
FN:189,(anonymous_40)
FN:192,(anonymous_41)
FN:198,(anonymous_42)
FN:201,(anonymous_43)
FN:204,(anonymous_44)
FN:207,(anonymous_45)
FN:210,(anonymous_46)
FN:17,(anonymous_47)
FN:21,(anonymous_48)
FN:40,(anonymous_49)
FNF:49
FNH:0
FNDA:0,(anonymous_1)
FNDA:0,(anonymous_2)
FNDA:0,(anonymous_3)
FNDA:0,(anonymous_4)
FNDA:0,(anonymous_5)
FNDA:0,(anonymous_6)
FNDA:0,(anonymous_7)
FNDA:0,(anonymous_8)
FNDA:0,(anonymous_9)
FNDA:0,(anonymous_10)
FNDA:0,(anonymous_11)
FNDA:0,(anonymous_12)
FNDA:0,(anonymous_13)
FNDA:0,(anonymous_14)
FNDA:0,(anonymous_15)
FNDA:0,(anonymous_16)
FNDA:0,(anonymous_17)
FNDA:0,(anonymous_18)
FNDA:0,(anonymous_19)
FNDA:0,(anonymous_20)
FNDA:0,(anonymous_21)
FNDA:0,(anonymous_22)
FNDA:0,(anonymous_23)
FNDA:0,(anonymous_24)
FNDA:0,(anonymous_25)
FNDA:0,(anonymous_26)
FNDA:0,(anonymous_27)
FNDA:0,(anonymous_28)
FNDA:0,(anonymous_29)
FNDA:0,(anonymous_30)
FNDA:0,(anonymous_31)
FNDA:0,(anonymous_32)
FNDA:0,(anonymous_33)
FNDA:0,(anonymous_34)
FNDA:0,(anonymous_35)
FNDA:0,(anonymous_36)
FNDA:0,(anonymous_37)
FNDA:0,(anonymous_38)
FNDA:0,(anonymous_39)
FNDA:0,(anonymous_40)
FNDA:0,(anonymous_41)
FNDA:0,(anonymous_42)
FNDA:0,(anonymous_43)
FNDA:0,(anonymous_44)
FNDA:0,(anonymous_45)
FNDA:0,(anonymous_46)
FNDA:0,(anonymous_47)
FNDA:0,(anonymous_48)
FNDA:0,(anonymous_49)
DA:1,0
DA:11,0
DA:14,0
DA:18,0
DA:22,0
DA:24,0
DA:29,0
DA:30,0
DA:33,0
DA:39,0
DA:40,0
DA:41,0
DA:44,0
DA:48,0
DA:56,0
DA:59,0
DA:65,0
DA:68,0
DA:73,0
DA:76,0
DA:80,0
DA:82,0
DA:85,0
DA:88,0
DA:91,0
DA:94,0
DA:97,0
DA:101,0
DA:103,0
DA:106,0
DA:109,0
DA:112,0
DA:115,0
DA:118,0
DA:121,0
DA:124,0
DA:127,0
DA:131,0
DA:133,0
DA:136,0
DA:139,0
DA:142,0
DA:145,0
DA:148,0
DA:152,0
DA:154,0
DA:157,0
DA:160,0
DA:163,0
DA:166,0
DA:169,0
DA:172,0
DA:176,0
DA:178,0
DA:181,0
DA:184,0
DA:187,0
DA:190,0
DA:193,0
DA:197,0
DA:199,0
DA:202,0
DA:205,0
DA:208,0
DA:211,0
DA:215,0
LF:66
LH:0
BRDA:1,0,0,0
BRDA:1,0,1,0
BRDA:103,1,0,0
BRDA:103,1,1,0
BRDA:198,2,0,0
BRDA:198,3,0,0
BRDA:21,4,0,0
BRDA:22,5,0,0
BRDA:22,6,0,0
BRDA:29,7,0,0
BRDA:36,8,0,0
BRDA:36,8,1,0
BRDA:39,9,0,0
BRDA:41,10,0,0
BRDA:41,10,1,0
BRF:15
BRH:0
end_of_record
TN:
SF:src\lib\sounds.ts
FN:7,(anonymous_1)
FN:17,(anonymous_2)
FN:27,(anonymous_3)
FN:39,(anonymous_4)
FN:47,(anonymous_5)
FN:56,(anonymous_6)
FN:63,(anonymous_7)
FN:69,(anonymous_8)
FN:74,(anonymous_9)
FN:78,(anonymous_10)
FNF:10
FNH:0
FNDA:0,(anonymous_1)
FNDA:0,(anonymous_2)
FNDA:0,(anonymous_3)
FNDA:0,(anonymous_4)
FNDA:0,(anonymous_5)
FNDA:0,(anonymous_6)
FNDA:0,(anonymous_7)
FNDA:0,(anonymous_8)
FNDA:0,(anonymous_9)
FNDA:0,(anonymous_10)
DA:3,0
DA:4,0
DA:5,0
DA:8,0
DA:9,0
DA:10,0
DA:11,0
DA:12,0
DA:13,0
DA:19,0
DA:27,0
DA:28,0
DA:29,0
DA:30,0
DA:31,0
DA:32,0
DA:34,0
DA:40,0
DA:42,0
DA:43,0
DA:44,0
DA:45,0
DA:46,0
DA:47,0
DA:51,0
DA:57,0
DA:58,0
DA:59,0
DA:64,0
DA:65,0
DA:66,0
DA:69,0
DA:70,0
DA:75,0
DA:79,0
DA:84,0
LF:36
LH:0
BRDA:8,0,0,0
BRDA:12,1,0,0
BRDA:12,1,1,0
BRDA:40,2,0,0
BRDA:43,3,0,0
BRDA:46,4,0,0
BRDA:46,4,1,0
BRDA:58,5,0,0
BRDA:65,6,0,0
BRF:9
BRH:0
end_of_record
TN:
SF:src\lib\utils.ts
FN:4,cn
FNF:1
FNH:0
FNDA:0,cn
DA:1,0
DA:2,0
DA:4,0
DA:5,0
LF:4
LH:0
BRF:0
BRH:0
end_of_record
TN:
SF:src\lib\validation-messages.ts
FN:44,(anonymous_5)
FN:45,(anonymous_6)
FN:56,getPasswordStrength
FN:80,validateSaudiPhone
FN:86,validateEmail
FNF:5
FNH:0
FNDA:0,(anonymous_5)
FNDA:0,(anonymous_6)
FNDA:0,getPasswordStrength
FNDA:0,validateSaudiPhone
FNDA:0,validateEmail
DA:4,0
DA:44,0
DA:45,0
DA:56,0
DA:61,0
DA:63,0
DA:64,0
DA:65,0
DA:66,0
DA:67,0
DA:68,0
DA:70,0
DA:71,0
DA:72,0
DA:73,0
DA:75,0
DA:80,0
DA:81,0
DA:82,0
DA:86,0
DA:87,0
LF:21
LH:0
BRDA:63,0,0,0
BRDA:64,1,0,0
BRDA:65,2,0,0
BRDA:66,3,0,0
BRDA:67,4,0,0
BRDA:68,5,0,0
BRDA:70,6,0,0
BRDA:70,6,1,0
BRDA:72,7,0,0
BRDA:72,7,1,0
BRF:10
BRH:0
end_of_record
TN:
SF:src\lib\admin\auth.ts
FN:6,getAdminSession
FN:30,requireAdminSession
FNF:2
FNH:0
FNDA:0,getAdminSession
FNDA:0,requireAdminSession
DA:1,0
DA:2,0
DA:4,0
DA:6,0
DA:7,0
DA:8,0
DA:9,0
DA:11,0
DA:12,0
DA:15,0
DA:20,0
DA:26,0
DA:30,0
DA:31,0
DA:33,0
DA:34,0
DA:37,0
LF:17
LH:0
BRDA:4,0,0,0
BRDA:4,0,1,0
BRDA:11,1,0,0
BRDA:33,2,0,0
BRF:4
BRH:0
end_of_record
TN:
SF:src\lib\admin\middleware.ts
FN:17,verifyAdmin
FN:48,unauthorizedResponse
FN:52,forbiddenResponse
FN:56,hasPermission
FNF:4
FNH:0
FNDA:0,verifyAdmin
FNDA:0,unauthorizedResponse
FNDA:0,forbiddenResponse
FNDA:0,hasPermission
DA:1,0
DA:2,0
DA:3,0
DA:17,0
DA:22,0
DA:24,0
DA:25,0
DA:26,0
DA:30,0
DA:31,0
DA:37,0
DA:38,0
DA:41,0
DA:43,0
DA:44,0
DA:48,0
DA:49,0
DA:52,0
DA:53,0
DA:56,0
DA:57,0
DA:58,0
LF:22
LH:0
BRDA:25,0,0,0
BRDA:25,1,0,0
BRDA:25,1,1,0
BRDA:37,2,0,0
BRDA:37,3,0,0
BRDA:37,3,1,0
BRDA:48,4,0,0
BRDA:52,5,0,0
BRDA:57,6,0,0
BRF:9
BRH:0
end_of_record
TN:
SF:src\lib\supabase\client.ts
FN:3,createClient
FNF:1
FNH:0
FNDA:0,createClient
DA:1,0
DA:3,0
DA:4,0
LF:3
LH:0
BRF:0
BRH:0
end_of_record
TN:
SF:src\lib\supabase\middleware.ts
FN:4,updateSession
FN:14,(anonymous_2)
FN:17,(anonymous_3)
FN:18,(anonymous_4)
FN:22,(anonymous_5)
FN:40,(anonymous_6)
FN:50,(anonymous_7)
FNF:7
FNH:0
FNDA:0,updateSession
FNDA:0,(anonymous_2)
FNDA:0,(anonymous_3)
FNDA:0,(anonymous_4)
FNDA:0,(anonymous_5)
FNDA:0,(anonymous_6)
FNDA:0,(anonymous_7)
DA:1,0
DA:2,0
DA:4,0
DA:5,0
DA:9,0
DA:15,0
DA:18,0
DA:19,0
DA:22,0
DA:23,0
DA:36,0
DA:39,0
DA:40,0
DA:42,0
DA:43,0
DA:44,0
DA:45,0
DA:49,0
DA:50,0
DA:52,0
DA:53,0
DA:54,0
DA:55,0
DA:71,0
LF:24
LH:0
BRDA:42,0,0,0
BRDA:42,1,0,0
BRDA:42,1,1,0
BRDA:52,2,0,0
BRDA:52,3,0,0
BRDA:52,3,1,0
BRF:6
BRH:0
end_of_record
TN:
SF:src\lib\supabase\server.ts
FN:4,createClient
FN:12,(anonymous_4)
FN:15,(anonymous_5)
FN:17,(anonymous_6)
FN:30,createAdminClient
FN:40,(anonymous_8)
FN:43,(anonymous_9)
FNF:7
FNH:0
FNDA:0,createClient
FNDA:0,(anonymous_4)
FNDA:0,(anonymous_5)
FNDA:0,(anonymous_6)
FNDA:0,createAdminClient
FNDA:0,(anonymous_8)
FNDA:0,(anonymous_9)
DA:1,0
DA:2,0
DA:4,0
DA:5,0
DA:7,0
DA:13,0
DA:16,0
DA:17,0
DA:18,0
DA:30,0
DA:31,0
DA:32,0
DA:35,0
DA:41,0
LF:14
LH:0
BRDA:31,0,0,0
BRF:1
BRH:0
end_of_record
TN:
SF:src\stores\auth-store.ts
FN:40,(anonymous_1)
FN:48,(anonymous_2)
FN:51,(anonymous_3)
FN:54,(anonymous_4)
FN:57,(anonymous_5)
FN:60,(anonymous_6)
FN:72,(anonymous_7)
FNF:7
FNH:0
FNDA:0,(anonymous_1)
FNDA:0,(anonymous_2)
FNDA:0,(anonymous_3)
FNDA:0,(anonymous_4)
FNDA:0,(anonymous_5)
FNDA:0,(anonymous_6)
FNDA:0,(anonymous_7)
DA:1,0
DA:2,0
DA:38,0
DA:40,0
DA:49,0
DA:52,0
DA:55,0
DA:58,0
DA:61,0
DA:72,0
LF:10
LH:0
BRF:0
BRH:0
end_of_record
TN:
SF:src\stores\game-store.ts
FN:17,(anonymous_1)
FN:24,(anonymous_2)
FN:27,(anonymous_3)
FN:30,(anonymous_4)
FN:33,(anonymous_5)
FNF:5
FNH:0
FNDA:0,(anonymous_1)
FNDA:0,(anonymous_2)
FNDA:0,(anonymous_3)
FNDA:0,(anonymous_4)
FNDA:0,(anonymous_5)
DA:1,0
DA:17,0
DA:25,0
DA:28,0
DA:31,0
DA:34,0
LF:6
LH:0
BRF:0
BRH:0
end_of_record
TN:
SF:src\stores\settings-store.ts
FN:24,(anonymous_3)
FN:27,(anonymous_4)
FN:34,(anonymous_5)
FN:38,(anonymous_6)
FN:43,(anonymous_7)
FN:52,initializeSettings
FNF:6
FNH:0
FNDA:0,(anonymous_3)
FNDA:0,(anonymous_4)
FNDA:0,(anonymous_5)
FNDA:0,(anonymous_6)
FNDA:0,(anonymous_7)
FNDA:0,initializeSettings
DA:1,0
DA:2,0
DA:22,0
DA:24,0
DA:27,0
DA:34,0
DA:38,0
DA:43,0
DA:52,0
DA:54,0
DA:55,0
DA:56,0
DA:57,0
DA:58,0
LF:14
LH:0
BRDA:54,0,0,0
BRF:1
BRH:0
end_of_record
TN:
SF:src\utils\test-utils.tsx
FN:5,(anonymous_10)
FN:10,(anonymous_11)
FNF:2
FNH:0
FNDA:0,(anonymous_10)
FNDA:0,(anonymous_11)
DA:2,0
DA:5,0
DA:10,0
DA:13,0
DA:17,0
DA:20,0
DA:28,0
DA:36,0
DA:44,0
DA:53,0
LF:10
LH:0
BRF:0
BRH:0
end_of_record
